2024-06-12 12:40:50,450 [INFO] Activator:176 - 


2024-06-12 12:40:50,462 [INFO] Activator:177 - !SESSION log4j initialized
2024-06-12 12:41:01,721 [INFO] LogOutputStream:77 - [STDOUT_REDIRECT] 
2024-06-12 12:41:03,682 [INFO] ApplicationProperties:184 - Using Application install path: C:\ST\STM32CubeIDE_1.14.1\STM32CubeIDE\plugins\com.st.stm32cube.common.mx_6.10.0.202311202037
2024-06-12 12:41:03,706 [INFO] DbMcusXml:78 - Set database path to: C:\ST\STM32CubeIDE_1.14.1\STM32CubeIDE\plugins\com.st.stm32cube.common.mx_6.10.0.202311202037\\db\/mcu/
2024-06-12 12:41:03,706 [INFO] ApiDb:274 - Set plugin database path to: C:\ST\STM32CubeIDE_1.14.1\STM32CubeIDE\plugins\com.st.stm32cube.common.mx_6.10.0.202311202037\\db\/plugins/boardmanager/
2024-06-12 12:41:03,707 [WARN] ApiDb:259 - Overriding images path with different value:  => C:\ST\STM32CubeIDE_1.14.1\STM32CubeIDE\plugins\com.st.stm32cube.common.mx_6.10.0.202311202037\\db\/plugins/mcufinder/images/
2024-06-12 12:41:03,720 [INFO] ApiDb:250 - Set database path to: C:\Users\ACER\.stmcufinder\plugins\mcufinder//mcu/
2024-06-12 12:41:03,722 [INFO] DbMcusAds:125 - Set database path to: C:\Users\ACER\.stmcufinder\plugins\mcufinder//mcu/
2024-06-12 12:41:03,724 [INFO] CrossReferenceDbSqlite:203 - Set database path to: C:\Users\ACER\.stmcufinder\plugins\mcufinder//mcu/cs/
2024-06-12 12:41:03,838 [INFO] RulesReader:64 - Compatibility file has been processed (297 Rules)
2024-06-12 12:41:03,919 [INFO] DbMcusXml:78 - Set database path to: C:\ST\STM32CubeIDE_1.14.1\STM32CubeIDE\plugins\com.st.stm32cube.common.mx_6.10.0.202311202037\\db\/mcu/
2024-06-12 12:41:03,920 [INFO] ApiDb:274 - Set plugin database path to: C:\ST\STM32CubeIDE_1.14.1\STM32CubeIDE\plugins\com.st.stm32cube.common.mx_6.10.0.202311202037\\db\/plugins/boardmanager/
2024-06-12 12:41:03,920 [INFO] ApiDb:261 - Set plugin images path to: C:\ST\STM32CubeIDE_1.14.1\STM32CubeIDE\plugins\com.st.stm32cube.common.mx_6.10.0.202311202037\\db\/plugins/mcufinder/images/
2024-06-12 12:41:03,920 [WARN] DbFile:41 - Overriding database path with different value: C:\Users\ACER\.stmcufinder\plugins\mcufinder/ => C:\Users\ACER\.stmcufinder\plugins\mcufinder
2024-06-12 12:41:03,920 [INFO] ApiDb:250 - Set database path to: C:\Users\ACER\.stmcufinder\plugins\mcufinder//mcu/
2024-06-12 12:41:03,920 [WARN] DbFile:41 - Overriding database path with different value: C:\Users\ACER\.stmcufinder\plugins\mcufinder/ => C:\Users\ACER\.stmcufinder\plugins\mcufinder
2024-06-12 12:41:03,920 [INFO] DbMcusAds:125 - Set database path to: C:\Users\ACER\.stmcufinder\plugins\mcufinder//mcu/
2024-06-12 12:41:03,920 [WARN] DbFile:41 - Overriding database path with different value: C:\Users\ACER\.stmcufinder\plugins\mcufinder/ => C:\Users\ACER\.stmcufinder\plugins\mcufinder
2024-06-12 12:41:03,920 [WARN] DbFile:41 - Overriding database path with different value: C:\Users\ACER\.stmcufinder\plugins\mcufinder/ => C:\Users\ACER\.stmcufinder\plugins\mcufinder
2024-06-12 12:41:03,920 [INFO] CrossReferenceDbSqlite:203 - Set database path to: C:\Users\ACER\.stmcufinder\plugins\mcufinder//mcu/cs/
2024-06-12 12:41:03,996 [INFO] MainPanel:264 - HeapMemory: 268435456
2024-06-12 12:41:04,095 [INFO] DbMcusXml:78 - Set database path to: C:\ST\STM32CubeIDE_1.14.1\STM32CubeIDE\plugins\com.st.stm32cube.common.mx_6.10.0.202311202037\\db\/mcu/
2024-06-12 12:41:04,095 [INFO] ApiDb:274 - Set plugin database path to: C:\ST\STM32CubeIDE_1.14.1\STM32CubeIDE\plugins\com.st.stm32cube.common.mx_6.10.0.202311202037\\db\/plugins/boardmanager/
2024-06-12 12:41:04,095 [INFO] ApiDb:261 - Set plugin images path to: C:\ST\STM32CubeIDE_1.14.1\STM32CubeIDE\plugins\com.st.stm32cube.common.mx_6.10.0.202311202037\\db\/plugins/mcufinder/images/
2024-06-12 12:41:04,095 [WARN] DbFile:41 - Overriding database path with different value: C:\Users\ACER\.stmcufinder\plugins\mcufinder/ => C:\Users\ACER\.stmcufinder\plugins\mcufinder
2024-06-12 12:41:04,095 [INFO] ApiDb:250 - Set database path to: C:\Users\ACER\.stmcufinder\plugins\mcufinder//mcu/
2024-06-12 12:41:04,095 [WARN] DbFile:41 - Overriding database path with different value: C:\Users\ACER\.stmcufinder\plugins\mcufinder/ => C:\Users\ACER\.stmcufinder\plugins\mcufinder
2024-06-12 12:41:04,096 [INFO] DbMcusAds:125 - Set database path to: C:\Users\ACER\.stmcufinder\plugins\mcufinder//mcu/
2024-06-12 12:41:04,096 [WARN] DbFile:41 - Overriding database path with different value: C:\Users\ACER\.stmcufinder\plugins\mcufinder/ => C:\Users\ACER\.stmcufinder\plugins\mcufinder
2024-06-12 12:41:04,096 [WARN] DbFile:41 - Overriding database path with different value: C:\Users\ACER\.stmcufinder\plugins\mcufinder/ => C:\Users\ACER\.stmcufinder\plugins\mcufinder
2024-06-12 12:41:04,096 [INFO] CrossReferenceDbSqlite:203 - Set database path to: C:\Users\ACER\.stmcufinder\plugins\mcufinder//mcu/cs/
2024-06-12 12:41:04,114 [INFO] ApplicationProperties:184 - Using Application install path: C:\ST\STM32CubeIDE_1.14.1\STM32CubeIDE\plugins\com.st.stm32cube.common.mx_6.10.0.202311202037
2024-06-12 12:41:04,116 [INFO] PluginManage:196 - Search for loadable plugins [exclusion list=, ]
2024-06-12 12:41:04,117 [INFO] PluginManage:310 - Check plugin analytics
2024-06-12 12:41:04,262 [INFO] AnalyticsPlugin:253 - Accepted Software Licenses: 
2024-06-12 12:41:04,262 [INFO] AnalyticsPlugin:255 - Accepted CMSIS Pack Licenses: 
2024-06-12 12:41:04,262 [INFO] AnalyticsPlugin:257 - Accepted Firmware Licenses: 
2024-06-12 12:41:04,264 [INFO] PluginManage:359 - Loaded plugin analytics (category:tool,tabindex:-1)
2024-06-12 12:41:04,265 [INFO] PluginManage:310 - Check plugin cadmodel
2024-06-12 12:41:04,282 [INFO] CADModel:105 - Init CAD model plugin
2024-06-12 12:41:04,282 [INFO] PluginManage:359 - Loaded plugin cadmodel (category:power,tabindex:5)
2024-06-12 12:41:04,283 [INFO] PluginManage:310 - Check plugin clock
2024-06-12 12:41:04,301 [INFO] PluginManage:359 - Loaded plugin clock (category:base,tabindex:2)
2024-06-12 12:41:04,302 [INFO] PluginManage:310 - Check plugin ddr
2024-06-12 12:41:04,304 [INFO] PluginManage:359 - Loaded plugin ddr (category:tool,tabindex:6)
2024-06-12 12:41:04,304 [INFO] PluginManage:310 - Check plugin filemanager
2024-06-12 12:41:04,433 [INFO] PluginManage:359 - Loaded plugin filemanager (category:base,tabindex:10)
2024-06-12 12:41:04,434 [INFO] PluginManage:310 - Check plugin ipmanager
2024-06-12 12:41:04,440 [INFO] PluginManage:359 - Loaded plugin ipmanager (category:base,tabindex:5)
2024-06-12 12:41:04,440 [INFO] PluginManage:310 - Check plugin lpbam
2024-06-12 12:41:04,455 [INFO] PluginManage:359 - Loaded plugin lpbam (category:base,tabindex:0)
2024-06-12 12:41:04,456 [INFO] PluginManage:310 - Check plugin memorymap
2024-06-12 12:41:04,477 [INFO] PluginManage:359 - Loaded plugin memorymap (category:base,tabindex:4)
2024-06-12 12:41:04,477 [INFO] PluginManage:310 - Check plugin pinoutandconfiguration
2024-06-12 12:41:04,495 [INFO] PluginManage:359 - Loaded plugin pinoutandconfiguration (category:base,tabindex:1)
2024-06-12 12:41:04,495 [INFO] PluginManage:310 - Check plugin pinoutconfig
2024-06-12 12:41:04,584 [WARN] SupportedApi:132 - Cannot load RTOS API schema: s4s-elt-must-match.1: The content of 'definitions' must match (annotation?, (simpleType | complexType)?, (unique | key | keyref)*)). A problem was found starting at: attribute.
2024-06-12 12:41:04,704 [INFO] PluginManage:359 - Loaded plugin pinoutconfig (category:base,tabindex:0)
2024-06-12 12:41:04,704 [INFO] PluginManage:310 - Check plugin power
2024-06-12 12:41:04,722 [INFO] PluginManage:359 - Loaded plugin power (category:power,tabindex:4)
2024-06-12 12:41:04,722 [INFO] PluginManage:310 - Check plugin projectmanager
2024-06-12 12:41:04,737 [INFO] PluginManage:359 - Loaded plugin projectmanager (category:projectmanager,tabindex:3)
2024-06-12 12:41:04,737 [INFO] PluginManage:310 - Check plugin thirdparty
2024-06-12 12:41:05,038 [INFO] PluginManage:359 - Loaded plugin thirdparty (category:base,tabindex:-1)
2024-06-12 12:41:05,038 [WARN] IntegrityCheckThread:84 - waiting for thirdparty lock release [integrity check]
2024-06-12 12:41:05,038 [INFO] PluginManage:310 - Check plugin tools
2024-06-12 12:41:05,038 [INFO] IntegrityCheckThread:86 - entering critical section [integrity check]
2024-06-12 12:41:05,038 [INFO] ThirdPartyUpdaterWithRetryManager:70 - Updater plugin not ready yet. [1/15]
2024-06-12 12:41:05,070 [INFO] PluginManage:359 - Loaded plugin tools (category:base,tabindex:7)
2024-06-12 12:41:05,070 [INFO] PluginManage:310 - Check plugin tutovideos
2024-06-12 12:41:05,269 [INFO] PluginManage:359 - Loaded plugin tutovideos (category:base,tabindex:-1)
2024-06-12 12:41:05,270 [INFO] PluginManage:310 - Check plugin updater
2024-06-12 12:41:05,283 [INFO] PluginManage:359 - Loaded plugin updater (category:base,tabindex:12)
2024-06-12 12:41:05,283 [INFO] PluginManage:310 - Check plugin userauth
2024-06-12 12:41:05,289 [INFO] UserAuth:114 - Init User Auth plugin
2024-06-12 12:41:05,289 [INFO] PluginManage:359 - Loaded plugin userauth (category:base,tabindex:14)
2024-06-12 12:41:05,290 [INFO] PluginManage:283 - PluginManage : Loaded plugins [17]
2024-06-12 12:41:05,507 [INFO] PinOutPanel:1499 - setPackage(No Configuration,No Configuration)
2024-06-12 12:41:05,586 [INFO] CADModel:165 - CPN selected for project level
2024-06-12 12:41:05,586 [INFO] CADModel:114 - Register for checkConnection events
2024-06-12 12:41:05,617 [INFO] IPUIPlugin:80 - create IPUIPlugin
2024-06-12 12:41:05,617 [INFO] PluginManager:220 - loadIPPluginJar : add adc
2024-06-12 12:41:05,648 [INFO] IPUIPlugin:80 - create IPUIPlugin
2024-06-12 12:41:05,648 [INFO] PluginManager:220 - loadIPPluginJar : add aes
2024-06-12 12:41:05,695 [INFO] IPUIPlugin:80 - create IPUIPlugin
2024-06-12 12:41:05,695 [INFO] PluginManager:220 - loadIPPluginJar : add can
2024-06-12 12:41:05,711 [INFO] IPUIPlugin:80 - create IPUIPlugin
2024-06-12 12:41:05,711 [INFO] PluginManager:220 - loadIPPluginJar : add comp
2024-06-12 12:41:05,742 [INFO] IPUIPlugin:80 - create IPUIPlugin
2024-06-12 12:41:05,742 [INFO] PluginManager:220 - loadIPPluginJar : add cryp
2024-06-12 12:41:05,773 [INFO] IPUIPlugin:80 - create IPUIPlugin
2024-06-12 12:41:05,773 [INFO] PluginManager:220 - loadIPPluginJar : add dfsdm
2024-06-12 12:41:05,773 [INFO] IPUIPlugin:80 - create IPUIPlugin
2024-06-12 12:41:05,789 [INFO] PluginManager:220 - loadIPPluginJar : add dma
2024-06-12 12:41:05,820 [INFO] IPUIPlugin:80 - create IPUIPlugin
2024-06-12 12:41:05,820 [INFO] PluginManager:220 - loadIPPluginJar : add dma3
2024-06-12 12:41:05,851 [INFO] IPUIPlugin:80 - create IPUIPlugin
2024-06-12 12:41:05,851 [INFO] PluginManager:220 - loadIPPluginJar : add fatfs
2024-06-12 12:41:05,898 [INFO] IPUIPlugin:80 - create IPUIPlugin
2024-06-12 12:41:05,898 [INFO] PluginManager:220 - loadIPPluginJar : add fmc
2024-06-12 12:41:05,898 [INFO] IPUIPlugin:80 - create IPUIPlugin
2024-06-12 12:41:05,914 [INFO] PluginManager:220 - loadIPPluginJar : add freertos
2024-06-12 12:41:05,929 [INFO] IPUIPlugin:80 - create IPUIPlugin
2024-06-12 12:41:05,929 [INFO] PluginManager:220 - loadIPPluginJar : add genericplugin
2024-06-12 12:41:06,007 [INFO] IPUIPlugin:80 - create IPUIPlugin
2024-06-12 12:41:06,007 [INFO] PluginManager:220 - loadIPPluginJar : add gfxmmu
2024-06-12 12:41:06,132 [INFO] IPUIPlugin:80 - create IPUIPlugin
2024-06-12 12:41:06,132 [INFO] PluginManager:220 - loadIPPluginJar : add gic
2024-06-12 12:41:06,148 [INFO] IPUIPlugin:80 - create IPUIPlugin
2024-06-12 12:41:06,148 [INFO] PluginManager:220 - loadIPPluginJar : add gpio
2024-06-12 12:41:06,226 [INFO] IPUIPlugin:80 - create IPUIPlugin
2024-06-12 12:41:06,226 [INFO] PluginManager:220 - loadIPPluginJar : add gtzc
2024-06-12 12:41:06,257 [INFO] IPUIPlugin:80 - create IPUIPlugin
2024-06-12 12:41:06,257 [INFO] PluginManager:220 - loadIPPluginJar : add hash
2024-06-12 12:41:06,304 [INFO] IPUIPlugin:80 - create IPUIPlugin
2024-06-12 12:41:06,304 [INFO] PluginManager:220 - loadIPPluginJar : add i2c
2024-06-12 12:41:06,336 [INFO] IPUIPlugin:80 - create IPUIPlugin
2024-06-12 12:41:06,336 [INFO] PluginManager:220 - loadIPPluginJar : add i2s
2024-06-12 12:41:06,382 [INFO] IPUIPlugin:80 - create IPUIPlugin
2024-06-12 12:41:06,382 [INFO] PluginManager:220 - loadIPPluginJar : add i3c
2024-06-12 12:41:06,476 [INFO] IPUIPlugin:80 - create IPUIPlugin
2024-06-12 12:41:06,476 [INFO] PluginManager:220 - loadIPPluginJar : add ipddr
2024-06-12 12:41:06,570 [INFO] IPUIPlugin:80 - create IPUIPlugin
2024-06-12 12:41:06,570 [INFO] PluginManager:220 - loadIPPluginJar : add linkedlist
2024-06-12 12:41:06,601 [INFO] IPUIPlugin:80 - create IPUIPlugin
2024-06-12 12:41:06,601 [INFO] PluginManager:220 - loadIPPluginJar : add lorawan
2024-06-12 12:41:06,632 [INFO] IPUIPlugin:80 - create IPUIPlugin
2024-06-12 12:41:06,632 [INFO] PluginManager:220 - loadIPPluginJar : add ltdc
2024-06-12 12:41:06,648 [INFO] IPUIPlugin:80 - create IPUIPlugin
2024-06-12 12:41:06,648 [INFO] PluginManager:220 - loadIPPluginJar : add mdma
2024-06-12 12:41:06,664 [INFO] IPUIPlugin:80 - create IPUIPlugin
2024-06-12 12:41:06,664 [INFO] PluginManager:220 - loadIPPluginJar : add nvic
2024-06-12 12:41:06,695 [INFO] IPUIPlugin:80 - create IPUIPlugin
2024-06-12 12:41:06,695 [INFO] PluginManager:220 - loadIPPluginJar : add opamp
2024-06-12 12:41:06,757 [INFO] IPUIPlugin:80 - create IPUIPlugin
2024-06-12 12:41:06,757 [INFO] PluginManager:220 - loadIPPluginJar : add openamp
2024-06-12 12:41:06,789 [INFO] IPUIPlugin:80 - create IPUIPlugin
2024-06-12 12:41:06,789 [INFO] PluginManager:220 - loadIPPluginJar : add pdm2pcm
2024-06-12 12:41:06,804 [INFO] IPUIPlugin:80 - create IPUIPlugin
2024-06-12 12:41:06,804 [INFO] PluginManager:220 - loadIPPluginJar : add plateformsettings
2024-06-12 12:41:06,820 [INFO] IPUIPlugin:80 - create IPUIPlugin
2024-06-12 12:41:06,820 [INFO] PluginManager:220 - loadIPPluginJar : add quadspi
2024-06-12 12:41:06,836 [INFO] IPUIPlugin:80 - create IPUIPlugin
2024-06-12 12:41:06,836 [INFO] PluginManager:220 - loadIPPluginJar : add resmgrutility
2024-06-12 12:41:06,882 [INFO] IPUIPlugin:80 - create IPUIPlugin
2024-06-12 12:41:06,882 [INFO] PluginManager:220 - loadIPPluginJar : add sai
2024-06-12 12:41:06,914 [INFO] IPUIPlugin:80 - create IPUIPlugin
2024-06-12 12:41:06,914 [INFO] PluginManager:220 - loadIPPluginJar : add spi
2024-06-12 12:41:06,976 [INFO] IPUIPlugin:80 - create IPUIPlugin
2024-06-12 12:41:06,976 [INFO] PluginManager:220 - loadIPPluginJar : add stm32_wpan
2024-06-12 12:41:06,992 [INFO] IPUIPlugin:80 - create IPUIPlugin
2024-06-12 12:41:06,992 [INFO] PluginManager:220 - loadIPPluginJar : add tim
2024-06-12 12:41:07,054 [INFO] IPUIPlugin:80 - create IPUIPlugin
2024-06-12 12:41:07,054 [INFO] PluginManager:220 - loadIPPluginJar : add touchsensing
2024-06-12 12:41:07,070 [INFO] IPUIPlugin:80 - create IPUIPlugin
2024-06-12 12:41:07,070 [INFO] PluginManager:220 - loadIPPluginJar : add tracer_emb
2024-06-12 12:41:07,101 [INFO] IPUIPlugin:80 - create IPUIPlugin
2024-06-12 12:41:07,101 [INFO] PluginManager:220 - loadIPPluginJar : add ts
2024-06-12 12:41:07,117 [INFO] IPUIPlugin:80 - create IPUIPlugin
2024-06-12 12:41:07,117 [INFO] PluginManager:220 - loadIPPluginJar : add tsc
2024-06-12 12:41:07,132 [INFO] IPUIPlugin:80 - create IPUIPlugin
2024-06-12 12:41:07,132 [INFO] PluginManager:220 - loadIPPluginJar : add ucpd
2024-06-12 12:41:07,179 [INFO] IPUIPlugin:80 - create IPUIPlugin
2024-06-12 12:41:07,179 [INFO] PluginManager:220 - loadIPPluginJar : add usart
2024-06-12 12:41:07,211 [INFO] IPUIPlugin:80 - create IPUIPlugin
2024-06-12 12:41:07,211 [INFO] PluginManager:220 - loadIPPluginJar : add usbx
2024-06-12 12:41:07,352 [INFO] CADModel:165 - CPN selected for project level
2024-06-12 12:41:07,352 [INFO] CADModel:114 - Register for checkConnection events
2024-06-12 12:41:07,352 [FATAL] Updater:308 - Updater called before beeing initialized
2024-06-12 12:41:07,352 [ERROR] CADModel:125 - Updater not yet initialized, retry later 
2024-06-12 12:41:07,508 [INFO] CADModel:165 - CPN selected for project level
2024-06-12 12:41:07,508 [INFO] CADModel:114 - Register for checkConnection events
2024-06-12 12:41:07,508 [FATAL] Updater:308 - Updater called before beeing initialized
2024-06-12 12:41:07,508 [ERROR] CADModel:125 - Updater not yet initialized, retry later 
2024-06-12 12:41:07,524 [FATAL] Updater:308 - Updater called before beeing initialized
2024-06-12 12:41:07,649 [FATAL] Updater:308 - Updater called before beeing initialized
2024-06-12 12:41:07,649 [INFO] DbMcusAds:53 - JSON generation date=Thu May 16 14:52:01 IST 2024 (1715851321456)
2024-06-12 12:41:07,649 [FATAL] Updater:308 - Updater called before beeing initialized
2024-06-12 12:41:07,742 [WARN] DetailPanel:346 - Failed to get advertising image, set to default
2024-06-12 12:41:07,837 [FATAL] Updater:308 - Updater called before beeing initialized
2024-06-12 12:41:07,837 [FATAL] Updater:308 - Updater called before beeing initialized
2024-06-12 12:41:07,837 [FATAL] Updater:308 - Updater called before beeing initialized
2024-06-12 12:41:07,837 [WARN] DetailPanel:346 - Failed to get advertising image, set to default
2024-06-12 12:41:07,837 [FATAL] Updater:308 - Updater called before beeing initialized
2024-06-12 12:41:07,899 [ERROR] Updater:1120 - MainUpdater not yet initialized. External WinMGr cannot be set.
2024-06-12 12:41:07,915 [INFO] Updater:1056 - Updater Version found : 6.10.0
2024-06-12 12:41:07,931 [INFO] ApplicationProperties:184 - Using Application install path: C:\ST\STM32CubeIDE_1.14.1\STM32CubeIDE\plugins\com.st.stm32cube.common.mx_6.10.0.202311202037
2024-06-12 12:41:08,050 [INFO] ThirdPartyUpdaterWithRetryManager:70 - Updater plugin not ready yet. [2/15]
2024-06-12 12:41:09,553 [ERROR] LogOutputStream:75 - [STDERR_REDIRECT] Jun 12, 2024 12:41:09 PM java.util.prefs.WindowsPreferences <init>
2024-06-12 12:41:09,553 [ERROR] LogOutputStream:75 - [STDERR_REDIRECT] WARNING: Could not open/create prefs root node Software\JavaSoft\Prefs at root 0xffffffff80000002. Windows RegCreateKeyEx(...) returned error code 5.
2024-06-12 12:41:09,553 [ERROR] LogOutputStream:75 - [STDERR_REDIRECT] 
2024-06-12 12:41:10,344 [INFO] MainUpdater:2873 - connection check result : 10
2024-06-12 12:41:10,344 [INFO] MainUpdater:290 - Updater Check For Update Now.
2024-06-12 12:41:10,344 [INFO] MicroXplorer:498 - Change Database Version : DB.6.0.100
2024-06-12 12:41:10,375 [INFO] McuFinderGlobals:63 - Set McuFinder mode to 2 (CubeIDE integrated)
2024-06-12 12:41:10,391 [INFO] UserAuth:404 - Internet connection configuration mode: 1
2024-06-12 12:41:10,438 [INFO] JxBrowserEngine:152 - Initiate JxBrowser Engine with user profile folder
2024-06-12 12:41:10,617 [INFO] CheckServerUpdateThread:120 - End of CheckServer Thread
2024-06-12 12:41:11,267 [WARN] PackLoader:240 - Cannot read IP mode file for STMicroelectronics.FP-SNS-MOTENVWB1.1.4.0
2024-06-12 12:41:11,300 [WARN] PackLoader:240 - Cannot read IP mode file for STMicroelectronics.X-CUBE-SMBUS.2.1.0
2024-06-12 12:41:11,317 [WARN] PackLoader:240 - Cannot read IP mode file for STMicroelectronics.X-CUBE-TOUCHGFX.4.23.0
2024-06-12 12:41:11,330 [WARN] PackLoader:240 - Cannot read IP mode file for STMicroelectronics.X-CUBE-TOUCHGFX.4.23.2
2024-06-12 12:41:11,378 [WARN] PackLoader:240 - Cannot read IP mode file for STMicroelectronics.X-CUBE-AZRTOS-F7.1.1.0
2024-06-12 12:41:11,410 [WARN] PackLoader:240 - Cannot read IP mode file for STMicroelectronics.FP-SNS-MOTENV1.4.3.2
2024-06-12 12:41:11,441 [WARN] PackLoader:240 - Cannot read IP mode file for STMicroelectronics.X-CUBE-BLE1.6.2.4
2024-06-12 12:41:11,457 [WARN] PackLoader:240 - Cannot read IP mode file for STMicroelectronics.X-CUBE-DISPLAY.3.0.0
2024-06-12 12:41:11,488 [WARN] PackLoader:240 - Cannot read IP mode file for STMicroelectronics.X-CUBE-BLE1.7.0.0
2024-06-12 12:41:11,503 [WARN] PackLoader:240 - Cannot read IP mode file for emotas.I-CUBE-CANOPEN.1.3.0
2024-06-12 12:41:11,535 [WARN] PackLoader:240 - Cannot read IP mode file for STMicroelectronics.X-CUBE-TOUCHGFX.4.22.0
2024-06-12 12:41:11,566 [WARN] PackLoader:240 - Cannot read IP mode file for STMicroelectronics.X-CUBE-BLEMGR.3.1.0
2024-06-12 12:41:11,597 [INFO] LogOutputStream:77 - [STDOUT_REDIRECT] 1 : Invalid condition id : UX_CORESTACK_Condition cause : null
2024-06-12 12:41:11,597 [INFO] LogOutputStream:77 - [STDOUT_REDIRECT] 1 : Invalid condition id : UX_CORESTACK_Condition cause : null
2024-06-12 12:41:11,597 [INFO] LogOutputStream:77 - [STDOUT_REDIRECT] 1 : Invalid condition id : UX_CORESTACK_Condition cause : null
2024-06-12 12:41:11,597 [INFO] LogOutputStream:77 - [STDOUT_REDIRECT] 1 : Invalid condition id : UX_CORESTACK_Condition cause : null
2024-06-12 12:41:11,597 [INFO] LogOutputStream:77 - [STDOUT_REDIRECT] 1 : Invalid condition id : UX_CORESTACK_Condition cause : null
2024-06-12 12:41:11,613 [WARN] PackLoader:240 - Cannot read IP mode file for STMicroelectronics.X-CUBE-AZRTOS-WL.2.0.0
2024-06-12 12:41:11,628 [WARN] PackLoader:240 - Cannot read IP mode file for STMicroelectronics.FP-SNS-MOTENV1.5.0.0
2024-06-12 12:41:11,660 [WARN] PackLoader:240 - Cannot read IP mode file for WES.I-CUBE-Cesium.1.3.0
2024-06-12 12:41:11,675 [WARN] PackLoader:240 - Cannot read IP mode file for STMicroelectronics.X-CUBE-BLE2.3.3.0
2024-06-12 12:41:11,691 [WARN] PackLoader:240 - Cannot read IP mode file for STMicroelectronics.X-CUBE-TCPP.4.1.0
2024-06-12 12:41:11,722 [WARN] PackLoader:240 - Cannot read IP mode file for STMicroelectronics.X-CUBE-ALGOBUILD.1.3.0
2024-06-12 12:41:11,753 [WARN] PackLoader:240 - Cannot read IP mode file for STMicroelectronics.X-CUBE-AZRTOS-G0.1.1.0
2024-06-12 12:41:11,785 [WARN] PackLoader:240 - Cannot read IP mode file for STMicroelectronics.X-CUBE-SAFEA1.1.2.2
2024-06-12 12:41:11,800 [WARN] PackLoader:240 - Cannot read IP mode file for STMicroelectronics.X-CUBE-NFC4.3.0.0
2024-06-12 12:41:11,816 [WARN] PackLoader:240 - Cannot read IP mode file for wolfSSL.I-CUBE-wolfMQTT.1.18.0
2024-06-12 12:41:11,847 [WARN] PackLoader:240 - Cannot read IP mode file for STMicroelectronics.X-CUBE-BLEMGR.3.0.0
2024-06-12 12:41:11,878 [WARN] PackLoader:240 - Cannot read IP mode file for STMicroelectronics.FP-ATR-SIGFOX1.3.2.0
2024-06-12 12:41:11,894 [WARN] PackLoader:240 - Cannot read IP mode file for STMicroelectronics.X-CUBE-EEPRMA1.5.1.0
2024-06-12 12:41:11,972 [WARN] PackLoader:240 - Cannot read IP mode file for SEGGER.I-CUBE-embOS.1.3.1
2024-06-12 12:41:12,050 [WARN] PackLoader:240 - Cannot read IP mode file for STMicroelectronics.X-CUBE-ALGOBUILD.1.4.0
2024-06-12 12:41:12,082 [WARN] PackLoader:240 - Cannot read IP mode file for STMicroelectronics.X-CUBE-GNSS1.6.0.0
2024-06-12 12:41:12,128 [WARN] PackLoader:240 - Cannot read IP mode file for STMicroelectronics.X-CUBE-AZRTOS-F4.1.1.0
2024-06-12 12:41:12,144 [WARN] PackLoader:240 - Cannot read IP mode file for STMicroelectronics.X-CUBE-FREERTOS.1.2.0
2024-06-12 12:41:12,191 [WARN] PackLoader:240 - Cannot read IP mode file for STMicroelectronics.X-CUBE-AZRTOS-L5.2.0.0
2024-06-12 12:41:12,254 [WARN] PackLoader:240 - Cannot read IP mode file for STMicroelectronics.X-CUBE-MEMS1.9.6.0
2024-06-12 12:41:12,487 [WARN] PackLoader:240 - Cannot read IP mode file for STMicroelectronics.X-CUBE-EEPRMA1.4.2.0
2024-06-12 12:41:12,508 [WARN] PackLoader:240 - Cannot read IP mode file for STMicroelectronics.X-CUBE-NFC6.3.1.0
2024-06-12 12:41:12,531 [WARN] PackLoader:240 - Cannot read IP mode file for STMicroelectronics.X-CUBE-BLEMGR.2.0.0
2024-06-12 12:41:12,546 [WARN] PackLoader:240 - Cannot read IP mode file for STMicroelectronics.X-CUBE-AI.9.0.0
2024-06-12 12:41:12,615 [WARN] ConditionMgr:438 - getConditionDescription Invalid condition id : UX DEVICE CLASS RTOS Condition cause : null
2024-06-12 12:41:12,619 [WARN] ConditionMgr:438 - getConditionDescription Invalid condition id : UX DEVICE CLASS RTOS Condition cause : null
2024-06-12 12:41:12,638 [WARN] PackLoader:240 - Cannot read IP mode file for STMicroelectronics.X-CUBE-AZRTOS-H7.3.1.0
2024-06-12 12:41:12,641 [WARN] ConditionMgr:1039 - genDependencies : Invalid condition id : UX DEVICE CLASS RTOS Condition cause : null
2024-06-12 12:41:12,641 [WARN] ConditionMgr:1039 - genDependencies : Invalid condition id : UX DEVICE CLASS RTOS Condition cause : null
2024-06-12 12:41:12,643 [WARN] ConditionMgr:1039 - genDependencies : Invalid condition id : UX DEVICE CLASS RTOS Condition cause : null
2024-06-12 12:41:12,645 [WARN] ConditionMgr:1039 - genDependencies : Invalid condition id : UX DEVICE CLASS RTOS Condition cause : null
2024-06-12 12:41:12,645 [WARN] ConditionMgr:1039 - genDependencies : Invalid condition id : UX DEVICE CLASS RTOS Condition cause : null
2024-06-12 12:41:12,681 [WARN] PackLoader:240 - Cannot read IP mode file for STMicroelectronics.X-CUBE-NFC7.1.0.1
2024-06-12 12:41:12,748 [WARN] PackLoader:240 - Cannot read IP mode file for STMicroelectronics.X-CUBE-NFC6.3.0.0
2024-06-12 12:41:12,802 [WARN] PackLoader:240 - Cannot read IP mode file for STMicroelectronics.X-CUBE-EEPRMA1.4.1.0
2024-06-12 12:41:12,839 [WARN] PackLoader:240 - Cannot read IP mode file for STMicroelectronics.X-CUBE-AI.8.1.0
2024-06-12 12:41:12,920 [WARN] ConditionMgr:438 - getConditionDescription Invalid condition id : LAN8742 Phy interface Condition cause : null
2024-06-12 12:41:12,920 [WARN] PackLoader:240 - Cannot read IP mode file for STMicroelectronics.X-CUBE-AZRTOS-L4.2.0.0
2024-06-12 12:41:12,920 [WARN] ConditionMgr:1039 - genDependencies : Invalid condition id : LAN8742 Phy interface Condition cause : null
2024-06-12 12:41:12,920 [WARN] ConditionMgr:1039 - genDependencies : Invalid condition id : LAN8742 Phy interface Condition cause : null
2024-06-12 12:41:12,920 [WARN] ConditionMgr:1039 - genDependencies : Invalid condition id : LAN8742 Phy interface Condition cause : null
2024-06-12 12:41:12,969 [WARN] PackLoader:240 - Cannot read IP mode file for STMicroelectronics.X-CUBE-SFXS2LP1.4.0.0
2024-06-12 12:41:13,007 [WARN] PackLoader:240 - Cannot read IP mode file for STMicroelectronics.X-CUBE-ISPU.1.1.0
2024-06-12 12:41:13,065 [WARN] ConditionMgr:438 - getConditionDescription Invalid condition id : UX DEVICE CLASS RTOS Condition cause : null
2024-06-12 12:41:13,065 [WARN] ConditionMgr:438 - getConditionDescription Invalid condition id : UX DEVICE CLASS RTOS Condition cause : null
2024-06-12 12:41:13,081 [WARN] PackLoader:240 - Cannot read IP mode file for STMicroelectronics.X-CUBE-AZRTOS-WB.2.0.0
2024-06-12 12:41:13,081 [WARN] ConditionMgr:1039 - genDependencies : Invalid condition id : UX DEVICE CLASS RTOS Condition cause : null
2024-06-12 12:41:13,081 [WARN] ConditionMgr:1039 - genDependencies : Invalid condition id : UX DEVICE CLASS RTOS Condition cause : null
2024-06-12 12:41:13,081 [WARN] ConditionMgr:1039 - genDependencies : Invalid condition id : UX DEVICE CLASS RTOS Condition cause : null
2024-06-12 12:41:13,081 [WARN] ConditionMgr:1039 - genDependencies : Invalid condition id : UX DEVICE CLASS RTOS Condition cause : null
2024-06-12 12:41:13,081 [WARN] ConditionMgr:1039 - genDependencies : Invalid condition id : UX DEVICE CLASS RTOS Condition cause : null
2024-06-12 12:41:13,112 [WARN] PackLoader:240 - Cannot read IP mode file for STMicroelectronics.X-CUBE-FREERTOS.1.0.1
2024-06-12 12:41:13,190 [WARN] PackLoader:240 - Cannot read IP mode file for STMicroelectronics.X-CUBE-AZRTOS-L5.1.1.0
2024-06-12 12:41:13,231 [WARN] PackLoader:240 - Cannot read IP mode file for STMicroelectronics.X-CUBE-AI.8.0.1
2024-06-12 12:41:13,283 [WARN] PackLoader:240 - Cannot read IP mode file for STMicroelectronics.X-CUBE-SUBG2.5.0.0
2024-06-12 12:41:13,354 [WARN] PackLoader:240 - Cannot read IP mode file for STMicroelectronics.X-CUBE-TOF1.3.3.1
2024-06-12 12:41:13,419 [WARN] PackLoader:240 - Cannot read IP mode file for STMicroelectronics.X-CUBE-AZRTOS-G4.2.0.0
2024-06-12 12:41:13,455 [WARN] PackLoader:240 - Cannot read IP mode file for Infineon.AIROC-Wi-Fi-Bluetooth-STM32.1.5.1
2024-06-12 12:41:13,487 [WARN] PackLoader:240 - Cannot read IP mode file for STMicroelectronics.FP-SNS-MOTENVWB1.1.3.1
2024-06-12 12:41:13,523 [WARN] PackLoader:240 - Cannot read IP mode file for STMicroelectronics.X-CUBE-ALS.1.0.2
2024-06-12 12:41:13,535 [WARN] PackLoader:240 - Cannot read IP mode file for STMicroelectronics.X-CUBE-FREERTOS.1.1.0
2024-06-12 12:41:13,568 [WARN] PackLoader:240 - Cannot read IP mode file for portGmbH.I-Cube-SoM-uGOAL.1.1.0
2024-06-12 12:41:13,591 [WARN] PackLoader:240 - Cannot read IP mode file for STMicroelectronics.X-CUBE-ALS.1.0.1
2024-06-12 12:41:13,614 [WARN] PackLoader:240 - Cannot read IP mode file for STMicroelectronics.X-CUBE-AZRTOS-WB.1.1.0
2024-06-12 12:41:13,690 [WARN] PackLoader:240 - Cannot read IP mode file for STMicroelectronics.X-CUBE-AZRTOS-H7RS.1.0.0
2024-06-12 12:41:13,712 [WARN] PackLoader:240 - Cannot read IP mode file for STMicroelectronics.FP-ATR-ASTRA1.2.0.0
2024-06-12 12:41:13,730 [WARN] PackLoader:240 - Cannot read IP mode file for STMicroelectronics.X-CUBE-TOF1.3.4.0
2024-06-12 12:41:13,777 [WARN] PackLoader:240 - Cannot read IP mode file for STMicroelectronics.X-CUBE-TOF1.3.4.1
2024-06-12 12:41:13,777 [INFO] ThirdParty:978 - Integrity check success = true
2024-06-12 12:41:13,777 [INFO] IntegrityCheckThread:100 - exiting critical section [integrity check]
2024-06-12 12:41:13,777 [INFO] IntegrityCheckThread:103 - End integrity checks thread
2024-06-12 12:41:15,796 [INFO] WebApp:161 - Instantiating new browser for Auth
2024-06-12 12:41:16,952 [INFO] WebApp:780 - Register for checkConnection events
2024-06-12 12:41:16,952 [INFO] WebApp:414 - Apply proxy settings
2024-06-12 12:41:16,953 [INFO] WebApp:499 - Chromium requires no authentication
2024-06-12 12:41:16,970 [INFO] WebApp:442 - Direct internet connection detected
2024-06-12 12:41:17,200 [INFO] WebApp:192 - Starting web application
2024-06-12 12:41:17,200 [INFO] WebApp:544 - Web application path used C:\ST\STM32CubeIDE_1.14.1\STM32CubeIDE\plugins\com.st.stm32cube.common.mx_6.10.0.202311202037\db\plugins\mcufinder\reactClient1\index.html
2024-06-12 12:41:39,569 [ERROR] LogOutputStream:75 - [STDERR_REDIRECT] SLF4J: Failed to load class "org.slf4j.impl.StaticLoggerBinder".
2024-06-12 12:41:39,570 [ERROR] LogOutputStream:75 - [STDERR_REDIRECT] SLF4J: Defaulting to no-operation (NOP) logger implementation
2024-06-12 12:41:39,571 [ERROR] LogOutputStream:75 - [STDERR_REDIRECT] SLF4J: See http://www.slf4j.org/codes.html#StaticLoggerBinder for further details.
2024-06-12 18:00:29,237 [ERROR] LogOutputStream:75 - [STDERR_REDIRECT] 
