2024-06-10 12:57:00,075 [INFO] Activator:176 - 


2024-06-10 12:57:00,082 [INFO] Activator:177 - !SESSION log4j initialized
2024-06-10 12:57:07,177 [INFO] LogOutputStream:77 - [STDOUT_REDIRECT] 
2024-06-10 12:57:15,602 [INFO] ApplicationProperties:184 - Using Application install path: C:\ST\STM32CubeIDE_1.14.1\STM32CubeIDE\plugins\com.st.stm32cube.common.mx_6.10.0.202311202037
2024-06-10 12:57:15,622 [INFO] DbMcusXml:78 - Set database path to: C:\ST\STM32CubeIDE_1.14.1\STM32CubeIDE\plugins\com.st.stm32cube.common.mx_6.10.0.202311202037\\db\/mcu/
2024-06-10 12:57:15,622 [INFO] ApiDb:274 - Set plugin database path to: C:\ST\STM32CubeIDE_1.14.1\STM32CubeIDE\plugins\com.st.stm32cube.common.mx_6.10.0.202311202037\\db\/plugins/boardmanager/
2024-06-10 12:57:15,622 [WARN] ApiDb:259 - Overriding images path with different value:  => C:\ST\STM32CubeIDE_1.14.1\STM32CubeIDE\plugins\com.st.stm32cube.common.mx_6.10.0.202311202037\\db\/plugins/mcufinder/images/
2024-06-10 12:57:15,638 [INFO] ApiDb:250 - Set database path to: C:\Users\ACER\.stmcufinder\plugins\mcufinder//mcu/
2024-06-10 12:57:15,640 [INFO] DbMcusAds:125 - Set database path to: C:\Users\ACER\.stmcufinder\plugins\mcufinder//mcu/
2024-06-10 12:57:15,641 [INFO] CrossReferenceDbSqlite:203 - Set database path to: C:\Users\ACER\.stmcufinder\plugins\mcufinder//mcu/cs/
2024-06-10 12:57:15,759 [INFO] RulesReader:64 - Compatibility file has been processed (297 Rules)
2024-06-10 12:57:16,029 [INFO] DbMcusXml:78 - Set database path to: C:\ST\STM32CubeIDE_1.14.1\STM32CubeIDE\plugins\com.st.stm32cube.common.mx_6.10.0.202311202037\\db\/mcu/
2024-06-10 12:57:16,029 [INFO] ApiDb:274 - Set plugin database path to: C:\ST\STM32CubeIDE_1.14.1\STM32CubeIDE\plugins\com.st.stm32cube.common.mx_6.10.0.202311202037\\db\/plugins/boardmanager/
2024-06-10 12:57:16,030 [INFO] ApiDb:261 - Set plugin images path to: C:\ST\STM32CubeIDE_1.14.1\STM32CubeIDE\plugins\com.st.stm32cube.common.mx_6.10.0.202311202037\\db\/plugins/mcufinder/images/
2024-06-10 12:57:16,030 [WARN] DbFile:41 - Overriding database path with different value: C:\Users\ACER\.stmcufinder\plugins\mcufinder/ => C:\Users\ACER\.stmcufinder\plugins\mcufinder
2024-06-10 12:57:16,030 [INFO] ApiDb:250 - Set database path to: C:\Users\ACER\.stmcufinder\plugins\mcufinder//mcu/
2024-06-10 12:57:16,030 [WARN] DbFile:41 - Overriding database path with different value: C:\Users\ACER\.stmcufinder\plugins\mcufinder/ => C:\Users\ACER\.stmcufinder\plugins\mcufinder
2024-06-10 12:57:16,030 [INFO] DbMcusAds:125 - Set database path to: C:\Users\ACER\.stmcufinder\plugins\mcufinder//mcu/
2024-06-10 12:57:16,030 [WARN] DbFile:41 - Overriding database path with different value: C:\Users\ACER\.stmcufinder\plugins\mcufinder/ => C:\Users\ACER\.stmcufinder\plugins\mcufinder
2024-06-10 12:57:16,030 [WARN] DbFile:41 - Overriding database path with different value: C:\Users\ACER\.stmcufinder\plugins\mcufinder/ => C:\Users\ACER\.stmcufinder\plugins\mcufinder
2024-06-10 12:57:16,030 [INFO] CrossReferenceDbSqlite:203 - Set database path to: C:\Users\ACER\.stmcufinder\plugins\mcufinder//mcu/cs/
2024-06-10 12:57:16,125 [INFO] MainPanel:264 - HeapMemory: 268435456
2024-06-10 12:57:16,220 [INFO] DbMcusXml:78 - Set database path to: C:\ST\STM32CubeIDE_1.14.1\STM32CubeIDE\plugins\com.st.stm32cube.common.mx_6.10.0.202311202037\\db\/mcu/
2024-06-10 12:57:16,220 [INFO] ApiDb:274 - Set plugin database path to: C:\ST\STM32CubeIDE_1.14.1\STM32CubeIDE\plugins\com.st.stm32cube.common.mx_6.10.0.202311202037\\db\/plugins/boardmanager/
2024-06-10 12:57:16,220 [INFO] ApiDb:261 - Set plugin images path to: C:\ST\STM32CubeIDE_1.14.1\STM32CubeIDE\plugins\com.st.stm32cube.common.mx_6.10.0.202311202037\\db\/plugins/mcufinder/images/
2024-06-10 12:57:16,220 [WARN] DbFile:41 - Overriding database path with different value: C:\Users\ACER\.stmcufinder\plugins\mcufinder/ => C:\Users\ACER\.stmcufinder\plugins\mcufinder
2024-06-10 12:57:16,221 [INFO] ApiDb:250 - Set database path to: C:\Users\ACER\.stmcufinder\plugins\mcufinder//mcu/
2024-06-10 12:57:16,221 [WARN] DbFile:41 - Overriding database path with different value: C:\Users\ACER\.stmcufinder\plugins\mcufinder/ => C:\Users\ACER\.stmcufinder\plugins\mcufinder
2024-06-10 12:57:16,221 [INFO] DbMcusAds:125 - Set database path to: C:\Users\ACER\.stmcufinder\plugins\mcufinder//mcu/
2024-06-10 12:57:16,221 [WARN] DbFile:41 - Overriding database path with different value: C:\Users\ACER\.stmcufinder\plugins\mcufinder/ => C:\Users\ACER\.stmcufinder\plugins\mcufinder
2024-06-10 12:57:16,221 [WARN] DbFile:41 - Overriding database path with different value: C:\Users\ACER\.stmcufinder\plugins\mcufinder/ => C:\Users\ACER\.stmcufinder\plugins\mcufinder
2024-06-10 12:57:16,221 [INFO] CrossReferenceDbSqlite:203 - Set database path to: C:\Users\ACER\.stmcufinder\plugins\mcufinder//mcu/cs/
2024-06-10 12:57:16,240 [INFO] ApplicationProperties:184 - Using Application install path: C:\ST\STM32CubeIDE_1.14.1\STM32CubeIDE\plugins\com.st.stm32cube.common.mx_6.10.0.202311202037
2024-06-10 12:57:16,241 [INFO] PluginManage:196 - Search for loadable plugins [exclusion list=, ]
2024-06-10 12:57:16,243 [INFO] PluginManage:310 - Check plugin analytics
2024-06-10 12:57:16,393 [INFO] AnalyticsPlugin:253 - Accepted Software Licenses: 
2024-06-10 12:57:16,394 [INFO] AnalyticsPlugin:255 - Accepted CMSIS Pack Licenses: 
2024-06-10 12:57:16,394 [INFO] AnalyticsPlugin:257 - Accepted Firmware Licenses: 
2024-06-10 12:57:16,396 [INFO] PluginManage:359 - Loaded plugin analytics (category:tool,tabindex:-1)
2024-06-10 12:57:16,396 [INFO] PluginManage:310 - Check plugin cadmodel
2024-06-10 12:57:16,410 [INFO] CADModel:105 - Init CAD model plugin
2024-06-10 12:57:16,410 [INFO] PluginManage:359 - Loaded plugin cadmodel (category:power,tabindex:5)
2024-06-10 12:57:16,411 [INFO] PluginManage:310 - Check plugin clock
2024-06-10 12:57:16,429 [INFO] PluginManage:359 - Loaded plugin clock (category:base,tabindex:2)
2024-06-10 12:57:16,429 [INFO] PluginManage:310 - Check plugin ddr
2024-06-10 12:57:16,431 [INFO] PluginManage:359 - Loaded plugin ddr (category:tool,tabindex:6)
2024-06-10 12:57:16,431 [INFO] PluginManage:310 - Check plugin filemanager
2024-06-10 12:57:16,556 [INFO] PluginManage:359 - Loaded plugin filemanager (category:base,tabindex:10)
2024-06-10 12:57:16,557 [INFO] PluginManage:310 - Check plugin ipmanager
2024-06-10 12:57:16,564 [INFO] PluginManage:359 - Loaded plugin ipmanager (category:base,tabindex:5)
2024-06-10 12:57:16,564 [INFO] PluginManage:310 - Check plugin lpbam
2024-06-10 12:57:16,579 [INFO] PluginManage:359 - Loaded plugin lpbam (category:base,tabindex:0)
2024-06-10 12:57:16,580 [INFO] PluginManage:310 - Check plugin memorymap
2024-06-10 12:57:16,600 [INFO] PluginManage:359 - Loaded plugin memorymap (category:base,tabindex:4)
2024-06-10 12:57:16,600 [INFO] PluginManage:310 - Check plugin pinoutandconfiguration
2024-06-10 12:57:16,615 [INFO] PluginManage:359 - Loaded plugin pinoutandconfiguration (category:base,tabindex:1)
2024-06-10 12:57:16,616 [INFO] PluginManage:310 - Check plugin pinoutconfig
2024-06-10 12:57:16,707 [WARN] SupportedApi:132 - Cannot load RTOS API schema: s4s-elt-must-match.1: The content of 'definitions' must match (annotation?, (simpleType | complexType)?, (unique | key | keyref)*)). A problem was found starting at: attribute.
2024-06-10 12:57:16,828 [INFO] PluginManage:359 - Loaded plugin pinoutconfig (category:base,tabindex:0)
2024-06-10 12:57:16,828 [INFO] PluginManage:310 - Check plugin power
2024-06-10 12:57:16,849 [INFO] PluginManage:359 - Loaded plugin power (category:power,tabindex:4)
2024-06-10 12:57:16,850 [INFO] PluginManage:310 - Check plugin projectmanager
2024-06-10 12:57:16,863 [INFO] PluginManage:359 - Loaded plugin projectmanager (category:projectmanager,tabindex:3)
2024-06-10 12:57:16,863 [INFO] PluginManage:310 - Check plugin thirdparty
2024-06-10 12:57:17,127 [INFO] PluginManage:359 - Loaded plugin thirdparty (category:base,tabindex:-1)
2024-06-10 12:57:17,127 [INFO] PluginManage:310 - Check plugin tools
2024-06-10 12:57:17,127 [WARN] IntegrityCheckThread:84 - waiting for thirdparty lock release [integrity check]
2024-06-10 12:57:17,128 [INFO] IntegrityCheckThread:86 - entering critical section [integrity check]
2024-06-10 12:57:17,128 [INFO] ThirdPartyUpdaterWithRetryManager:70 - Updater plugin not ready yet. [1/15]
2024-06-10 12:57:17,160 [INFO] PluginManage:359 - Loaded plugin tools (category:base,tabindex:7)
2024-06-10 12:57:17,160 [INFO] PluginManage:310 - Check plugin tutovideos
2024-06-10 12:57:17,355 [INFO] PluginManage:359 - Loaded plugin tutovideos (category:base,tabindex:-1)
2024-06-10 12:57:17,355 [INFO] PluginManage:310 - Check plugin updater
2024-06-10 12:57:17,367 [INFO] PluginManage:359 - Loaded plugin updater (category:base,tabindex:12)
2024-06-10 12:57:17,367 [INFO] PluginManage:310 - Check plugin userauth
2024-06-10 12:57:17,373 [INFO] UserAuth:114 - Init User Auth plugin
2024-06-10 12:57:17,373 [INFO] PluginManage:359 - Loaded plugin userauth (category:base,tabindex:14)
2024-06-10 12:57:17,373 [INFO] PluginManage:283 - PluginManage : Loaded plugins [17]
2024-06-10 12:57:17,603 [INFO] PinOutPanel:1499 - setPackage(No Configuration,No Configuration)
2024-06-10 12:57:17,676 [INFO] CADModel:165 - CPN selected for project level
2024-06-10 12:57:17,676 [INFO] CADModel:114 - Register for checkConnection events
2024-06-10 12:57:17,700 [INFO] IPUIPlugin:80 - create IPUIPlugin
2024-06-10 12:57:17,700 [INFO] PluginManager:220 - loadIPPluginJar : add adc
2024-06-10 12:57:17,733 [INFO] IPUIPlugin:80 - create IPUIPlugin
2024-06-10 12:57:17,733 [INFO] PluginManager:220 - loadIPPluginJar : add aes
2024-06-10 12:57:17,768 [INFO] IPUIPlugin:80 - create IPUIPlugin
2024-06-10 12:57:17,768 [INFO] PluginManager:220 - loadIPPluginJar : add can
2024-06-10 12:57:17,788 [INFO] IPUIPlugin:80 - create IPUIPlugin
2024-06-10 12:57:17,788 [INFO] PluginManager:220 - loadIPPluginJar : add comp
2024-06-10 12:57:17,824 [INFO] IPUIPlugin:80 - create IPUIPlugin
2024-06-10 12:57:17,824 [INFO] PluginManager:220 - loadIPPluginJar : add cryp
2024-06-10 12:57:17,851 [INFO] IPUIPlugin:80 - create IPUIPlugin
2024-06-10 12:57:17,851 [INFO] PluginManager:220 - loadIPPluginJar : add dfsdm
2024-06-10 12:57:17,866 [INFO] IPUIPlugin:80 - create IPUIPlugin
2024-06-10 12:57:17,866 [INFO] PluginManager:220 - loadIPPluginJar : add dma
2024-06-10 12:57:17,906 [INFO] IPUIPlugin:80 - create IPUIPlugin
2024-06-10 12:57:17,906 [INFO] PluginManager:220 - loadIPPluginJar : add dma3
2024-06-10 12:57:17,925 [INFO] IPUIPlugin:80 - create IPUIPlugin
2024-06-10 12:57:17,925 [INFO] PluginManager:220 - loadIPPluginJar : add fatfs
2024-06-10 12:57:17,966 [INFO] IPUIPlugin:80 - create IPUIPlugin
2024-06-10 12:57:17,967 [INFO] PluginManager:220 - loadIPPluginJar : add fmc
2024-06-10 12:57:17,981 [INFO] IPUIPlugin:80 - create IPUIPlugin
2024-06-10 12:57:17,981 [INFO] PluginManager:220 - loadIPPluginJar : add freertos
2024-06-10 12:57:18,000 [INFO] IPUIPlugin:80 - create IPUIPlugin
2024-06-10 12:57:18,000 [INFO] PluginManager:220 - loadIPPluginJar : add genericplugin
2024-06-10 12:57:18,082 [INFO] IPUIPlugin:80 - create IPUIPlugin
2024-06-10 12:57:18,083 [INFO] PluginManager:220 - loadIPPluginJar : add gfxmmu
2024-06-10 12:57:18,202 [INFO] IPUIPlugin:80 - create IPUIPlugin
2024-06-10 12:57:18,202 [INFO] PluginManager:220 - loadIPPluginJar : add gic
2024-06-10 12:57:18,215 [INFO] IPUIPlugin:80 - create IPUIPlugin
2024-06-10 12:57:18,216 [INFO] PluginManager:220 - loadIPPluginJar : add gpio
2024-06-10 12:57:18,298 [INFO] IPUIPlugin:80 - create IPUIPlugin
2024-06-10 12:57:18,298 [INFO] PluginManager:220 - loadIPPluginJar : add gtzc
2024-06-10 12:57:18,470 [INFO] IPUIPlugin:80 - create IPUIPlugin
2024-06-10 12:57:18,470 [INFO] PluginManager:220 - loadIPPluginJar : add hash
2024-06-10 12:57:18,529 [INFO] IPUIPlugin:80 - create IPUIPlugin
2024-06-10 12:57:18,529 [INFO] PluginManager:220 - loadIPPluginJar : add i2c
2024-06-10 12:57:18,564 [INFO] IPUIPlugin:80 - create IPUIPlugin
2024-06-10 12:57:18,564 [INFO] PluginManager:220 - loadIPPluginJar : add i2s
2024-06-10 12:57:18,602 [INFO] IPUIPlugin:80 - create IPUIPlugin
2024-06-10 12:57:18,602 [INFO] PluginManager:220 - loadIPPluginJar : add i3c
2024-06-10 12:57:18,690 [INFO] IPUIPlugin:80 - create IPUIPlugin
2024-06-10 12:57:18,691 [INFO] PluginManager:220 - loadIPPluginJar : add ipddr
2024-06-10 12:57:18,772 [INFO] IPUIPlugin:80 - create IPUIPlugin
2024-06-10 12:57:18,772 [INFO] PluginManager:220 - loadIPPluginJar : add linkedlist
2024-06-10 12:57:18,802 [INFO] IPUIPlugin:80 - create IPUIPlugin
2024-06-10 12:57:18,802 [INFO] PluginManager:220 - loadIPPluginJar : add lorawan
2024-06-10 12:57:18,834 [INFO] IPUIPlugin:80 - create IPUIPlugin
2024-06-10 12:57:18,834 [INFO] PluginManager:220 - loadIPPluginJar : add ltdc
2024-06-10 12:57:18,847 [INFO] IPUIPlugin:80 - create IPUIPlugin
2024-06-10 12:57:18,848 [INFO] PluginManager:220 - loadIPPluginJar : add mdma
2024-06-10 12:57:18,860 [INFO] IPUIPlugin:80 - create IPUIPlugin
2024-06-10 12:57:18,860 [INFO] PluginManager:220 - loadIPPluginJar : add nvic
2024-06-10 12:57:18,892 [INFO] IPUIPlugin:80 - create IPUIPlugin
2024-06-10 12:57:18,892 [INFO] PluginManager:220 - loadIPPluginJar : add opamp
2024-06-10 12:57:18,952 [INFO] IPUIPlugin:80 - create IPUIPlugin
2024-06-10 12:57:18,952 [INFO] PluginManager:220 - loadIPPluginJar : add openamp
2024-06-10 12:57:18,990 [INFO] IPUIPlugin:80 - create IPUIPlugin
2024-06-10 12:57:18,990 [INFO] PluginManager:220 - loadIPPluginJar : add pdm2pcm
2024-06-10 12:57:19,002 [INFO] IPUIPlugin:80 - create IPUIPlugin
2024-06-10 12:57:19,004 [INFO] PluginManager:220 - loadIPPluginJar : add plateformsettings
2024-06-10 12:57:19,024 [INFO] IPUIPlugin:80 - create IPUIPlugin
2024-06-10 12:57:19,024 [INFO] PluginManager:220 - loadIPPluginJar : add quadspi
2024-06-10 12:57:19,035 [INFO] IPUIPlugin:80 - create IPUIPlugin
2024-06-10 12:57:19,035 [INFO] PluginManager:220 - loadIPPluginJar : add resmgrutility
2024-06-10 12:57:19,075 [INFO] IPUIPlugin:80 - create IPUIPlugin
2024-06-10 12:57:19,075 [INFO] PluginManager:220 - loadIPPluginJar : add sai
2024-06-10 12:57:19,108 [INFO] IPUIPlugin:80 - create IPUIPlugin
2024-06-10 12:57:19,109 [INFO] PluginManager:220 - loadIPPluginJar : add spi
2024-06-10 12:57:19,165 [INFO] IPUIPlugin:80 - create IPUIPlugin
2024-06-10 12:57:19,166 [INFO] PluginManager:220 - loadIPPluginJar : add stm32_wpan
2024-06-10 12:57:19,186 [INFO] IPUIPlugin:80 - create IPUIPlugin
2024-06-10 12:57:19,186 [INFO] PluginManager:220 - loadIPPluginJar : add tim
2024-06-10 12:57:19,234 [INFO] IPUIPlugin:80 - create IPUIPlugin
2024-06-10 12:57:19,234 [INFO] PluginManager:220 - loadIPPluginJar : add touchsensing
2024-06-10 12:57:19,254 [INFO] IPUIPlugin:80 - create IPUIPlugin
2024-06-10 12:57:19,254 [INFO] PluginManager:220 - loadIPPluginJar : add tracer_emb
2024-06-10 12:57:19,275 [INFO] IPUIPlugin:80 - create IPUIPlugin
2024-06-10 12:57:19,275 [INFO] PluginManager:220 - loadIPPluginJar : add ts
2024-06-10 12:57:19,294 [INFO] IPUIPlugin:80 - create IPUIPlugin
2024-06-10 12:57:19,294 [INFO] PluginManager:220 - loadIPPluginJar : add tsc
2024-06-10 12:57:19,315 [INFO] IPUIPlugin:80 - create IPUIPlugin
2024-06-10 12:57:19,316 [INFO] PluginManager:220 - loadIPPluginJar : add ucpd
2024-06-10 12:57:19,355 [INFO] IPUIPlugin:80 - create IPUIPlugin
2024-06-10 12:57:19,356 [INFO] PluginManager:220 - loadIPPluginJar : add usart
2024-06-10 12:57:19,392 [INFO] IPUIPlugin:80 - create IPUIPlugin
2024-06-10 12:57:19,392 [INFO] PluginManager:220 - loadIPPluginJar : add usbx
2024-06-10 12:57:19,537 [INFO] CADModel:165 - CPN selected for project level
2024-06-10 12:57:19,537 [INFO] CADModel:114 - Register for checkConnection events
2024-06-10 12:57:19,538 [FATAL] Updater:308 - Updater called before beeing initialized
2024-06-10 12:57:19,538 [ERROR] CADModel:125 - Updater not yet initialized, retry later 
2024-06-10 12:57:19,675 [INFO] CADModel:165 - CPN selected for project level
2024-06-10 12:57:19,675 [INFO] CADModel:114 - Register for checkConnection events
2024-06-10 12:57:19,675 [FATAL] Updater:308 - Updater called before beeing initialized
2024-06-10 12:57:19,675 [ERROR] CADModel:125 - Updater not yet initialized, retry later 
2024-06-10 12:57:19,678 [FATAL] Updater:308 - Updater called before beeing initialized
2024-06-10 12:57:19,781 [FATAL] Updater:308 - Updater called before beeing initialized
2024-06-10 12:57:19,789 [INFO] DbMcusAds:53 - JSON generation date=Thu May 16 14:52:01 IST 2024 (1715851321456)
2024-06-10 12:57:19,790 [FATAL] Updater:308 - Updater called before beeing initialized
2024-06-10 12:57:19,863 [WARN] DetailPanel:346 - Failed to get advertising image, set to default
2024-06-10 12:57:19,935 [FATAL] Updater:308 - Updater called before beeing initialized
2024-06-10 12:57:19,937 [FATAL] Updater:308 - Updater called before beeing initialized
2024-06-10 12:57:19,937 [FATAL] Updater:308 - Updater called before beeing initialized
2024-06-10 12:57:19,937 [WARN] DetailPanel:346 - Failed to get advertising image, set to default
2024-06-10 12:57:19,938 [FATAL] Updater:308 - Updater called before beeing initialized
2024-06-10 12:57:19,995 [ERROR] Updater:1120 - MainUpdater not yet initialized. External WinMGr cannot be set.
2024-06-10 12:57:20,004 [INFO] Updater:1056 - Updater Version found : 6.10.0
2024-06-10 12:57:20,021 [INFO] ApplicationProperties:184 - Using Application install path: C:\ST\STM32CubeIDE_1.14.1\STM32CubeIDE\plugins\com.st.stm32cube.common.mx_6.10.0.202311202037
2024-06-10 12:57:20,130 [INFO] ThirdPartyUpdaterWithRetryManager:70 - Updater plugin not ready yet. [2/15]
2024-06-10 12:57:21,598 [ERROR] LogOutputStream:75 - [STDERR_REDIRECT] Jun 10, 2024 12:57:21 PM java.util.prefs.WindowsPreferences <init>
2024-06-10 12:57:21,600 [ERROR] LogOutputStream:75 - [STDERR_REDIRECT] WARNING: Could not open/create prefs root node Software\JavaSoft\Prefs at root 0xffffffff80000002. Windows RegCreateKeyEx(...) returned error code 5.
2024-06-10 12:57:21,600 [ERROR] LogOutputStream:75 - [STDERR_REDIRECT] 
2024-06-10 12:57:23,131 [FATAL] Updater:308 - Updater called before beeing initialized
2024-06-10 12:57:23,132 [ERROR] IntegrityCheckThread:130 - Cannot retrieve database content from updater: error 21
2024-06-10 12:57:23,133 [INFO] ThirdParty:978 - Integrity check success = false
2024-06-10 12:57:23,133 [INFO] IntegrityCheckThread:100 - exiting critical section [integrity check]
2024-06-10 12:57:23,133 [INFO] IntegrityCheckThread:103 - End integrity checks thread
2024-06-10 12:57:27,698 [INFO] MainUpdater:2873 - connection check result : 10
2024-06-10 12:57:27,699 [INFO] MainUpdater:3567 - Updater definition file requires update
2024-06-10 12:57:27,699 [INFO] MainUpdater:290 - Updater Check For Update Now.
2024-06-10 12:57:27,700 [INFO] MicroXplorer:498 - Change Database Version : DB.6.0.100
2024-06-10 12:57:27,718 [INFO] McuFinderGlobals:63 - Set McuFinder mode to 2 (CubeIDE integrated)
2024-06-10 12:57:27,730 [INFO] UserAuth:404 - Internet connection configuration mode: 1
2024-06-10 12:57:27,753 [INFO] JxBrowserEngine:152 - Initiate JxBrowser Engine with user profile folder
2024-06-10 12:57:29,306 [INFO] ServerAccessManage:473 - Download File updaters.zip
2024-06-10 12:57:30,514 [INFO] WebApp:161 - Instantiating new browser for Auth
2024-06-10 12:57:31,292 [INFO] WebApp:780 - Register for checkConnection events
2024-06-10 12:57:31,293 [INFO] WebApp:414 - Apply proxy settings
2024-06-10 12:57:31,293 [INFO] WebApp:499 - Chromium requires no authentication
2024-06-10 12:57:31,303 [INFO] WebApp:442 - Direct internet connection detected
2024-06-10 12:57:31,464 [INFO] WebApp:192 - Starting web application
2024-06-10 12:57:31,464 [INFO] WebApp:544 - Web application path used C:\ST\STM32CubeIDE_1.14.1\STM32CubeIDE\plugins\com.st.stm32cube.common.mx_6.10.0.202311202037\db\plugins\mcufinder\reactClient1\index.html
2024-06-10 12:57:40,019 [INFO] FileExtend:240 - Unzip File : updaters.zip
2024-06-10 12:57:40,019 [INFO] FileExtend:255 - Standard Zip Deflate
2024-06-10 12:57:41,326 [INFO] ServerAccessManage:473 - Download File PacksControlFlags.xml
2024-06-10 12:57:42,847 [INFO] ServerAccessManage:473 - Download File cubemx.pidx
2024-06-10 12:57:43,152 [INFO] LoadServerUpdatesThread:375 - End of LoadServerUpdate Thread
2024-06-10 12:57:43,379 [INFO] CheckServerUpdateThread:120 - End of CheckServer Thread
2024-06-10 12:57:52,491 [ERROR] LogOutputStream:75 - [STDERR_REDIRECT] SLF4J: Failed to load class "org.slf4j.impl.StaticLoggerBinder".
2024-06-10 12:57:52,492 [ERROR] LogOutputStream:75 - [STDERR_REDIRECT] SLF4J: Defaulting to no-operation (NOP) logger implementation
2024-06-10 12:57:52,493 [ERROR] LogOutputStream:75 - [STDERR_REDIRECT] SLF4J: See http://www.slf4j.org/codes.html#StaticLoggerBinder for further details.
