2024-06-03 20:33:03,277 [INFO] Activator:176 - 


2024-06-03 20:33:03,279 [INFO] Activator:177 - !SESSION log4j initialized
2024-06-03 20:33:06,618 [INFO] LogOutputStream:77 - [STDOUT_REDIRECT] 
2024-06-03 20:33:08,400 [INFO] ApplicationProperties:184 - Using Application install path: C:\ST\STM32CubeIDE_1.14.1\STM32CubeIDE\plugins\com.st.stm32cube.common.mx_6.10.0.202311202037
2024-06-03 20:33:08,430 [INFO] DbMcusXml:78 - Set database path to: C:\ST\STM32CubeIDE_1.14.1\STM32CubeIDE\plugins\com.st.stm32cube.common.mx_6.10.0.202311202037\\db\/mcu/
2024-06-03 20:33:08,430 [INFO] ApiDb:274 - Set plugin database path to: C:\ST\STM32CubeIDE_1.14.1\STM32CubeIDE\plugins\com.st.stm32cube.common.mx_6.10.0.202311202037\\db\/plugins/boardmanager/
2024-06-03 20:33:08,431 [WARN] ApiDb:259 - Overriding images path with different value:  => C:\ST\STM32CubeIDE_1.14.1\STM32CubeIDE\plugins\com.st.stm32cube.common.mx_6.10.0.202311202037\\db\/plugins/mcufinder/images/
2024-06-03 20:33:08,439 [INFO] ApiDb:250 - Set database path to: C:\Users\ACER\.stmcufinder\plugins\mcufinder//mcu/
2024-06-03 20:33:08,440 [INFO] DbMcusAds:125 - Set database path to: C:\Users\ACER\.stmcufinder\plugins\mcufinder//mcu/
2024-06-03 20:33:08,443 [INFO] CrossReferenceDbSqlite:203 - Set database path to: C:\Users\ACER\.stmcufinder\plugins\mcufinder//mcu/cs/
2024-06-03 20:33:08,627 [INFO] RulesReader:64 - Compatibility file has been processed (297 Rules)
2024-06-03 20:33:08,756 [INFO] DbMcusXml:78 - Set database path to: C:\ST\STM32CubeIDE_1.14.1\STM32CubeIDE\plugins\com.st.stm32cube.common.mx_6.10.0.202311202037\\db\/mcu/
2024-06-03 20:33:08,756 [INFO] ApiDb:274 - Set plugin database path to: C:\ST\STM32CubeIDE_1.14.1\STM32CubeIDE\plugins\com.st.stm32cube.common.mx_6.10.0.202311202037\\db\/plugins/boardmanager/
2024-06-03 20:33:08,757 [INFO] ApiDb:261 - Set plugin images path to: C:\ST\STM32CubeIDE_1.14.1\STM32CubeIDE\plugins\com.st.stm32cube.common.mx_6.10.0.202311202037\\db\/plugins/mcufinder/images/
2024-06-03 20:33:08,757 [WARN] DbFile:41 - Overriding database path with different value: C:\Users\ACER\.stmcufinder\plugins\mcufinder/ => C:\Users\ACER\.stmcufinder\plugins\mcufinder
2024-06-03 20:33:08,757 [INFO] ApiDb:250 - Set database path to: C:\Users\ACER\.stmcufinder\plugins\mcufinder//mcu/
2024-06-03 20:33:08,758 [WARN] DbFile:41 - Overriding database path with different value: C:\Users\ACER\.stmcufinder\plugins\mcufinder/ => C:\Users\ACER\.stmcufinder\plugins\mcufinder
2024-06-03 20:33:08,758 [INFO] DbMcusAds:125 - Set database path to: C:\Users\ACER\.stmcufinder\plugins\mcufinder//mcu/
2024-06-03 20:33:08,758 [WARN] DbFile:41 - Overriding database path with different value: C:\Users\ACER\.stmcufinder\plugins\mcufinder/ => C:\Users\ACER\.stmcufinder\plugins\mcufinder
2024-06-03 20:33:08,758 [WARN] DbFile:41 - Overriding database path with different value: C:\Users\ACER\.stmcufinder\plugins\mcufinder/ => C:\Users\ACER\.stmcufinder\plugins\mcufinder
2024-06-03 20:33:08,758 [INFO] CrossReferenceDbSqlite:203 - Set database path to: C:\Users\ACER\.stmcufinder\plugins\mcufinder//mcu/cs/
2024-06-03 20:33:08,868 [INFO] MainPanel:264 - HeapMemory: 268435456
2024-06-03 20:33:08,960 [INFO] DbMcusXml:78 - Set database path to: C:\ST\STM32CubeIDE_1.14.1\STM32CubeIDE\plugins\com.st.stm32cube.common.mx_6.10.0.202311202037\\db\/mcu/
2024-06-03 20:33:08,961 [INFO] ApiDb:274 - Set plugin database path to: C:\ST\STM32CubeIDE_1.14.1\STM32CubeIDE\plugins\com.st.stm32cube.common.mx_6.10.0.202311202037\\db\/plugins/boardmanager/
2024-06-03 20:33:08,961 [INFO] ApiDb:261 - Set plugin images path to: C:\ST\STM32CubeIDE_1.14.1\STM32CubeIDE\plugins\com.st.stm32cube.common.mx_6.10.0.202311202037\\db\/plugins/mcufinder/images/
2024-06-03 20:33:08,961 [WARN] DbFile:41 - Overriding database path with different value: C:\Users\ACER\.stmcufinder\plugins\mcufinder/ => C:\Users\ACER\.stmcufinder\plugins\mcufinder
2024-06-03 20:33:08,961 [INFO] ApiDb:250 - Set database path to: C:\Users\ACER\.stmcufinder\plugins\mcufinder//mcu/
2024-06-03 20:33:08,961 [WARN] DbFile:41 - Overriding database path with different value: C:\Users\ACER\.stmcufinder\plugins\mcufinder/ => C:\Users\ACER\.stmcufinder\plugins\mcufinder
2024-06-03 20:33:08,961 [INFO] DbMcusAds:125 - Set database path to: C:\Users\ACER\.stmcufinder\plugins\mcufinder//mcu/
2024-06-03 20:33:08,961 [WARN] DbFile:41 - Overriding database path with different value: C:\Users\ACER\.stmcufinder\plugins\mcufinder/ => C:\Users\ACER\.stmcufinder\plugins\mcufinder
2024-06-03 20:33:08,961 [WARN] DbFile:41 - Overriding database path with different value: C:\Users\ACER\.stmcufinder\plugins\mcufinder/ => C:\Users\ACER\.stmcufinder\plugins\mcufinder
2024-06-03 20:33:08,961 [INFO] CrossReferenceDbSqlite:203 - Set database path to: C:\Users\ACER\.stmcufinder\plugins\mcufinder//mcu/cs/
2024-06-03 20:33:08,980 [INFO] ApplicationProperties:184 - Using Application install path: C:\ST\STM32CubeIDE_1.14.1\STM32CubeIDE\plugins\com.st.stm32cube.common.mx_6.10.0.202311202037
2024-06-03 20:33:08,983 [INFO] PluginManage:196 - Search for loadable plugins [exclusion list=, ]
2024-06-03 20:33:08,986 [INFO] PluginManage:310 - Check plugin analytics
2024-06-03 20:33:09,177 [INFO] AnalyticsPlugin:253 - Accepted Software Licenses: 
2024-06-03 20:33:09,177 [INFO] AnalyticsPlugin:255 - Accepted CMSIS Pack Licenses: 
2024-06-03 20:33:09,177 [INFO] AnalyticsPlugin:257 - Accepted Firmware Licenses: 
2024-06-03 20:33:09,184 [INFO] PluginManage:359 - Loaded plugin analytics (category:tool,tabindex:-1)
2024-06-03 20:33:09,184 [INFO] PluginManage:310 - Check plugin cadmodel
2024-06-03 20:33:09,192 [INFO] CADModel:105 - Init CAD model plugin
2024-06-03 20:33:09,192 [INFO] PluginManage:359 - Loaded plugin cadmodel (category:power,tabindex:5)
2024-06-03 20:33:09,192 [INFO] PluginManage:310 - Check plugin clock
2024-06-03 20:33:09,205 [INFO] PluginManage:359 - Loaded plugin clock (category:base,tabindex:2)
2024-06-03 20:33:09,205 [INFO] PluginManage:310 - Check plugin ddr
2024-06-03 20:33:09,209 [INFO] PluginManage:359 - Loaded plugin ddr (category:tool,tabindex:6)
2024-06-03 20:33:09,210 [INFO] PluginManage:310 - Check plugin filemanager
2024-06-03 20:33:09,393 [INFO] PluginManage:359 - Loaded plugin filemanager (category:base,tabindex:10)
2024-06-03 20:33:09,394 [INFO] PluginManage:310 - Check plugin ipmanager
2024-06-03 20:33:09,401 [INFO] PluginManage:359 - Loaded plugin ipmanager (category:base,tabindex:5)
2024-06-03 20:33:09,402 [INFO] PluginManage:310 - Check plugin lpbam
2024-06-03 20:33:09,409 [INFO] PluginManage:359 - Loaded plugin lpbam (category:base,tabindex:0)
2024-06-03 20:33:09,409 [INFO] PluginManage:310 - Check plugin memorymap
2024-06-03 20:33:09,422 [INFO] PluginManage:359 - Loaded plugin memorymap (category:base,tabindex:4)
2024-06-03 20:33:09,422 [INFO] PluginManage:310 - Check plugin pinoutandconfiguration
2024-06-03 20:33:09,433 [INFO] PluginManage:359 - Loaded plugin pinoutandconfiguration (category:base,tabindex:1)
2024-06-03 20:33:09,433 [INFO] PluginManage:310 - Check plugin pinoutconfig
2024-06-03 20:33:09,555 [WARN] SupportedApi:132 - Cannot load RTOS API schema: s4s-elt-must-match.1: The content of 'definitions' must match (annotation?, (simpleType | complexType)?, (unique | key | keyref)*)). A problem was found starting at: attribute.
2024-06-03 20:33:09,747 [INFO] PluginManage:359 - Loaded plugin pinoutconfig (category:base,tabindex:0)
2024-06-03 20:33:09,748 [INFO] PluginManage:310 - Check plugin power
2024-06-03 20:33:09,764 [INFO] PluginManage:359 - Loaded plugin power (category:power,tabindex:4)
2024-06-03 20:33:09,764 [INFO] PluginManage:310 - Check plugin projectmanager
2024-06-03 20:33:09,788 [INFO] PluginManage:359 - Loaded plugin projectmanager (category:projectmanager,tabindex:3)
2024-06-03 20:33:09,789 [INFO] PluginManage:310 - Check plugin thirdparty
2024-06-03 20:33:10,027 [INFO] PluginManage:359 - Loaded plugin thirdparty (category:base,tabindex:-1)
2024-06-03 20:33:10,027 [WARN] IntegrityCheckThread:84 - waiting for thirdparty lock release [integrity check]
2024-06-03 20:33:10,028 [INFO] PluginManage:310 - Check plugin tools
2024-06-03 20:33:10,028 [INFO] IntegrityCheckThread:86 - entering critical section [integrity check]
2024-06-03 20:33:10,029 [INFO] ThirdPartyUpdaterWithRetryManager:70 - Updater plugin not ready yet. [1/15]
2024-06-03 20:33:10,032 [INFO] PluginManage:359 - Loaded plugin tools (category:base,tabindex:7)
2024-06-03 20:33:10,032 [INFO] PluginManage:310 - Check plugin tutovideos
2024-06-03 20:33:10,275 [INFO] PluginManage:359 - Loaded plugin tutovideos (category:base,tabindex:-1)
2024-06-03 20:33:10,275 [INFO] PluginManage:310 - Check plugin updater
2024-06-03 20:33:10,297 [INFO] PluginManage:359 - Loaded plugin updater (category:base,tabindex:12)
2024-06-03 20:33:10,297 [INFO] PluginManage:310 - Check plugin userauth
2024-06-03 20:33:10,304 [INFO] UserAuth:114 - Init User Auth plugin
2024-06-03 20:33:10,304 [INFO] PluginManage:359 - Loaded plugin userauth (category:base,tabindex:14)
2024-06-03 20:33:10,305 [INFO] PluginManage:283 - PluginManage : Loaded plugins [17]
2024-06-03 20:33:10,584 [INFO] PinOutPanel:1499 - setPackage(No Configuration,No Configuration)
2024-06-03 20:33:10,682 [INFO] CADModel:165 - CPN selected for project level
2024-06-03 20:33:10,682 [INFO] CADModel:114 - Register for checkConnection events
2024-06-03 20:33:10,701 [INFO] IPUIPlugin:80 - create IPUIPlugin
2024-06-03 20:33:10,701 [INFO] PluginManager:220 - loadIPPluginJar : add adc
2024-06-03 20:33:10,703 [INFO] IPUIPlugin:80 - create IPUIPlugin
2024-06-03 20:33:10,704 [INFO] PluginManager:220 - loadIPPluginJar : add aes
2024-06-03 20:33:10,707 [INFO] IPUIPlugin:80 - create IPUIPlugin
2024-06-03 20:33:10,708 [INFO] PluginManager:220 - loadIPPluginJar : add can
2024-06-03 20:33:10,710 [INFO] IPUIPlugin:80 - create IPUIPlugin
2024-06-03 20:33:10,710 [INFO] PluginManager:220 - loadIPPluginJar : add comp
2024-06-03 20:33:10,712 [INFO] IPUIPlugin:80 - create IPUIPlugin
2024-06-03 20:33:10,713 [INFO] PluginManager:220 - loadIPPluginJar : add cryp
2024-06-03 20:33:10,715 [INFO] IPUIPlugin:80 - create IPUIPlugin
2024-06-03 20:33:10,715 [INFO] PluginManager:220 - loadIPPluginJar : add dfsdm
2024-06-03 20:33:10,724 [INFO] IPUIPlugin:80 - create IPUIPlugin
2024-06-03 20:33:10,725 [INFO] PluginManager:220 - loadIPPluginJar : add dma
2024-06-03 20:33:10,728 [INFO] IPUIPlugin:80 - create IPUIPlugin
2024-06-03 20:33:10,728 [INFO] PluginManager:220 - loadIPPluginJar : add dma3
2024-06-03 20:33:10,730 [INFO] IPUIPlugin:80 - create IPUIPlugin
2024-06-03 20:33:10,730 [INFO] PluginManager:220 - loadIPPluginJar : add fatfs
2024-06-03 20:33:10,736 [INFO] IPUIPlugin:80 - create IPUIPlugin
2024-06-03 20:33:10,737 [INFO] PluginManager:220 - loadIPPluginJar : add fmc
2024-06-03 20:33:10,750 [INFO] IPUIPlugin:80 - create IPUIPlugin
2024-06-03 20:33:10,751 [INFO] PluginManager:220 - loadIPPluginJar : add freertos
2024-06-03 20:33:10,753 [INFO] IPUIPlugin:80 - create IPUIPlugin
2024-06-03 20:33:10,754 [INFO] PluginManager:220 - loadIPPluginJar : add genericplugin
2024-06-03 20:33:10,759 [INFO] IPUIPlugin:80 - create IPUIPlugin
2024-06-03 20:33:10,759 [INFO] PluginManager:220 - loadIPPluginJar : add gfxmmu
2024-06-03 20:33:10,766 [INFO] IPUIPlugin:80 - create IPUIPlugin
2024-06-03 20:33:10,766 [INFO] PluginManager:220 - loadIPPluginJar : add gic
2024-06-03 20:33:10,774 [INFO] IPUIPlugin:80 - create IPUIPlugin
2024-06-03 20:33:10,774 [INFO] PluginManager:220 - loadIPPluginJar : add gpio
2024-06-03 20:33:10,779 [INFO] IPUIPlugin:80 - create IPUIPlugin
2024-06-03 20:33:10,779 [INFO] PluginManager:220 - loadIPPluginJar : add gtzc
2024-06-03 20:33:10,782 [INFO] IPUIPlugin:80 - create IPUIPlugin
2024-06-03 20:33:10,782 [INFO] PluginManager:220 - loadIPPluginJar : add hash
2024-06-03 20:33:10,787 [INFO] IPUIPlugin:80 - create IPUIPlugin
2024-06-03 20:33:10,787 [INFO] PluginManager:220 - loadIPPluginJar : add i2c
2024-06-03 20:33:10,792 [INFO] IPUIPlugin:80 - create IPUIPlugin
2024-06-03 20:33:10,793 [INFO] PluginManager:220 - loadIPPluginJar : add i2s
2024-06-03 20:33:10,798 [INFO] IPUIPlugin:80 - create IPUIPlugin
2024-06-03 20:33:10,798 [INFO] PluginManager:220 - loadIPPluginJar : add i3c
2024-06-03 20:33:10,802 [INFO] IPUIPlugin:80 - create IPUIPlugin
2024-06-03 20:33:10,802 [INFO] PluginManager:220 - loadIPPluginJar : add ipddr
2024-06-03 20:33:10,814 [INFO] IPUIPlugin:80 - create IPUIPlugin
2024-06-03 20:33:10,814 [INFO] PluginManager:220 - loadIPPluginJar : add linkedlist
2024-06-03 20:33:10,819 [INFO] IPUIPlugin:80 - create IPUIPlugin
2024-06-03 20:33:10,819 [INFO] PluginManager:220 - loadIPPluginJar : add lorawan
2024-06-03 20:33:10,822 [INFO] IPUIPlugin:80 - create IPUIPlugin
2024-06-03 20:33:10,823 [INFO] PluginManager:220 - loadIPPluginJar : add ltdc
2024-06-03 20:33:10,832 [INFO] IPUIPlugin:80 - create IPUIPlugin
2024-06-03 20:33:10,832 [INFO] PluginManager:220 - loadIPPluginJar : add mdma
2024-06-03 20:33:10,842 [INFO] IPUIPlugin:80 - create IPUIPlugin
2024-06-03 20:33:10,842 [INFO] PluginManager:220 - loadIPPluginJar : add nvic
2024-06-03 20:33:10,849 [INFO] IPUIPlugin:80 - create IPUIPlugin
2024-06-03 20:33:10,849 [INFO] PluginManager:220 - loadIPPluginJar : add opamp
2024-06-03 20:33:10,852 [INFO] IPUIPlugin:80 - create IPUIPlugin
2024-06-03 20:33:10,852 [INFO] PluginManager:220 - loadIPPluginJar : add openamp
2024-06-03 20:33:10,857 [INFO] IPUIPlugin:80 - create IPUIPlugin
2024-06-03 20:33:10,857 [INFO] PluginManager:220 - loadIPPluginJar : add pdm2pcm
2024-06-03 20:33:10,864 [INFO] IPUIPlugin:80 - create IPUIPlugin
2024-06-03 20:33:10,866 [INFO] PluginManager:220 - loadIPPluginJar : add plateformsettings
2024-06-03 20:33:10,868 [INFO] IPUIPlugin:80 - create IPUIPlugin
2024-06-03 20:33:10,868 [INFO] PluginManager:220 - loadIPPluginJar : add quadspi
2024-06-03 20:33:10,876 [INFO] IPUIPlugin:80 - create IPUIPlugin
2024-06-03 20:33:10,876 [INFO] PluginManager:220 - loadIPPluginJar : add resmgrutility
2024-06-03 20:33:10,880 [INFO] IPUIPlugin:80 - create IPUIPlugin
2024-06-03 20:33:10,880 [INFO] PluginManager:220 - loadIPPluginJar : add sai
2024-06-03 20:33:10,883 [INFO] IPUIPlugin:80 - create IPUIPlugin
2024-06-03 20:33:10,883 [INFO] PluginManager:220 - loadIPPluginJar : add spi
2024-06-03 20:33:10,892 [INFO] IPUIPlugin:80 - create IPUIPlugin
2024-06-03 20:33:10,892 [INFO] PluginManager:220 - loadIPPluginJar : add stm32_wpan
2024-06-03 20:33:10,895 [INFO] IPUIPlugin:80 - create IPUIPlugin
2024-06-03 20:33:10,895 [INFO] PluginManager:220 - loadIPPluginJar : add tim
2024-06-03 20:33:10,898 [INFO] IPUIPlugin:80 - create IPUIPlugin
2024-06-03 20:33:10,899 [INFO] PluginManager:220 - loadIPPluginJar : add touchsensing
2024-06-03 20:33:10,901 [INFO] IPUIPlugin:80 - create IPUIPlugin
2024-06-03 20:33:10,901 [INFO] PluginManager:220 - loadIPPluginJar : add tracer_emb
2024-06-03 20:33:10,904 [INFO] IPUIPlugin:80 - create IPUIPlugin
2024-06-03 20:33:10,904 [INFO] PluginManager:220 - loadIPPluginJar : add ts
2024-06-03 20:33:10,908 [INFO] IPUIPlugin:80 - create IPUIPlugin
2024-06-03 20:33:10,909 [INFO] PluginManager:220 - loadIPPluginJar : add tsc
2024-06-03 20:33:10,911 [INFO] IPUIPlugin:80 - create IPUIPlugin
2024-06-03 20:33:10,911 [INFO] PluginManager:220 - loadIPPluginJar : add ucpd
2024-06-03 20:33:10,914 [INFO] IPUIPlugin:80 - create IPUIPlugin
2024-06-03 20:33:10,914 [INFO] PluginManager:220 - loadIPPluginJar : add usart
2024-06-03 20:33:10,918 [INFO] IPUIPlugin:80 - create IPUIPlugin
2024-06-03 20:33:10,918 [INFO] PluginManager:220 - loadIPPluginJar : add usbx
2024-06-03 20:33:11,051 [INFO] CADModel:165 - CPN selected for project level
2024-06-03 20:33:11,051 [INFO] CADModel:114 - Register for checkConnection events
2024-06-03 20:33:11,051 [FATAL] Updater:308 - Updater called before beeing initialized
2024-06-03 20:33:11,051 [ERROR] CADModel:125 - Updater not yet initialized, retry later 
2024-06-03 20:33:11,219 [INFO] CADModel:165 - CPN selected for project level
2024-06-03 20:33:11,219 [INFO] CADModel:114 - Register for checkConnection events
2024-06-03 20:33:11,219 [FATAL] Updater:308 - Updater called before beeing initialized
2024-06-03 20:33:11,219 [ERROR] CADModel:125 - Updater not yet initialized, retry later 
2024-06-03 20:33:11,224 [FATAL] Updater:308 - Updater called before beeing initialized
2024-06-03 20:33:11,366 [FATAL] Updater:308 - Updater called before beeing initialized
2024-06-03 20:33:11,371 [INFO] DbMcusAds:53 - JSON generation date=Thu May 16 14:52:01 IST 2024 (1715851321456)
2024-06-03 20:33:11,372 [FATAL] Updater:308 - Updater called before beeing initialized
2024-06-03 20:33:11,412 [WARN] DetailPanel:346 - Failed to get advertising image, set to default
2024-06-03 20:33:11,490 [FATAL] Updater:308 - Updater called before beeing initialized
2024-06-03 20:33:11,492 [FATAL] Updater:308 - Updater called before beeing initialized
2024-06-03 20:33:11,492 [FATAL] Updater:308 - Updater called before beeing initialized
2024-06-03 20:33:11,492 [WARN] DetailPanel:346 - Failed to get advertising image, set to default
2024-06-03 20:33:11,493 [FATAL] Updater:308 - Updater called before beeing initialized
2024-06-03 20:33:11,549 [ERROR] Updater:1120 - MainUpdater not yet initialized. External WinMGr cannot be set.
2024-06-03 20:33:11,552 [INFO] Updater:1056 - Updater Version found : 6.10.0
2024-06-03 20:33:11,580 [INFO] ApplicationProperties:184 - Using Application install path: C:\ST\STM32CubeIDE_1.14.1\STM32CubeIDE\plugins\com.st.stm32cube.common.mx_6.10.0.202311202037
2024-06-03 20:33:13,030 [INFO] ThirdPartyUpdaterWithRetryManager:70 - Updater plugin not ready yet. [2/15]
2024-06-03 20:33:13,158 [ERROR] LogOutputStream:75 - [STDERR_REDIRECT] Jun 03, 2024 8:33:13 PM java.util.prefs.WindowsPreferences <init>
2024-06-03 20:33:13,159 [ERROR] LogOutputStream:75 - [STDERR_REDIRECT] WARNING: Could not open/create prefs root node Software\JavaSoft\Prefs at root 0xffffffff80000002. Windows RegCreateKeyEx(...) returned error code 5.
2024-06-03 20:33:13,159 [ERROR] LogOutputStream:75 - [STDERR_REDIRECT] 
2024-06-03 20:33:14,117 [INFO] MainUpdater:2873 - connection check result : 10
2024-06-03 20:33:14,118 [INFO] MainUpdater:290 - Updater Check For Update Now.
2024-06-03 20:33:14,119 [INFO] MicroXplorer:498 - Change Database Version : DB.6.0.100
2024-06-03 20:33:14,126 [INFO] McuFinderGlobals:63 - Set McuFinder mode to 2 (CubeIDE integrated)
2024-06-03 20:33:14,138 [INFO] UserAuth:404 - Internet connection configuration mode: 1
2024-06-03 20:33:14,173 [INFO] JxBrowserEngine:152 - Initiate JxBrowser Engine with user profile folder
2024-06-03 20:33:14,357 [INFO] CheckServerUpdateThread:120 - End of CheckServer Thread
2024-06-03 20:33:15,439 [INFO] WebApp:161 - Instantiating new browser for Auth
2024-06-03 20:33:16,274 [WARN] PackLoader:240 - Cannot read IP mode file for STMicroelectronics.FP-SNS-MOTENVWB1.1.4.0
2024-06-03 20:33:16,282 [INFO] WebApp:780 - Register for checkConnection events
2024-06-03 20:33:16,282 [INFO] WebApp:414 - Apply proxy settings
2024-06-03 20:33:16,283 [INFO] WebApp:499 - Chromium requires no authentication
2024-06-03 20:33:16,292 [WARN] PackLoader:240 - Cannot read IP mode file for STMicroelectronics.X-CUBE-SMBUS.2.1.0
2024-06-03 20:33:16,298 [INFO] WebApp:442 - Direct internet connection detected
2024-06-03 20:33:16,301 [WARN] PackLoader:240 - Cannot read IP mode file for STMicroelectronics.X-CUBE-TOUCHGFX.4.23.0
2024-06-03 20:33:16,304 [WARN] PackLoader:240 - Cannot read IP mode file for STMicroelectronics.X-CUBE-TOUCHGFX.4.23.2
2024-06-03 20:33:16,358 [WARN] PackLoader:240 - Cannot read IP mode file for STMicroelectronics.X-CUBE-AZRTOS-F7.1.1.0
2024-06-03 20:33:16,376 [WARN] PackLoader:240 - Cannot read IP mode file for STMicroelectronics.FP-SNS-MOTENV1.4.3.2
2024-06-03 20:33:16,393 [WARN] PackLoader:240 - Cannot read IP mode file for STMicroelectronics.X-CUBE-BLE1.6.2.4
2024-06-03 20:33:16,407 [WARN] PackLoader:240 - Cannot read IP mode file for STMicroelectronics.X-CUBE-DISPLAY.3.0.0
2024-06-03 20:33:16,424 [WARN] PackLoader:240 - Cannot read IP mode file for STMicroelectronics.X-CUBE-BLE1.7.0.0
2024-06-03 20:33:16,432 [WARN] PackLoader:240 - Cannot read IP mode file for emotas.I-CUBE-CANOPEN.1.3.0
2024-06-03 20:33:16,439 [WARN] PackLoader:240 - Cannot read IP mode file for STMicroelectronics.X-CUBE-TOUCHGFX.4.22.0
2024-06-03 20:33:16,470 [WARN] PackLoader:240 - Cannot read IP mode file for STMicroelectronics.X-CUBE-BLEMGR.3.1.0
2024-06-03 20:33:16,497 [INFO] LogOutputStream:77 - [STDOUT_REDIRECT] 1 : Invalid condition id : UX_CORESTACK_Condition cause : null
2024-06-03 20:33:16,498 [INFO] LogOutputStream:77 - [STDOUT_REDIRECT] 1 : Invalid condition id : UX_CORESTACK_Condition cause : null
2024-06-03 20:33:16,501 [INFO] LogOutputStream:77 - [STDOUT_REDIRECT] 1 : Invalid condition id : UX_CORESTACK_Condition cause : null
2024-06-03 20:33:16,503 [INFO] LogOutputStream:77 - [STDOUT_REDIRECT] 1 : Invalid condition id : UX_CORESTACK_Condition cause : null
2024-06-03 20:33:16,505 [INFO] LogOutputStream:77 - [STDOUT_REDIRECT] 1 : Invalid condition id : UX_CORESTACK_Condition cause : null
2024-06-03 20:33:16,514 [WARN] PackLoader:240 - Cannot read IP mode file for STMicroelectronics.X-CUBE-AZRTOS-WL.2.0.0
2024-06-03 20:33:16,528 [WARN] PackLoader:240 - Cannot read IP mode file for STMicroelectronics.FP-SNS-MOTENV1.5.0.0
2024-06-03 20:33:16,548 [WARN] PackLoader:240 - Cannot read IP mode file for WES.I-CUBE-Cesium.1.3.0
2024-06-03 20:33:16,559 [WARN] PackLoader:240 - Cannot read IP mode file for STMicroelectronics.X-CUBE-BLE2.3.3.0
2024-06-03 20:33:16,589 [WARN] PackLoader:240 - Cannot read IP mode file for STMicroelectronics.X-CUBE-TCPP.4.1.0
2024-06-03 20:33:16,606 [WARN] PackLoader:240 - Cannot read IP mode file for STMicroelectronics.X-CUBE-ALGOBUILD.1.3.0
2024-06-03 20:33:16,645 [WARN] PackLoader:240 - Cannot read IP mode file for STMicroelectronics.X-CUBE-AZRTOS-G0.1.1.0
2024-06-03 20:33:16,658 [WARN] PackLoader:240 - Cannot read IP mode file for STMicroelectronics.X-CUBE-SAFEA1.1.2.2
2024-06-03 20:33:16,668 [WARN] PackLoader:240 - Cannot read IP mode file for STMicroelectronics.X-CUBE-NFC4.3.0.0
2024-06-03 20:33:16,676 [WARN] PackLoader:240 - Cannot read IP mode file for wolfSSL.I-CUBE-wolfMQTT.1.18.0
2024-06-03 20:33:16,688 [WARN] PackLoader:240 - Cannot read IP mode file for STMicroelectronics.X-CUBE-BLEMGR.3.0.0
2024-06-03 20:33:16,697 [WARN] PackLoader:240 - Cannot read IP mode file for STMicroelectronics.FP-ATR-SIGFOX1.3.2.0
2024-06-03 20:33:16,707 [WARN] PackLoader:240 - Cannot read IP mode file for STMicroelectronics.X-CUBE-EEPRMA1.5.1.0
2024-06-03 20:33:16,759 [WARN] PackLoader:240 - Cannot read IP mode file for SEGGER.I-CUBE-embOS.1.3.1
2024-06-03 20:33:16,807 [INFO] WebApp:192 - Starting web application
2024-06-03 20:33:16,808 [INFO] WebApp:544 - Web application path used C:\ST\STM32CubeIDE_1.14.1\STM32CubeIDE\plugins\com.st.stm32cube.common.mx_6.10.0.202311202037\db\plugins\mcufinder\reactClient1\index.html
2024-06-03 20:33:16,850 [WARN] PackLoader:240 - Cannot read IP mode file for STMicroelectronics.X-CUBE-ALGOBUILD.1.4.0
2024-06-03 20:33:16,864 [WARN] PackLoader:240 - Cannot read IP mode file for STMicroelectronics.X-CUBE-GNSS1.6.0.0
2024-06-03 20:33:16,886 [WARN] PackLoader:240 - Cannot read IP mode file for STMicroelectronics.X-CUBE-AZRTOS-F4.1.1.0
2024-06-03 20:33:16,898 [WARN] PackLoader:240 - Cannot read IP mode file for STMicroelectronics.X-CUBE-FREERTOS.1.2.0
2024-06-03 20:33:16,918 [WARN] PackLoader:240 - Cannot read IP mode file for STMicroelectronics.X-CUBE-AZRTOS-L5.2.0.0
2024-06-03 20:33:16,987 [WARN] PackLoader:240 - Cannot read IP mode file for STMicroelectronics.X-CUBE-MEMS1.9.6.0
2024-06-03 20:33:17,309 [WARN] PackLoader:240 - Cannot read IP mode file for STMicroelectronics.X-CUBE-EEPRMA1.4.2.0
2024-06-03 20:33:17,321 [WARN] PackLoader:240 - Cannot read IP mode file for STMicroelectronics.X-CUBE-NFC6.3.1.0
2024-06-03 20:33:17,335 [WARN] PackLoader:240 - Cannot read IP mode file for STMicroelectronics.X-CUBE-BLEMGR.2.0.0
2024-06-03 20:33:17,346 [WARN] PackLoader:240 - Cannot read IP mode file for STMicroelectronics.X-CUBE-AI.9.0.0
2024-06-03 20:33:17,373 [WARN] ConditionMgr:438 - getConditionDescription Invalid condition id : UX DEVICE CLASS RTOS Condition cause : null
2024-06-03 20:33:17,374 [WARN] ConditionMgr:438 - getConditionDescription Invalid condition id : UX DEVICE CLASS RTOS Condition cause : null
2024-06-03 20:33:17,378 [WARN] PackLoader:240 - Cannot read IP mode file for STMicroelectronics.X-CUBE-AZRTOS-H7.3.1.0
2024-06-03 20:33:17,379 [WARN] ConditionMgr:1039 - genDependencies : Invalid condition id : UX DEVICE CLASS RTOS Condition cause : null
2024-06-03 20:33:17,380 [WARN] ConditionMgr:1039 - genDependencies : Invalid condition id : UX DEVICE CLASS RTOS Condition cause : null
2024-06-03 20:33:17,380 [WARN] ConditionMgr:1039 - genDependencies : Invalid condition id : UX DEVICE CLASS RTOS Condition cause : null
2024-06-03 20:33:17,381 [WARN] ConditionMgr:1039 - genDependencies : Invalid condition id : UX DEVICE CLASS RTOS Condition cause : null
2024-06-03 20:33:17,381 [WARN] ConditionMgr:1039 - genDependencies : Invalid condition id : UX DEVICE CLASS RTOS Condition cause : null
2024-06-03 20:33:17,391 [WARN] PackLoader:240 - Cannot read IP mode file for STMicroelectronics.X-CUBE-NFC7.1.0.1
2024-06-03 20:33:17,402 [WARN] PackLoader:240 - Cannot read IP mode file for STMicroelectronics.X-CUBE-NFC6.3.0.0
2024-06-03 20:33:17,414 [WARN] PackLoader:240 - Cannot read IP mode file for STMicroelectronics.X-CUBE-EEPRMA1.4.1.0
2024-06-03 20:33:17,424 [WARN] PackLoader:240 - Cannot read IP mode file for STMicroelectronics.X-CUBE-AI.8.1.0
2024-06-03 20:33:17,452 [WARN] ConditionMgr:438 - getConditionDescription Invalid condition id : LAN8742 Phy interface Condition cause : null
2024-06-03 20:33:17,453 [WARN] PackLoader:240 - Cannot read IP mode file for STMicroelectronics.X-CUBE-AZRTOS-L4.2.0.0
2024-06-03 20:33:17,455 [WARN] ConditionMgr:1039 - genDependencies : Invalid condition id : LAN8742 Phy interface Condition cause : null
2024-06-03 20:33:17,457 [WARN] ConditionMgr:1039 - genDependencies : Invalid condition id : LAN8742 Phy interface Condition cause : null
2024-06-03 20:33:17,459 [WARN] ConditionMgr:1039 - genDependencies : Invalid condition id : LAN8742 Phy interface Condition cause : null
2024-06-03 20:33:17,476 [WARN] PackLoader:240 - Cannot read IP mode file for STMicroelectronics.X-CUBE-SFXS2LP1.4.0.0
2024-06-03 20:33:17,484 [WARN] PackLoader:240 - Cannot read IP mode file for STMicroelectronics.X-CUBE-ISPU.1.1.0
2024-06-03 20:33:17,511 [WARN] ConditionMgr:438 - getConditionDescription Invalid condition id : UX DEVICE CLASS RTOS Condition cause : null
2024-06-03 20:33:17,512 [WARN] ConditionMgr:438 - getConditionDescription Invalid condition id : UX DEVICE CLASS RTOS Condition cause : null
2024-06-03 20:33:17,515 [WARN] PackLoader:240 - Cannot read IP mode file for STMicroelectronics.X-CUBE-AZRTOS-WB.2.0.0
2024-06-03 20:33:17,516 [WARN] ConditionMgr:1039 - genDependencies : Invalid condition id : UX DEVICE CLASS RTOS Condition cause : null
2024-06-03 20:33:17,516 [WARN] ConditionMgr:1039 - genDependencies : Invalid condition id : UX DEVICE CLASS RTOS Condition cause : null
2024-06-03 20:33:17,517 [WARN] ConditionMgr:1039 - genDependencies : Invalid condition id : UX DEVICE CLASS RTOS Condition cause : null
2024-06-03 20:33:17,517 [WARN] ConditionMgr:1039 - genDependencies : Invalid condition id : UX DEVICE CLASS RTOS Condition cause : null
2024-06-03 20:33:17,518 [WARN] ConditionMgr:1039 - genDependencies : Invalid condition id : UX DEVICE CLASS RTOS Condition cause : null
2024-06-03 20:33:17,527 [WARN] PackLoader:240 - Cannot read IP mode file for STMicroelectronics.X-CUBE-FREERTOS.1.0.1
2024-06-03 20:33:17,549 [WARN] PackLoader:240 - Cannot read IP mode file for STMicroelectronics.X-CUBE-AZRTOS-L5.1.1.0
2024-06-03 20:33:17,560 [WARN] PackLoader:240 - Cannot read IP mode file for STMicroelectronics.X-CUBE-AI.8.0.1
2024-06-03 20:33:17,572 [WARN] PackLoader:240 - Cannot read IP mode file for STMicroelectronics.X-CUBE-SUBG2.5.0.0
2024-06-03 20:33:17,600 [WARN] PackLoader:240 - Cannot read IP mode file for STMicroelectronics.X-CUBE-TOF1.3.3.1
2024-06-03 20:33:17,633 [WARN] PackLoader:240 - Cannot read IP mode file for STMicroelectronics.X-CUBE-AZRTOS-G4.2.0.0
2024-06-03 20:33:17,648 [WARN] PackLoader:240 - Cannot read IP mode file for Infineon.AIROC-Wi-Fi-Bluetooth-STM32.1.5.1
2024-06-03 20:33:17,660 [WARN] PackLoader:240 - Cannot read IP mode file for STMicroelectronics.FP-SNS-MOTENVWB1.1.3.1
2024-06-03 20:33:17,667 [WARN] PackLoader:240 - Cannot read IP mode file for STMicroelectronics.X-CUBE-ALS.1.0.2
2024-06-03 20:33:17,677 [WARN] PackLoader:240 - Cannot read IP mode file for STMicroelectronics.X-CUBE-FREERTOS.1.1.0
2024-06-03 20:33:17,686 [WARN] PackLoader:240 - Cannot read IP mode file for portGmbH.I-Cube-SoM-uGOAL.1.1.0
2024-06-03 20:33:17,693 [WARN] PackLoader:240 - Cannot read IP mode file for STMicroelectronics.X-CUBE-ALS.1.0.1
2024-06-03 20:33:17,711 [WARN] PackLoader:240 - Cannot read IP mode file for STMicroelectronics.X-CUBE-AZRTOS-WB.1.1.0
2024-06-03 20:33:17,744 [WARN] PackLoader:240 - Cannot read IP mode file for STMicroelectronics.X-CUBE-AZRTOS-H7RS.1.0.0
2024-06-03 20:33:17,754 [WARN] PackLoader:240 - Cannot read IP mode file for STMicroelectronics.FP-ATR-ASTRA1.2.0.0
2024-06-03 20:33:17,769 [WARN] PackLoader:240 - Cannot read IP mode file for STMicroelectronics.X-CUBE-TOF1.3.4.0
2024-06-03 20:33:17,794 [WARN] PackLoader:240 - Cannot read IP mode file for STMicroelectronics.X-CUBE-TOF1.3.4.1
2024-06-03 20:33:17,806 [INFO] ThirdParty:978 - Integrity check success = true
2024-06-03 20:33:17,807 [INFO] IntegrityCheckThread:100 - exiting critical section [integrity check]
2024-06-03 20:33:17,807 [INFO] IntegrityCheckThread:103 - End integrity checks thread
2024-06-03 20:33:37,858 [ERROR] LogOutputStream:75 - [STDERR_REDIRECT] SLF4J: Failed to load class "org.slf4j.impl.StaticLoggerBinder".
2024-06-03 20:33:37,859 [ERROR] LogOutputStream:75 - [STDERR_REDIRECT] SLF4J: Defaulting to no-operation (NOP) logger implementation
2024-06-03 20:33:37,861 [ERROR] LogOutputStream:75 - [STDERR_REDIRECT] SLF4J: See http://www.slf4j.org/codes.html#StaticLoggerBinder for further details.
2024-06-03 21:27:02,093 [INFO] McuFinderGlobals:63 - Set McuFinder mode to 2 (CubeIDE integrated)
2024-06-03 21:27:02,134 [INFO] MainUpdater:2873 - connection check result : 10
2024-06-03 21:27:02,925 [INFO] ApiDb:581 - Connected to CubeFinder SQLite database (C:\Users\ACER\.stmcufinder\plugins\mcufinder\mcu\cube-finder-db.db)
2024-06-03 21:27:03,036 [INFO] ApiDb:668 - CubeFinder database Data Model version=2.1
2024-06-03 21:27:03,036 [INFO] ApiDb:669 - CubeFinder database Configuration version=3.0.39
2024-06-03 21:27:03,036 [INFO] ApiDb:670 - CubeFinder database generation date=2024-05-16 (1715872938)
2024-06-03 21:27:03,036 [INFO] ApiDb:671 - CubeFinder database FW Pack versions=[FP-ATR-ASTRA1_V2.0.0, FP-SNS-FLIGHT1_V5.0.1, FP-SNS-FLIGHT1_V5.0.2, FP-SNS-MOTENV1_V4.3.1, FP-SNS-MOTENV1_V4.3.2, FP-SNS-MOTENV1_V5.0.0, FP-SNS-MOTENVWB1_V1.4.0, FP-SNS-SMARTAG2_V1.2.0, STM32Cube_FW_C0_V1.1.0, STM32Cube_FW_F4_V1.28.0, STM32Cube_FW_F7_V1.17.0, STM32Cube_FW_G0_V1.6.2, STM32Cube_FW_G4_V1.5.2, STM32Cube_FW_H5_V0.5.1, STM32Cube_FW_H5_V1.1.1, STM32Cube_FW_H5_V1.2.0, STM32Cube_FW_H5_V1.2.0RC4, STM32Cube_FW_H7RS_V1.0.0, STM32Cube_FW_H7RS_V1.0.0RC4, STM32Cube_FW_H7_V1.11.0, STM32Cube_FW_L0_V1.12.2, STM32Cube_FW_L5_V1.5.1, STM32Cube_FW_U0_V1.0.0, STM32Cube_FW_U0_V1.0.0RC1, STM32Cube_FW_U5_V1.3.0RC4, STM32Cube_FW_U5_V1.5.0, STM32Cube_FW_U5_V1.5.0RC1, STM32Cube_FW_WBA_V1.0.0RC1, STM32Cube_FW_WBA_V1.2.0, STM32Cube_FW_WBA_V1.2.0RC2, STM32Cube_FW_WBA_V1.3.0, STM32Cube_FW_WBA_V1.3.0RC1, STM32Cube_FW_WB_V1.15.0RC1, STM32Cube_FW_WB_V1.16.0, STM32Cube_FW_WB_V1.16.0RC2, STM32Cube_FW_WB_V1.18.0, STM32Cube_FW_WB_V1.19.0, STM32Cube_FW_WL_V1.3.0, X-CUBE-ALGOBUILD_V1.4.0, X-CUBE-ALS_V1.0.1, X-CUBE-AZRTOS-F4_V1.1.0, X-CUBE-AZRTOS-F7_V1.1.0, X-CUBE-AZRTOS-G0_V1.1.0, X-CUBE-AZRTOS-G4_V2.0.0, X-CUBE-AZRTOS-H7_V3.2.0, X-CUBE-AZRTOS-L4_V1.0.0, X-CUBE-AZRTOS-L4_V2.0.0, X-CUBE-AZRTOS-L5_V1.1.0, X-CUBE-AZRTOS-WB_V2.0.0, X-CUBE-AZRTOS-WL_V2.0.0, X-CUBE-BLE1_V7.0.0, X-CUBE-BLE2_V3.3.0, X-CUBE-BLEMGR_V3.1.0, X-CUBE-EEPRMA1_V4.1.0, X-CUBE-EEPRMA1_V5.1.0, X-CUBE-FREERTOS_V1.1.0, X-CUBE-GNSS1_V6.0.0, X-CUBE-MEMS1_V10.0.0, X-CUBE-MEMS1_V9.1.0, X-CUBE-MEMS1_V9.4.0, X-CUBE-MEMS1_V9.6.0, X-CUBE-NFC4_V3.0.0, X-CUBE-NFC7_V1.0.1, X-CUBE-SFXS2LP1_V4.0.0, X-CUBE-SUBG2_V5.0.0, X-CUBE-TOF1_V3.4.0]
2024-06-03 21:27:03,183 [INFO] DbBoardsSqlite:226 - include board P-NUCLEO-WB55-NUCLEO as a kit item of type 'Nucleo-64'
2024-06-03 21:27:03,183 [INFO] DbBoardsSqlite:226 - include board P-NUCLEO-WB55-USBDONGLE as a kit item of type 'Nucleo USB Dongle'
2024-06-03 21:27:03,184 [INFO] DbBoardsSqlite:226 - include board STEVAL-IDP005V1 as a kit item of type 'Evaluation Board'
2024-06-03 21:27:03,184 [INFO] DbBoardsSqlite:226 - include board STEVAL-IDP005V2 as a kit item of type 'Evaluation Board'
2024-06-03 21:27:03,770 [INFO] ApiDb:240 - Found 371 in-development CPN: [B-G473E-ZEST1S, B-WB1M-WPAN1, B-WL5M-SUBG1, NUCLEO-C031C6, NUCLEO-H503RB, NUCLEO-H563ZI, NUCLEO-U545RE-Q, NUCLEO-U5A5ZJ-Q, NUCLEO-WBA52CG, NUCLEO-WBA55CG, STEVAL-MKBOXPRO, STEVAL-PROTEUS1, STEVAL-STWINBX1, STM320518-EVAL, STM32C0116-DK, STM32C011D6Y3TR, STM32C011D6Y6TR, STM32C011F4P3, STM32C011F4P6, STM32C011F4U3, STM32C011F4U6TR, STM32C011F6P3, STM32C011F6P6, STM32C011F6U3, STM32C011F6U6TR, STM32C011J4M3, STM32C011J4M6, STM32C011J6M3, STM32C011J6M6, STM32C0316-DK, STM32C031C4T3, STM32C031C4T6, STM32C031C4U3, STM32C031C4U6, STM32C031C6T3, STM32C031C6T6, STM32C031C6U3, STM32C031C6U6, STM32C031F4P3, STM32C031F4P6, STM32C031F6P3, STM32C031F6P6, STM32C031G4U3, STM32C031G4U6, STM32C031G6U3, STM32C031G6U6, STM32C031K4T3, STM32C031K4T6, STM32C031K4U3, STM32C031K4U6, STM32C031K6T3, STM32C031K6T6, STM32C031K6U3, STM32C031K6U6, STM32G071K8TXN, STM32G071K8UXN, STM32G081GBU6N, STM32G081KBT6N, STM32G081KBUXN, STM32G0B1CCT6N, STM32G0B1KCT6, STM32G0B1NEY6TR, STM32G0B1RCT6N, STM32G0C1CCT6, STM32G0C1CCT6N, STM32G0C1CCU6N, STM32G0C1CET6N, STM32G0C1CEU6N, STM32G0C1KCT6, STM32G0C1NEY6TR, STM32G0C1RCI6N, STM32G0C1RCT6N, STM32G0C1REI6N, STM32G0C1RET6N, STM32G0C1VCI6, STM32G0C1VEI6, STM32G471CCT6, STM32G471CCU6, STM32G471CET3, STM32G471CET6, STM32G471CEU3, STM32G471CEU6, STM32G471MCT6, STM32G471MET3, STM32G471MET6, STM32G471MEY6TR, STM32G471QCT6, STM32G471QET3, STM32G471RCT6, STM32G471RET3, STM32G471RET6, STM32G471VCH6, STM32G471VCI6, STM32G471VCT6, STM32G471VEH3, STM32G471VEH6, STM32G471VEI3, STM32G471VEI6, STM32G471VET3, STM32G471VET6, STM32G474CCT6, STM32H503CBT6, STM32H503CBU6, STM32H503EBY6TR, STM32H503KBU6, STM32H503RBT6, STM32H562AGI6, STM32H562AII6, STM32H562IGK6, STM32H562IGT6, STM32H562IIK6, STM32H562IIT6, STM32H562RGT6, STM32H562RGV6, STM32H562RIT6, STM32H562RIV6, STM32H562VGT6, STM32H562VIT6, STM32H562ZGT6, STM32H562ZIT6, STM32H563AGI6, STM32H563AII3Q, STM32H563AII6, STM32H563IGK6, STM32H563IGT6, STM32H563IIK3Q, STM32H563IIK6, STM32H563IIT3Q, STM32H563IIT6, STM32H563MIY3QTR, STM32H563RGT6, STM32H563RGV6, STM32H563RIT6, STM32H563RIV6, STM32H563VGT6, STM32H563VIT3Q, STM32H563VIT6, STM32H563ZGT6, STM32H563ZIT3Q, STM32H563ZIT6, STM32H573AII3Q, STM32H573AII6, STM32H573I-DK, STM32H573IIK3Q, STM32H573IIK6, STM32H573IIT3Q, STM32H573IIT6, STM32H573MIY3QTR, STM32H573RIT6, STM32H573RIV6, STM32H573VIT3Q, STM32H573VIT6, STM32H573ZIT3Q, STM32H573ZIT6, STM32L4R5QGI6STR, STM32MP131AAE3, STM32MP131AAF3, STM32MP131AAG3, STM32MP131CAE3, STM32MP131CAF3, STM32MP131CAG3, STM32MP131DAE7, STM32MP131DAF7, STM32MP131DAG7, STM32MP131FAE7, STM32MP131FAF7, STM32MP131FAG7, STM32MP133AAE3, STM32MP133AAF3, STM32MP133AAG3, STM32MP133CAE3, STM32MP133CAF3, STM32MP133CAG3, STM32MP133DAE7, STM32MP133DAF7, STM32MP133DAG7, STM32MP133FAE7, STM32MP133FAF7, STM32MP133FAG7, STM32MP135AAE3, STM32MP135AAF3, STM32MP135AAG3, STM32MP135CAE3, STM32MP135CAF3, STM32MP135CAG3, STM32MP135DAE7, STM32MP135DAF7, STM32MP135DAG7, STM32MP135F-DK, STM32MP135FAE7, STM32MP135FAF7, STM32MP135FAF7T, STM32MP135FAF7U, STM32MP135FAG7, STM32U535CBT6, STM32U535CBT6Q, STM32U535CBU6, STM32U535CBU6Q, STM32U535CCT6, STM32U535CCT6Q, STM32U535CCU6, STM32U535CCU6Q, STM32U535CET6, STM32U535CET6Q, STM32U535CEU6, STM32U535CEU6Q, STM32U535JEY6QTR, STM32U535NCY6QTR, STM32U535NEY6QTR, STM32U535RBI6, STM32U535RBI6Q, STM32U535RBT6, STM32U535RBT6Q, STM32U535RCI6, STM32U535RCI6Q, STM32U535RCT6, STM32U535RCT6Q, STM32U535REI6, STM32U535REI6Q, STM32U535RET6, STM32U535RET6Q, STM32U535VCI6, STM32U535VCI6Q, STM32U535VCT6, STM32U535VCT6Q, STM32U535VEI6, STM32U535VEI6Q, STM32U535VET6, STM32U535VET6Q, STM32U545CET6, STM32U545CET6Q, STM32U545CEU6, STM32U545CEU6Q, STM32U545JEY6QTR, STM32U545NEY6QTR, STM32U545REI6, STM32U545REI6Q, STM32U545RET6, STM32U545RET6Q, STM32U545VEI6, STM32U545VEI6Q, STM32U545VET6, STM32U545VET6Q, STM32U595AIH6, STM32U595AIH6Q, STM32U595AJH6, STM32U595AJH6Q, STM32U595QII6, STM32U595QII6Q, STM32U595QJI6, STM32U595QJI6Q, STM32U595RIT6, STM32U595RIT6Q, STM32U595RJT6, STM32U595RJT6Q, STM32U595VIT6, STM32U595VIT6Q, STM32U595VJT6, STM32U595VJT6Q, STM32U595ZIT6, STM32U595ZIT6Q, STM32U595ZIY6QTR, STM32U595ZJT6, STM32U595ZJT6Q, STM32U595ZJY6QTR, STM32U599BJY6QTR, STM32U599NIH6Q, STM32U599NJH6Q, STM32U599VIT6Q, STM32U599VJT6, STM32U599VJT6Q, STM32U599ZIT6Q, STM32U599ZIY6QTR, STM32U599ZJT6Q, STM32U599ZJY6QTR, STM32U5A5AJH6, STM32U5A5AJH6Q, STM32U5A5QJI6, STM32U5A5QJI6Q, STM32U5A5RJT6, STM32U5A5RJT6Q, STM32U5A5VJT6, STM32U5A5VJT6Q, STM32U5A5ZJT6, STM32U5A5ZJT6Q, STM32U5A5ZJY6QTR, STM32U5A9BJY6QTR, STM32U5A9J-DK, STM32U5A9NJH6Q, STM32U5A9VJT6Q, STM32U5A9ZJT6Q, STM32U5A9ZJY6QTR, STM32U5F7VIT6, STM32U5F7VIT6Q, STM32U5F7VJT6, STM32U5F7VJT6Q, STM32U5F9BJY6QTR, STM32U5F9NJH6Q, STM32U5F9VIT6Q, STM32U5F9VJT6Q, STM32U5F9ZIJ6QTR, STM32U5F9ZIT6Q, STM32U5F9ZJJ6QTR, STM32U5F9ZJT6Q, STM32U5G7VJT6, STM32U5G7VJT6Q, STM32U5G9BJY6QTR, STM32U5G9J-DK1, STM32U5G9J-DK2, STM32U5G9NJH6Q, STM32U5G9VJT6Q, STM32U5G9ZJJ6QTR, STM32U5G9ZJT6Q, STM32WB1MMCH6, STM32WBA50KEU6, STM32WBA50KEU6TR, STM32WBA50KGU6, STM32WBA50KGU6TR, STM32WBA52CEU6, STM32WBA52CEU6TR, STM32WBA52CEU7, STM32WBA52CEU7TR, STM32WBA52CGU6, STM32WBA52CGU6TR, STM32WBA52CGU6U, STM32WBA52CGU7, STM32WBA52CGU7TR, STM32WBA52KEU6, STM32WBA52KEU6TR, STM32WBA52KGU6, STM32WBA52KGU6TR, STM32WBA54CEU6, STM32WBA54CEU6TR, STM32WBA54CEU7, STM32WBA54CEU7TR, STM32WBA54CGU6, STM32WBA54CGU6TR, STM32WBA54CGU7, STM32WBA54CGU7TR, STM32WBA54KEU6, STM32WBA54KEU6TR, STM32WBA54KEU7, STM32WBA54KEU7TR, STM32WBA54KGU6, STM32WBA54KGU6TR, STM32WBA54KGU7, STM32WBA54KGU7TR, STM32WBA55CEU6, STM32WBA55CEU6TR, STM32WBA55CEU7, STM32WBA55CEU7TR, STM32WBA55CGU6, STM32WBA55CGU6TR, STM32WBA55CGU6U, STM32WBA55CGU7, STM32WBA55CGU7TR, STM32WBA55G-DK1, STM32WBA55HEF6, STM32WBA55HEF7, STM32WBA55HGF6, STM32WBA55HGF7, STM32WBA55UEI6, STM32WBA55UEI6TR, STM32WBA55UEI7, STM32WBA55UEI7TR, STM32WBA55UGI6, STM32WBA55UGI6TR, STM32WBA55UGI7, STM32WBA55UGI7TR, STM32WL5MOCH6, STM32WL5MOCH6TR]
2024-06-03 21:27:03,964 [INFO] BoardInfo:889 - No configuration file found for board NUCLEO-H533RE
2024-06-03 21:27:03,965 [INFO] DbBoards:161 - Board is not supported: NUCLEO-H533RE
2024-06-03 21:27:03,990 [INFO] BoardInfo:889 - No configuration file found for board NUCLEO-H7S3L8
2024-06-03 21:27:03,991 [INFO] DbBoards:161 - Board is not supported: NUCLEO-H7S3L8
2024-06-03 21:27:04,066 [INFO] BoardInfo:889 - No configuration file found for board NUCLEO-U031R8
2024-06-03 21:27:04,067 [INFO] DbBoards:161 - Board is not supported: NUCLEO-U031R8
2024-06-03 21:27:04,069 [INFO] BoardInfo:889 - No configuration file found for board NUCLEO-U083RC
2024-06-03 21:27:04,070 [INFO] DbBoards:161 - Board is not supported: NUCLEO-U083RC
2024-06-03 21:27:04,105 [INFO] BoardInfo:889 - No configuration file found for board P-NUCLEO-WB55
2024-06-03 21:27:04,105 [INFO] DbBoards:161 - Kit is not supported: P-NUCLEO-WB55
2024-06-03 21:27:04,119 [INFO] BoardInfo:889 - No configuration file found for board STEVAL-BFA001V1B
2024-06-03 21:27:04,119 [INFO] DbBoards:161 - Kit is not supported: STEVAL-BFA001V1B
2024-06-03 21:27:04,123 [INFO] BoardInfo:889 - No configuration file found for board STEVAL-BFA001V2B
2024-06-03 21:27:04,123 [INFO] DbBoards:161 - Kit is not supported: STEVAL-BFA001V2B
2024-06-03 21:27:04,346 [INFO] BoardInfo:889 - No configuration file found for board STM32H7S78-DK
2024-06-03 21:27:04,347 [INFO] DbBoards:161 - Board is not supported: STM32H7S78-DK
2024-06-03 21:27:04,415 [INFO] BoardInfo:889 - No configuration file found for board STM32U083C-DK
2024-06-03 21:27:04,415 [INFO] DbBoards:161 - Board is not supported: STM32U083C-DK
2024-06-03 21:27:04,435 [INFO] DbBoards:168 - Found 199 boards, 190 are supported
2024-06-03 21:27:04,435 [INFO] DbBoards:169 - Found 199 boards, 3 of them is supported for  Bsp
2024-06-03 21:27:04,440 [INFO] ApiDb:668 - CubeFinder database Data Model version=2.1
2024-06-03 21:27:04,441 [INFO] ApiDb:669 - CubeFinder database Configuration version=3.0.39
2024-06-03 21:27:04,441 [INFO] ApiDb:670 - CubeFinder database generation date=2024-05-16 (1715872938)
2024-06-03 21:27:04,441 [INFO] ApiDb:671 - CubeFinder database FW Pack versions=[FP-ATR-ASTRA1_V2.0.0, FP-SNS-FLIGHT1_V5.0.1, FP-SNS-FLIGHT1_V5.0.2, FP-SNS-MOTENV1_V4.3.1, FP-SNS-MOTENV1_V4.3.2, FP-SNS-MOTENV1_V5.0.0, FP-SNS-MOTENVWB1_V1.4.0, FP-SNS-SMARTAG2_V1.2.0, STM32Cube_FW_C0_V1.1.0, STM32Cube_FW_F4_V1.28.0, STM32Cube_FW_F7_V1.17.0, STM32Cube_FW_G0_V1.6.2, STM32Cube_FW_G4_V1.5.2, STM32Cube_FW_H5_V0.5.1, STM32Cube_FW_H5_V1.1.1, STM32Cube_FW_H5_V1.2.0, STM32Cube_FW_H5_V1.2.0RC4, STM32Cube_FW_H7RS_V1.0.0, STM32Cube_FW_H7RS_V1.0.0RC4, STM32Cube_FW_H7_V1.11.0, STM32Cube_FW_L0_V1.12.2, STM32Cube_FW_L5_V1.5.1, STM32Cube_FW_U0_V1.0.0, STM32Cube_FW_U0_V1.0.0RC1, STM32Cube_FW_U5_V1.3.0RC4, STM32Cube_FW_U5_V1.5.0, STM32Cube_FW_U5_V1.5.0RC1, STM32Cube_FW_WBA_V1.0.0RC1, STM32Cube_FW_WBA_V1.2.0, STM32Cube_FW_WBA_V1.2.0RC2, STM32Cube_FW_WBA_V1.3.0, STM32Cube_FW_WBA_V1.3.0RC1, STM32Cube_FW_WB_V1.15.0RC1, STM32Cube_FW_WB_V1.16.0, STM32Cube_FW_WB_V1.16.0RC2, STM32Cube_FW_WB_V1.18.0, STM32Cube_FW_WB_V1.19.0, STM32Cube_FW_WL_V1.3.0, X-CUBE-ALGOBUILD_V1.4.0, X-CUBE-ALS_V1.0.1, X-CUBE-AZRTOS-F4_V1.1.0, X-CUBE-AZRTOS-F7_V1.1.0, X-CUBE-AZRTOS-G0_V1.1.0, X-CUBE-AZRTOS-G4_V2.0.0, X-CUBE-AZRTOS-H7_V3.2.0, X-CUBE-AZRTOS-L4_V1.0.0, X-CUBE-AZRTOS-L4_V2.0.0, X-CUBE-AZRTOS-L5_V1.1.0, X-CUBE-AZRTOS-WB_V2.0.0, X-CUBE-AZRTOS-WL_V2.0.0, X-CUBE-BLE1_V7.0.0, X-CUBE-BLE2_V3.3.0, X-CUBE-BLEMGR_V3.1.0, X-CUBE-EEPRMA1_V4.1.0, X-CUBE-EEPRMA1_V5.1.0, X-CUBE-FREERTOS_V1.1.0, X-CUBE-GNSS1_V6.0.0, X-CUBE-MEMS1_V10.0.0, X-CUBE-MEMS1_V9.1.0, X-CUBE-MEMS1_V9.4.0, X-CUBE-MEMS1_V9.6.0, X-CUBE-NFC4_V3.0.0, X-CUBE-NFC7_V1.0.1, X-CUBE-SFXS2LP1_V4.0.0, X-CUBE-SUBG2_V5.0.0, X-CUBE-TOF1_V3.4.0]
2024-06-03 21:27:06,816 [INFO] ApiDb:240 - Found 371 in-development CPN: [B-G473E-ZEST1S, B-WB1M-WPAN1, B-WL5M-SUBG1, NUCLEO-C031C6, NUCLEO-H503RB, NUCLEO-H563ZI, NUCLEO-U545RE-Q, NUCLEO-U5A5ZJ-Q, NUCLEO-WBA52CG, NUCLEO-WBA55CG, STEVAL-MKBOXPRO, STEVAL-PROTEUS1, STEVAL-STWINBX1, STM320518-EVAL, STM32C0116-DK, STM32C011D6Y3TR, STM32C011D6Y6TR, STM32C011F4P3, STM32C011F4P6, STM32C011F4U3, STM32C011F4U6TR, STM32C011F6P3, STM32C011F6P6, STM32C011F6U3, STM32C011F6U6TR, STM32C011J4M3, STM32C011J4M6, STM32C011J6M3, STM32C011J6M6, STM32C0316-DK, STM32C031C4T3, STM32C031C4T6, STM32C031C4U3, STM32C031C4U6, STM32C031C6T3, STM32C031C6T6, STM32C031C6U3, STM32C031C6U6, STM32C031F4P3, STM32C031F4P6, STM32C031F6P3, STM32C031F6P6, STM32C031G4U3, STM32C031G4U6, STM32C031G6U3, STM32C031G6U6, STM32C031K4T3, STM32C031K4T6, STM32C031K4U3, STM32C031K4U6, STM32C031K6T3, STM32C031K6T6, STM32C031K6U3, STM32C031K6U6, STM32G071K8TXN, STM32G071K8UXN, STM32G081GBU6N, STM32G081KBT6N, STM32G081KBUXN, STM32G0B1CCT6N, STM32G0B1KCT6, STM32G0B1NEY6TR, STM32G0B1RCT6N, STM32G0C1CCT6, STM32G0C1CCT6N, STM32G0C1CCU6N, STM32G0C1CET6N, STM32G0C1CEU6N, STM32G0C1KCT6, STM32G0C1NEY6TR, STM32G0C1RCI6N, STM32G0C1RCT6N, STM32G0C1REI6N, STM32G0C1RET6N, STM32G0C1VCI6, STM32G0C1VEI6, STM32G471CCT6, STM32G471CCU6, STM32G471CET3, STM32G471CET6, STM32G471CEU3, STM32G471CEU6, STM32G471MCT6, STM32G471MET3, STM32G471MET6, STM32G471MEY6TR, STM32G471QCT6, STM32G471QET3, STM32G471RCT6, STM32G471RET3, STM32G471RET6, STM32G471VCH6, STM32G471VCI6, STM32G471VCT6, STM32G471VEH3, STM32G471VEH6, STM32G471VEI3, STM32G471VEI6, STM32G471VET3, STM32G471VET6, STM32G474CCT6, STM32H503CBT6, STM32H503CBU6, STM32H503EBY6TR, STM32H503KBU6, STM32H503RBT6, STM32H562AGI6, STM32H562AII6, STM32H562IGK6, STM32H562IGT6, STM32H562IIK6, STM32H562IIT6, STM32H562RGT6, STM32H562RGV6, STM32H562RIT6, STM32H562RIV6, STM32H562VGT6, STM32H562VIT6, STM32H562ZGT6, STM32H562ZIT6, STM32H563AGI6, STM32H563AII3Q, STM32H563AII6, STM32H563IGK6, STM32H563IGT6, STM32H563IIK3Q, STM32H563IIK6, STM32H563IIT3Q, STM32H563IIT6, STM32H563MIY3QTR, STM32H563RGT6, STM32H563RGV6, STM32H563RIT6, STM32H563RIV6, STM32H563VGT6, STM32H563VIT3Q, STM32H563VIT6, STM32H563ZGT6, STM32H563ZIT3Q, STM32H563ZIT6, STM32H573AII3Q, STM32H573AII6, STM32H573I-DK, STM32H573IIK3Q, STM32H573IIK6, STM32H573IIT3Q, STM32H573IIT6, STM32H573MIY3QTR, STM32H573RIT6, STM32H573RIV6, STM32H573VIT3Q, STM32H573VIT6, STM32H573ZIT3Q, STM32H573ZIT6, STM32L4R5QGI6STR, STM32MP131AAE3, STM32MP131AAF3, STM32MP131AAG3, STM32MP131CAE3, STM32MP131CAF3, STM32MP131CAG3, STM32MP131DAE7, STM32MP131DAF7, STM32MP131DAG7, STM32MP131FAE7, STM32MP131FAF7, STM32MP131FAG7, STM32MP133AAE3, STM32MP133AAF3, STM32MP133AAG3, STM32MP133CAE3, STM32MP133CAF3, STM32MP133CAG3, STM32MP133DAE7, STM32MP133DAF7, STM32MP133DAG7, STM32MP133FAE7, STM32MP133FAF7, STM32MP133FAG7, STM32MP135AAE3, STM32MP135AAF3, STM32MP135AAG3, STM32MP135CAE3, STM32MP135CAF3, STM32MP135CAG3, STM32MP135DAE7, STM32MP135DAF7, STM32MP135DAG7, STM32MP135F-DK, STM32MP135FAE7, STM32MP135FAF7, STM32MP135FAF7T, STM32MP135FAF7U, STM32MP135FAG7, STM32U535CBT6, STM32U535CBT6Q, STM32U535CBU6, STM32U535CBU6Q, STM32U535CCT6, STM32U535CCT6Q, STM32U535CCU6, STM32U535CCU6Q, STM32U535CET6, STM32U535CET6Q, STM32U535CEU6, STM32U535CEU6Q, STM32U535JEY6QTR, STM32U535NCY6QTR, STM32U535NEY6QTR, STM32U535RBI6, STM32U535RBI6Q, STM32U535RBT6, STM32U535RBT6Q, STM32U535RCI6, STM32U535RCI6Q, STM32U535RCT6, STM32U535RCT6Q, STM32U535REI6, STM32U535REI6Q, STM32U535RET6, STM32U535RET6Q, STM32U535VCI6, STM32U535VCI6Q, STM32U535VCT6, STM32U535VCT6Q, STM32U535VEI6, STM32U535VEI6Q, STM32U535VET6, STM32U535VET6Q, STM32U545CET6, STM32U545CET6Q, STM32U545CEU6, STM32U545CEU6Q, STM32U545JEY6QTR, STM32U545NEY6QTR, STM32U545REI6, STM32U545REI6Q, STM32U545RET6, STM32U545RET6Q, STM32U545VEI6, STM32U545VEI6Q, STM32U545VET6, STM32U545VET6Q, STM32U595AIH6, STM32U595AIH6Q, STM32U595AJH6, STM32U595AJH6Q, STM32U595QII6, STM32U595QII6Q, STM32U595QJI6, STM32U595QJI6Q, STM32U595RIT6, STM32U595RIT6Q, STM32U595RJT6, STM32U595RJT6Q, STM32U595VIT6, STM32U595VIT6Q, STM32U595VJT6, STM32U595VJT6Q, STM32U595ZIT6, STM32U595ZIT6Q, STM32U595ZIY6QTR, STM32U595ZJT6, STM32U595ZJT6Q, STM32U595ZJY6QTR, STM32U599BJY6QTR, STM32U599NIH6Q, STM32U599NJH6Q, STM32U599VIT6Q, STM32U599VJT6, STM32U599VJT6Q, STM32U599ZIT6Q, STM32U599ZIY6QTR, STM32U599ZJT6Q, STM32U599ZJY6QTR, STM32U5A5AJH6, STM32U5A5AJH6Q, STM32U5A5QJI6, STM32U5A5QJI6Q, STM32U5A5RJT6, STM32U5A5RJT6Q, STM32U5A5VJT6, STM32U5A5VJT6Q, STM32U5A5ZJT6, STM32U5A5ZJT6Q, STM32U5A5ZJY6QTR, STM32U5A9BJY6QTR, STM32U5A9J-DK, STM32U5A9NJH6Q, STM32U5A9VJT6Q, STM32U5A9ZJT6Q, STM32U5A9ZJY6QTR, STM32U5F7VIT6, STM32U5F7VIT6Q, STM32U5F7VJT6, STM32U5F7VJT6Q, STM32U5F9BJY6QTR, STM32U5F9NJH6Q, STM32U5F9VIT6Q, STM32U5F9VJT6Q, STM32U5F9ZIJ6QTR, STM32U5F9ZIT6Q, STM32U5F9ZJJ6QTR, STM32U5F9ZJT6Q, STM32U5G7VJT6, STM32U5G7VJT6Q, STM32U5G9BJY6QTR, STM32U5G9J-DK1, STM32U5G9J-DK2, STM32U5G9NJH6Q, STM32U5G9VJT6Q, STM32U5G9ZJJ6QTR, STM32U5G9ZJT6Q, STM32WB1MMCH6, STM32WBA50KEU6, STM32WBA50KEU6TR, STM32WBA50KGU6, STM32WBA50KGU6TR, STM32WBA52CEU6, STM32WBA52CEU6TR, STM32WBA52CEU7, STM32WBA52CEU7TR, STM32WBA52CGU6, STM32WBA52CGU6TR, STM32WBA52CGU6U, STM32WBA52CGU7, STM32WBA52CGU7TR, STM32WBA52KEU6, STM32WBA52KEU6TR, STM32WBA52KGU6, STM32WBA52KGU6TR, STM32WBA54CEU6, STM32WBA54CEU6TR, STM32WBA54CEU7, STM32WBA54CEU7TR, STM32WBA54CGU6, STM32WBA54CGU6TR, STM32WBA54CGU7, STM32WBA54CGU7TR, STM32WBA54KEU6, STM32WBA54KEU6TR, STM32WBA54KEU7, STM32WBA54KEU7TR, STM32WBA54KGU6, STM32WBA54KGU6TR, STM32WBA54KGU7, STM32WBA54KGU7TR, STM32WBA55CEU6, STM32WBA55CEU6TR, STM32WBA55CEU7, STM32WBA55CEU7TR, STM32WBA55CGU6, STM32WBA55CGU6TR, STM32WBA55CGU6U, STM32WBA55CGU7, STM32WBA55CGU7TR, STM32WBA55G-DK1, STM32WBA55HEF6, STM32WBA55HEF7, STM32WBA55HGF6, STM32WBA55HGF7, STM32WBA55UEI6, STM32WBA55UEI6TR, STM32WBA55UEI7, STM32WBA55UEI7TR, STM32WBA55UGI6, STM32WBA55UGI6TR, STM32WBA55UGI7, STM32WBA55UGI7TR, STM32WL5MOCH6, STM32WL5MOCH6TR]
2024-06-03 21:27:06,821 [INFO] DbMcus:218 - Found 4092 MCUs, 4092 are supported
2024-06-03 21:27:06,824 [INFO] ApiDb:423 - Load user favorites file C:\Users\ACER/.stm32cubeide/favorites.mcus.txt: 0 item(s)
2024-06-03 21:27:06,824 [INFO] ApiDb:427 - User favorites MCUs=[]
2024-06-03 21:27:06,825 [INFO] DbMcus:224 - Set 0 / 0 favorites MCUs
2024-06-03 21:27:07,262 [INFO] ApiDb:414 - User favorites file not found: C:\Users\ACER/.stm32cubeide/favorites.boards.txt
2024-06-03 21:27:07,263 [INFO] DbBoards:198 - Set 0 / 0 favorites Boards
2024-06-03 21:27:07,263 [INFO] McuFinderGlobals:76 - Set McuFinderConnectedMode to true
2024-06-03 21:27:07,274 [INFO] MultiScanPanel:200 - Auto-refresh data requested => check proxy status ongoing
2024-06-03 21:27:07,280 [INFO] FinderPluginLoader:95 - Searching for filters in installed packs
2024-06-03 21:27:08,939 [INFO] LoadUrlFilesThread:185 - End of LoadServerUrlFiles without Thread
2024-06-03 21:27:08,989 [INFO] DetailPanel:341 - Set advertising image to C:/Users/ACER/STM32Cube/Repository/\en.prom-stm32h7rs-mcu-finder.jpg
2024-06-03 21:28:47,202 [INFO] MainUpdater:2873 - connection check result : 10
2024-06-03 21:28:47,203 [INFO] MainUpdater:2873 - connection check result : 10
2024-06-03 21:28:47,260 [INFO] MicroXplorer:468 - Change Database Path : 
2024-06-03 21:28:47,260 [INFO] MicroXplorer:498 - Change Database Version : DB.6.0.100
2024-06-03 21:28:47,270 [WARN] ThirdParty:871 - waiting for thirdparty lock release [close project]
2024-06-03 21:28:47,271 [INFO] ThirdParty:873 - entering critical section [close project]
2024-06-03 21:28:47,273 [INFO] ThirdParty:883 - exiting critical section [close project]
2024-06-03 21:28:47,280 [INFO] PinOutPanel:1499 - setPackage(No Configuration,No Configuration)
2024-06-03 21:28:47,294 [INFO] UtilMem:75 - Begin LoadConfig() Used Memory: 629341144 Bytes (1073741824)
2024-06-03 21:28:47,300 [INFO] MicroXplorer:468 - Change Database Path : 
2024-06-03 21:28:47,300 [INFO] MicroXplorer:498 - Change Database Version : DB.6.0.100
2024-06-03 21:28:47,301 [INFO] OpenFileManager:312 - Change cursor
2024-06-03 21:28:47,504 [INFO] Mcu:2016 - Initializing MCU STM32F103C8Tx STM32F103C8Tx STM32F103C8T6
2024-06-03 21:28:48,839 [INFO] Context:659 - Trying to add GPIOservice into a context  which must be forbidden
2024-06-03 21:28:49,142 [INFO] ImportTextPane:194 - (OptionalMessage_ERROR) Unable to find key (Mcu.ThirdPartyNb) in loaded IOC file
2024-06-03 21:28:49,143 [INFO] ImportTextPane:194 - (OptionalMessage_ERROR) Unable to find key (Mcu.PinsNb) in loaded IOC file
2024-06-03 21:28:49,143 [INFO] ImportTextPane:194 - (OptionalMessage_ERROR) Unable to find key (Mcu.IPNb) in loaded IOC file
2024-06-03 21:28:49,504 [INFO] RtosManager:555 - Registered RTOS mode: class=CMSIS, group=RTOS, mode=CMSIS_V1, owner=FREERTOS
2024-06-03 21:28:49,504 [INFO] RtosManager:555 - Registered RTOS mode: class=CMSIS, group=RTOS2, mode=CMSIS_V2, owner=FREERTOS
2024-06-03 21:28:49,505 [INFO] RtosManager:555 - Registered RTOS mode: class=RTOS, group=Core, mode=CMSIS_V1, owner=FREERTOS
2024-06-03 21:28:49,505 [INFO] RtosManager:555 - Registered RTOS mode: class=RTOS, group=Core, mode=CMSIS_V2, owner=FREERTOS
2024-06-03 21:28:49,505 [WARN] ModelIntegratedComponent:184 - Missing modes for component STMicroelectronics:FreeRTOS:0.0.1:STMicroelectronics:RTOS:FreeRTOS:Core:::10.2.0:
2024-06-03 21:28:49,525 [WARN] ModelIntegratedComponent:63 - No mode defined for component null
2024-06-03 21:28:49,525 [WARN] ModelIntegratedComponent:63 - No mode defined for component null
2024-06-03 21:28:49,525 [WARN] ModelIntegratedComponent:63 - No mode defined for component null
2024-06-03 21:28:49,525 [WARN] ModelIntegratedComponent:63 - No mode defined for component null
2024-06-03 21:28:49,525 [WARN] ModelIntegratedComponent:63 - No mode defined for component null
2024-06-03 21:28:49,525 [WARN] ModelIntegratedComponent:63 - No mode defined for component null
2024-06-03 21:28:49,526 [WARN] ModelIntegratedComponent:63 - No mode defined for component null
2024-06-03 21:28:49,526 [WARN] ModelIntegratedComponent:63 - No mode defined for component null
2024-06-03 21:28:49,526 [WARN] ModelIntegratedComponent:63 - No mode defined for component null
2024-06-03 21:28:49,526 [WARN] ModelIntegratedComponent:63 - No mode defined for component null
2024-06-03 21:28:49,526 [WARN] ModelIntegratedComponent:63 - No mode defined for component null
2024-06-03 21:28:49,526 [WARN] ModelIntegratedComponent:63 - No mode defined for component null
2024-06-03 21:28:49,526 [WARN] ModelIntegratedComponent:63 - No mode defined for component null
2024-06-03 21:28:49,526 [WARN] ModelIntegratedComponent:63 - No mode defined for component null
2024-06-03 21:28:49,526 [WARN] ModelIntegratedComponent:63 - No mode defined for component null
2024-06-03 21:28:49,526 [WARN] ModelIntegratedComponent:63 - No mode defined for component null
2024-06-03 21:28:49,526 [WARN] ModelIntegratedComponent:63 - No mode defined for component null
2024-06-03 21:28:49,526 [WARN] ModelIntegratedComponent:63 - No mode defined for component null
2024-06-03 21:28:49,526 [WARN] ModelIntegratedComponent:63 - No mode defined for component null
2024-06-03 21:28:49,527 [WARN] ModelIntegratedComponent:63 - No mode defined for component null
2024-06-03 21:28:49,527 [WARN] ModelIntegratedComponent:63 - No mode defined for component null
2024-06-03 21:28:49,527 [WARN] ModelIntegratedComponent:63 - No mode defined for component null
2024-06-03 21:28:49,527 [WARN] ModelIntegratedComponent:63 - No mode defined for component null
2024-06-03 21:28:49,527 [WARN] ModelIntegratedComponent:63 - No mode defined for component null
2024-06-03 21:28:49,527 [WARN] ModelIntegratedComponent:63 - No mode defined for component null
2024-06-03 21:28:49,527 [WARN] ModelIntegratedComponent:63 - No mode defined for component null
2024-06-03 21:28:49,527 [WARN] ModelIntegratedComponent:63 - No mode defined for component null
2024-06-03 21:28:49,527 [WARN] ModelIntegratedComponent:63 - No mode defined for component null
2024-06-03 21:28:49,527 [WARN] ModelIntegratedComponent:63 - No mode defined for component null
2024-06-03 21:28:49,527 [WARN] ModelIntegratedComponent:63 - No mode defined for component null
2024-06-03 21:28:49,527 [WARN] ModelIntegratedComponent:63 - No mode defined for component null
2024-06-03 21:28:49,527 [WARN] ModelIntegratedComponent:63 - No mode defined for component null
2024-06-03 21:28:49,527 [WARN] ModelIntegratedComponent:63 - No mode defined for component null
2024-06-03 21:28:49,572 [INFO] ThirdPartyModel:298 - Start build external matchings
2024-06-03 21:28:50,502 [INFO] ThirdPartyModel:316 - End build external matchings
2024-06-03 21:28:50,782 [INFO] UtilMem:75 - End LoadConfig() Used Memory: 816758816 Bytes (1073741824)
2024-06-03 21:28:50,813 [INFO] MicroXplorer:468 - Change Database Path : 
2024-06-03 21:28:50,814 [INFO] MicroXplorer:498 - Change Database Version : DB.6.0.100
2024-06-03 21:28:50,815 [WARN] ThirdParty:833 - waiting for thirdparty lock release [change project]
2024-06-03 21:28:50,815 [INFO] ThirdParty:835 - entering critical section [change project]
2024-06-03 21:28:50,816 [INFO] ThirdParty:1030 - CMSIS Pack Vendor :STMicroelectronics X-CUBE-ISPU 1.1.0
2024-06-03 21:28:50,816 [INFO] ThirdParty:1030 - CMSIS Pack Vendor :STMicroelectronics USBPD 4.1
2024-06-03 21:28:50,816 [INFO] ThirdParty:1030 - CMSIS Pack Vendor :STMicroelectronics X-CUBE-GNSS1 6.0.0
2024-06-03 21:28:50,816 [INFO] ThirdParty:1030 - CMSIS Pack Vendor :STMicroelectronics USB_HOST 2.0.0
2024-06-03 21:28:50,816 [INFO] ThirdParty:1030 - CMSIS Pack Vendor :STMicroelectronics FP-SNS-MOTENVWB1 1.4.0
2024-06-03 21:28:50,816 [INFO] ThirdParty:1030 - CMSIS Pack Vendor :STMicroelectronics X-CUBE-AZRTOS-F4 1.1.0
2024-06-03 21:28:50,816 [INFO] ThirdParty:1030 - CMSIS Pack Vendor :STMicroelectronics LIBJPEG 8.0.0
2024-06-03 21:28:50,816 [INFO] ThirdParty:1030 - CMSIS Pack Vendor :STMicroelectronics X-CUBE-SMBUS 2.1.0
2024-06-03 21:28:50,816 [INFO] ThirdParty:1030 - CMSIS Pack Vendor :STMicroelectronics USB_DEVICE 3.0.0
2024-06-03 21:28:50,816 [INFO] ThirdParty:1030 - CMSIS Pack Vendor :STMicroelectronics X-CUBE-TCPP 4.1.0
2024-06-03 21:28:50,816 [INFO] ThirdParty:1030 - CMSIS Pack Vendor :STMicroelectronics X-CUBE-FREERTOS 1.2.0
2024-06-03 21:28:50,816 [INFO] ThirdParty:1030 - CMSIS Pack Vendor :STMicroelectronics X-CUBE-AZRTOS-WB 2.0.0
2024-06-03 21:28:50,817 [INFO] ThirdParty:1030 - CMSIS Pack Vendor :STMicroelectronics X-CUBE-FREERTOS 1.0.1
2024-06-03 21:28:50,817 [INFO] ThirdParty:1030 - CMSIS Pack Vendor :STMicroelectronics X-CUBE-TOUCHGFX 4.23.0
2024-06-03 21:28:50,817 [INFO] ThirdParty:1030 - CMSIS Pack Vendor :STMicroelectronics X-CUBE-TOUCHGFX 4.23.2
2024-06-03 21:28:50,817 [INFO] ThirdParty:1030 - CMSIS Pack Vendor :STMicroelectronics X-CUBE-AZRTOS-F7 1.1.0
2024-06-03 21:28:50,817 [INFO] ThirdParty:1030 - CMSIS Pack Vendor :STMicroelectronics X-CUBE-AZRTOS-L5 2.0.0
2024-06-03 21:28:50,817 [INFO] ThirdParty:1030 - CMSIS Pack Vendor :STMicroelectronics USB_DEVICE 2.0.0
2024-06-03 21:28:50,817 [INFO] ThirdParty:1030 - CMSIS Pack Vendor :STMicroelectronics X-CUBE-MEMS1 9.6.0
2024-06-03 21:28:50,817 [INFO] ThirdParty:1030 - CMSIS Pack Vendor :STMicroelectronics X-CUBE-EEPRMA1 4.2.0
2024-06-03 21:28:50,817 [INFO] ThirdParty:1030 - CMSIS Pack Vendor :STMicroelectronics X-CUBE-NFC6 3.1.0
2024-06-03 21:28:50,817 [INFO] ThirdParty:1030 - CMSIS Pack Vendor :STMicroelectronics FP-SNS-MOTENV1 4.3.2
2024-06-03 21:28:50,818 [INFO] ThirdParty:1030 - CMSIS Pack Vendor :STMicroelectronics X-CUBE-ALGOBUILD 1.3.0
2024-06-03 21:28:50,818 [INFO] ThirdParty:1030 - CMSIS Pack Vendor :STMicroelectronics X-CUBE-BLE1 6.2.4
2024-06-03 21:28:50,818 [INFO] ThirdParty:1030 - CMSIS Pack Vendor :STMicroelectronics X-CUBE-AZRTOS-L5 1.1.0
2024-06-03 21:28:50,818 [INFO] ThirdParty:1030 - CMSIS Pack Vendor :STMicroelectronics FreeRTOS 0.0.1
2024-06-03 21:28:50,818 [INFO] ThirdParty:1030 - CMSIS Pack Vendor :STMicroelectronics X-CUBE-AZRTOS-G0 1.1.0
2024-06-03 21:28:50,818 [INFO] ThirdParty:1030 - CMSIS Pack Vendor :STMicroelectronics X-CUBE-BLEMGR 2.0.0
2024-06-03 21:28:50,818 [INFO] ThirdParty:1030 - CMSIS Pack Vendor :STMicroelectronics X-CUBE-AI 8.0.1
2024-06-03 21:28:50,819 [INFO] ThirdParty:1030 - CMSIS Pack Vendor :STMicroelectronics X-CUBE-SAFEA1 1.2.2
2024-06-03 21:28:50,819 [INFO] ThirdParty:1030 - CMSIS Pack Vendor :STMicroelectronics X-CUBE-NFC4 3.0.0
2024-06-03 21:28:50,819 [INFO] ThirdParty:1030 - CMSIS Pack Vendor :STMicroelectronics X-CUBE-SUBG2 5.0.0
2024-06-03 21:28:50,820 [INFO] ThirdParty:1030 - CMSIS Pack Vendor :STMicroelectronics STM32_WPAN 1.0.0
2024-06-03 21:28:50,820 [INFO] ThirdParty:1030 - CMSIS Pack Vendor :wolfSSL I-CUBE-wolfMQTT 1.18.0
2024-06-03 21:28:50,820 [INFO] ThirdParty:1030 - CMSIS Pack Vendor :STMicroelectronics lwIP 2.0.3
2024-06-03 21:28:50,821 [INFO] ThirdParty:1030 - CMSIS Pack Vendor :STMicroelectronics USB_HOST 1.0.0
2024-06-03 21:28:50,821 [INFO] ThirdParty:1030 - CMSIS Pack Vendor :STMicroelectronics X-CUBE-TOF1 3.3.1
2024-06-03 21:28:50,821 [INFO] ThirdParty:1030 - CMSIS Pack Vendor :STMicroelectronics X-CUBE-AI 9.0.0
2024-06-03 21:28:50,821 [INFO] ThirdParty:1030 - CMSIS Pack Vendor :STMicroelectronics X-CUBE-AZRTOS-G4 2.0.0
2024-06-03 21:28:50,821 [INFO] ThirdParty:1030 - CMSIS Pack Vendor :STMicroelectronics PDM2PCM 3.1.0
2024-06-03 21:28:50,821 [INFO] ThirdParty:1030 - CMSIS Pack Vendor :STMicroelectronics X-CUBE-AZRTOS-H7 3.1.0
2024-06-03 21:28:50,821 [INFO] ThirdParty:1030 - CMSIS Pack Vendor :Infineon AIROC-Wi-Fi-Bluetooth-STM32 1.5.1
2024-06-03 21:28:50,822 [INFO] ThirdParty:1030 - CMSIS Pack Vendor :STMicroelectronics X-CUBE-BLEMGR 3.0.0
2024-06-03 21:28:50,822 [INFO] ThirdParty:1030 - CMSIS Pack Vendor :STMicroelectronics PDM2PCM 3.3.0
2024-06-03 21:28:50,822 [INFO] ThirdParty:1030 - CMSIS Pack Vendor :STMicroelectronics X-CUBE-DISPLAY 3.0.0
2024-06-03 21:28:50,823 [INFO] ThirdParty:1030 - CMSIS Pack Vendor :STMicroelectronics FP-SNS-MOTENVWB1 1.3.1
2024-06-03 21:28:50,823 [INFO] ThirdParty:1030 - CMSIS Pack Vendor :STMicroelectronics X-CUBE-BLE1 7.0.0
2024-06-03 21:28:50,823 [INFO] ThirdParty:1030 - CMSIS Pack Vendor :STMicroelectronics FP-ATR-SIGFOX1 3.2.0
2024-06-03 21:28:50,823 [INFO] ThirdParty:1030 - CMSIS Pack Vendor :STMicroelectronics X-CUBE-EEPRMA1 5.1.0
2024-06-03 21:28:50,823 [INFO] ThirdParty:1030 - CMSIS Pack Vendor :STMicroelectronics HAL Drivers 0.0.0
2024-06-03 21:28:50,823 [INFO] ThirdParty:1030 - CMSIS Pack Vendor :STMicroelectronics MBEDTLS 2.16.2
2024-06-03 21:28:50,823 [INFO] ThirdParty:1030 - CMSIS Pack Vendor :STMicroelectronics X-CUBE-ALS 1.0.2
2024-06-03 21:28:50,824 [INFO] ThirdParty:1030 - CMSIS Pack Vendor :emotas I-CUBE-CANOPEN 1.3.0
2024-06-03 21:28:50,824 [INFO] ThirdParty:1030 - CMSIS Pack Vendor :STMicroelectronics X-CUBE-FREERTOS 1.1.0
2024-06-03 21:28:50,824 [INFO] ThirdParty:1030 - CMSIS Pack Vendor :STMicroelectronics X-CUBE-TOUCHGFX 4.22.0
2024-06-03 21:28:50,824 [INFO] ThirdParty:1030 - CMSIS Pack Vendor :STMicroelectronics X-CUBE-NFC7 1.0.1
2024-06-03 21:28:50,824 [INFO] ThirdParty:1030 - CMSIS Pack Vendor :STMicroelectronics MBEDTLS 2.14.1
2024-06-03 21:28:50,824 [INFO] ThirdParty:1030 - CMSIS Pack Vendor :STMicroelectronics X-CUBE-NFC6 3.0.0
2024-06-03 21:28:50,824 [INFO] ThirdParty:1030 - CMSIS Pack Vendor :STMicroelectronics X-CUBE-EEPRMA1 4.1.0
2024-06-03 21:28:50,824 [INFO] ThirdParty:1030 - CMSIS Pack Vendor :portGmbH I-Cube-SoM-uGOAL 1.1.0
2024-06-03 21:28:50,825 [INFO] ThirdParty:1030 - CMSIS Pack Vendor :STMicroelectronics X-CUBE-ALS 1.0.1
2024-06-03 21:28:50,825 [INFO] ThirdParty:1030 - CMSIS Pack Vendor :STMicroelectronics X-CUBE-BLEMGR 3.1.0
2024-06-03 21:28:50,825 [INFO] ThirdParty:1030 - CMSIS Pack Vendor :STMicroelectronics ThreadX 1.0.0
2024-06-03 21:28:50,825 [INFO] ThirdParty:1030 - CMSIS Pack Vendor :STMicroelectronics X-CUBE-AZRTOS-WB 1.1.0
2024-06-03 21:28:50,825 [INFO] ThirdParty:1030 - CMSIS Pack Vendor :STMicroelectronics X-CUBE-AZRTOS-WL 2.0.0
2024-06-03 21:28:50,826 [INFO] ThirdParty:1030 - CMSIS Pack Vendor :SEGGER I-CUBE-embOS 1.3.1
2024-06-03 21:28:50,826 [INFO] ThirdParty:1030 - CMSIS Pack Vendor :STMicroelectronics X-CUBE-ALGOBUILD 1.4.0
2024-06-03 21:28:50,826 [INFO] ThirdParty:1030 - CMSIS Pack Vendor :STMicroelectronics FP-SNS-MOTENV1 5.0.0
2024-06-03 21:28:50,826 [INFO] ThirdParty:1030 - CMSIS Pack Vendor :STMicroelectronics USB_DEVICE 1.0.0
2024-06-03 21:28:50,826 [INFO] ThirdParty:1030 - CMSIS Pack Vendor :STMicroelectronics X-CUBE-AI 8.1.0
2024-06-03 21:28:50,826 [INFO] ThirdParty:1030 - CMSIS Pack Vendor :STMicroelectronics X-CUBE-AZRTOS-H7RS 1.0.0
2024-06-03 21:28:50,826 [INFO] ThirdParty:1030 - CMSIS Pack Vendor :STMicroelectronics X-CUBE-AZRTOS-L4 2.0.0
2024-06-03 21:28:50,826 [INFO] ThirdParty:1030 - CMSIS Pack Vendor :STMicroelectronics ThreadX 0.0.2
2024-06-03 21:28:50,826 [INFO] ThirdParty:1030 - CMSIS Pack Vendor :WES I-CUBE-Cesium 1.3.0
2024-06-03 21:28:50,827 [INFO] ThirdParty:1030 - CMSIS Pack Vendor :STMicroelectronics FP-ATR-ASTRA1 2.0.0
2024-06-03 21:28:50,827 [INFO] ThirdParty:1030 - CMSIS Pack Vendor :STMicroelectronics lwIP 2.1.2
2024-06-03 21:28:50,827 [INFO] ThirdParty:1030 - CMSIS Pack Vendor :STMicroelectronics X-CUBE-SFXS2LP1 4.0.0
2024-06-03 21:28:50,827 [INFO] ThirdParty:1030 - CMSIS Pack Vendor :STMicroelectronics X-CUBE-BLE2 3.3.0
2024-06-03 21:28:50,827 [INFO] ThirdParty:1030 - CMSIS Pack Vendor :STMicroelectronics X-CUBE-TOF1 3.4.0
2024-06-03 21:28:50,827 [INFO] ThirdParty:1030 - CMSIS Pack Vendor :STMicroelectronics X-CUBE-TOF1 3.4.1
2024-06-03 21:28:50,827 [INFO] ThirdParty:1030 - CMSIS Pack Vendor :STMicroelectronics PDM2PCM 3.2.0
2024-06-03 21:28:50,829 [INFO] ThirdParty:841 - exiting critical section [change project]
2024-06-03 21:28:51,210 [INFO] PinOutPanel:1499 - setPackage(No Configuration,No Configuration)
2024-06-03 21:28:51,214 [INFO] PinOutPanel:1499 - setPackage(STM32F103C8Tx,LQFP48)
2024-06-03 21:28:51,866 [INFO] UtilMem:75 - Before build in PCC Used Memory: 921098624 Bytes (1073741824)
2024-06-03 21:28:53,224 [INFO] UtilMem:75 - After build in PCC Used Memory: 618618624 Bytes (1073741824)
2024-06-03 21:28:53,258 [INFO] IPUIPlugin:80 - create IPUIPlugin
2024-06-03 21:28:53,258 [INFO] IPUIPlugin:80 - create IPUIPlugin
2024-06-03 21:28:53,258 [INFO] IPUIPlugin:80 - create IPUIPlugin
2024-06-03 21:28:53,258 [INFO] IPUIPlugin:80 - create IPUIPlugin
2024-06-03 21:28:53,259 [INFO] IPUIPlugin:80 - create IPUIPlugin
2024-06-03 21:28:53,259 [INFO] IPUIPlugin:80 - create IPUIPlugin
2024-06-03 21:28:53,259 [INFO] IPUIPlugin:80 - create IPUIPlugin
2024-06-03 21:28:53,259 [INFO] IPUIPlugin:80 - create IPUIPlugin
2024-06-03 21:28:53,259 [INFO] IPUIPlugin:80 - create IPUIPlugin
2024-06-03 21:28:53,259 [INFO] IPUIPlugin:80 - create IPUIPlugin
2024-06-03 21:28:53,259 [INFO] IPUIPlugin:80 - create IPUIPlugin
2024-06-03 21:28:53,260 [INFO] IPUIPlugin:80 - create IPUIPlugin
2024-06-03 21:28:53,260 [INFO] IPUIPlugin:80 - create IPUIPlugin
2024-06-03 21:28:53,260 [INFO] IPUIPlugin:80 - create IPUIPlugin
2024-06-03 21:28:53,260 [INFO] IPUIPlugin:80 - create IPUIPlugin
2024-06-03 21:28:53,260 [INFO] IPUIPlugin:80 - create IPUIPlugin
2024-06-03 21:28:53,261 [INFO] IPUIPlugin:80 - create IPUIPlugin
2024-06-03 21:28:53,261 [INFO] IPUIPlugin:80 - create IPUIPlugin
2024-06-03 21:28:53,261 [INFO] IPUIPlugin:80 - create IPUIPlugin
2024-06-03 21:28:53,262 [INFO] IPUIPlugin:80 - create IPUIPlugin
2024-06-03 21:28:53,262 [INFO] IPUIPlugin:80 - create IPUIPlugin
2024-06-03 21:28:53,263 [INFO] IPUIPlugin:80 - create IPUIPlugin
2024-06-03 21:28:53,263 [INFO] IPUIPlugin:80 - create IPUIPlugin
2024-06-03 21:28:53,264 [INFO] IPUIPlugin:80 - create IPUIPlugin
2024-06-03 21:28:53,265 [INFO] IPUIPlugin:80 - create IPUIPlugin
2024-06-03 21:28:53,266 [INFO] IPUIPlugin:80 - create IPUIPlugin
2024-06-03 21:28:53,266 [INFO] IPUIPlugin:80 - create IPUIPlugin
2024-06-03 21:28:53,590 [INFO] CADModel:165 - CPN selected for project levelSTM32F103C8T6
2024-06-03 21:28:53,591 [INFO] CADModel:114 - Register for checkConnection events
2024-06-03 21:28:53,644 [INFO] OpenFileManager:343 - Restore cursor
2024-06-03 21:28:56,020 [INFO] UtilMem:75 - End SaveConfig() Used Memory: 696789752 Bytes (1073741824)
2024-06-03 21:28:56,146 [INFO] UtilMem:75 - End SaveConfig() Used Memory: 708796160 Bytes (1073741824)
2024-06-03 21:28:56,993 [INFO] BlockDiagram:2759 - set Specific Code input for plugin: NVIC
2024-06-03 21:28:56,993 [INFO] BlockDiagram:2759 - set Specific Code input for plugin: RCC
2024-06-03 21:28:56,996 [INFO] CodeGenerator:807 - code generatio: config db path: C:\ST\STM32CubeIDE_1.14.1\STM32CubeIDE\plugins\com.st.stm32cube.common.mx_6.10.0.202311202037\\db\
2024-06-03 21:28:57,470 [INFO] CodeEngine:255 - oldGeneratedFile, C:\Users\ACER\Documents\GitHub\STM32-BareMetal\1_led_toggle_addr_struct\MXTmpFiles\license.tmp_save
2024-06-03 21:28:58,102 [INFO] CodeEngine:279 - Generated code: C:\Users\ACER\Documents\GitHub\STM32-BareMetal\1_led_toggle_addr_struct\MXTmpFiles\license.tmp
2024-06-03 21:28:58,139 [INFO] CodeEngine:255 - oldGeneratedFile, C:\Users\ACER\Documents\GitHub\STM32-BareMetal\1_led_toggle_addr_struct\Core\Src\stm32f1xx_it.c_save
2024-06-03 21:28:58,447 [INFO] CodeEngine:279 - Generated code: C:\Users\ACER\Documents\GitHub\STM32-BareMetal\1_led_toggle_addr_struct\Core\Src\stm32f1xx_it.c
2024-06-03 21:28:58,460 [INFO] CodeEngine:255 - oldGeneratedFile, C:\Users\ACER\Documents\GitHub\STM32-BareMetal\1_led_toggle_addr_struct\Core\Inc\stm32f1xx_it.h_save
2024-06-03 21:28:58,622 [INFO] CodeEngine:279 - Generated code: C:\Users\ACER\Documents\GitHub\STM32-BareMetal\1_led_toggle_addr_struct\Core\Inc\stm32f1xx_it.h
2024-06-03 21:28:58,833 [INFO] CodeEngine:255 - oldGeneratedFile, C:\Users\ACER\Documents\GitHub\STM32-BareMetal\1_led_toggle_addr_struct\Core\Src\stm32f1xx_hal_msp.c_save
2024-06-03 21:28:59,092 [INFO] CodeEngine:279 - Generated code: C:\Users\ACER\Documents\GitHub\STM32-BareMetal\1_led_toggle_addr_struct\Core\Src\stm32f1xx_hal_msp.c
2024-06-03 21:28:59,114 [INFO] CodeEngine:255 - oldGeneratedFile, C:\Users\ACER\Documents\GitHub\STM32-BareMetal\1_led_toggle_addr_struct\MXTmpFiles\system.tmp_save
2024-06-03 21:28:59,268 [INFO] CodeEngine:279 - Generated code: C:\Users\ACER\Documents\GitHub\STM32-BareMetal\1_led_toggle_addr_struct\MXTmpFiles\system.tmp
2024-06-03 21:28:59,302 [INFO] CodeEngine:311 - oldGeneratedFile, C:\Users\ACER\Documents\GitHub\STM32-BareMetal\1_led_toggle_addr_struct\Core\Inc\stm32f1xx_hal_conf.h_save
2024-06-03 21:28:59,489 [INFO] CodeEngine:335 - Generated code: C:\Users\ACER\Documents\GitHub\STM32-BareMetal\1_led_toggle_addr_struct\Core\Inc\stm32f1xx_hal_conf.h
2024-06-03 21:28:59,571 [INFO] CodeEngine:255 - oldGeneratedFile, C:\Users\ACER\Documents\GitHub\STM32-BareMetal\1_led_toggle_addr_struct\Core\Inc\main.h_save
2024-06-03 21:28:59,767 [INFO] CodeEngine:279 - Generated code: C:\Users\ACER\Documents\GitHub\STM32-BareMetal\1_led_toggle_addr_struct\Core\Inc\main.h
2024-06-03 21:28:59,784 [INFO] CodeEngine:255 - oldGeneratedFile, C:\Users\ACER\Documents\GitHub\STM32-BareMetal\1_led_toggle_addr_struct\Core\Src\main.c_save
2024-06-03 21:29:00,058 [INFO] CodeEngine:279 - Generated code: C:\Users\ACER\Documents\GitHub\STM32-BareMetal\1_led_toggle_addr_struct\Core\Src\main.c
2024-06-03 21:29:01,103 [INFO] ProjectBuilder:3076 - Time for Copy HAL[1] : 230mS.
2024-06-03 21:29:01,115 [INFO] ProjectBuilder:4485 - Project Generator version: 4.2.0-B44
2024-06-03 21:29:01,529 [INFO] ConfigFileManager:1495 - The Die is : DIE410
2024-06-03 21:29:01,551 [INFO] ApiDbMcu:508 - Load IP Config File for FATFS
2024-06-03 21:29:01,572 [INFO] ApiDbMcu:508 - Load IP Config File for FREERTOS
2024-06-03 21:29:01,598 [INFO] ApiDbMcu:508 - Load IP Config File for USB_DEVICE
2024-06-03 21:29:03,394 [INFO] LogOutputStream:77 - [STDOUT_REDIRECT] 
2024-06-03 21:29:08,550 [INFO] ProjectBuilder:4747 - Time for Generating toolchain IDE Files: 7434mS.
2024-06-03 21:29:08,552 [INFO] ProjectBuilder:2947 - Time for Copy CMSIS : 1mS.
2024-06-03 21:29:08,555 [INFO] ProjectBuilder:2947 - Time for Copy CMSIS : 0mS.
2024-06-03 21:29:10,554 [INFO] McuFinderGlobals:76 - Set McuFinderConnectedMode to true
2024-06-03 21:29:10,565 [INFO] ApiDb:448 - Save user favorites file C:\Users\ACER/.stm32cubeide/favorites.mcus.txt: 0 item(s)
2024-06-03 21:29:10,565 [INFO] ApiDb:452 - User favorites MCUs=[]
