2024-06-15 18:54:00,548 [INFO] Activator:176 - 


2024-06-15 18:54:00,557 [INFO] Activator:177 - !SESSION log4j initialized
2024-06-15 18:54:11,555 [INFO] LogOutputStream:77 - [STDOUT_REDIRECT] 
2024-06-15 18:54:14,807 [INFO] ApplicationProperties:184 - Using Application install path: C:\ST\STM32CubeIDE_1.14.1\STM32CubeIDE\plugins\com.st.stm32cube.common.mx_6.10.0.202311202037
2024-06-15 18:54:14,835 [INFO] DbMcusXml:78 - Set database path to: C:\ST\STM32CubeIDE_1.14.1\STM32CubeIDE\plugins\com.st.stm32cube.common.mx_6.10.0.202311202037\\db\/mcu/
2024-06-15 18:54:14,836 [INFO] ApiDb:274 - Set plugin database path to: C:\ST\STM32CubeIDE_1.14.1\STM32CubeIDE\plugins\com.st.stm32cube.common.mx_6.10.0.202311202037\\db\/plugins/boardmanager/
2024-06-15 18:54:14,837 [WARN] ApiDb:259 - Overriding images path with different value:  => C:\ST\STM32CubeIDE_1.14.1\STM32CubeIDE\plugins\com.st.stm32cube.common.mx_6.10.0.202311202037\\db\/plugins/mcufinder/images/
2024-06-15 18:54:14,858 [INFO] ApiDb:250 - Set database path to: C:\Users\ACER\.stmcufinder\plugins\mcufinder//mcu/
2024-06-15 18:54:14,861 [INFO] DbMcusAds:125 - Set database path to: C:\Users\ACER\.stmcufinder\plugins\mcufinder//mcu/
2024-06-15 18:54:14,865 [INFO] CrossReferenceDbSqlite:203 - Set database path to: C:\Users\ACER\.stmcufinder\plugins\mcufinder//mcu/cs/
2024-06-15 18:54:15,069 [INFO] RulesReader:64 - Compatibility file has been processed (297 Rules)
2024-06-15 18:54:15,252 [INFO] DbMcusXml:78 - Set database path to: C:\ST\STM32CubeIDE_1.14.1\STM32CubeIDE\plugins\com.st.stm32cube.common.mx_6.10.0.202311202037\\db\/mcu/
2024-06-15 18:54:15,253 [INFO] ApiDb:274 - Set plugin database path to: C:\ST\STM32CubeIDE_1.14.1\STM32CubeIDE\plugins\com.st.stm32cube.common.mx_6.10.0.202311202037\\db\/plugins/boardmanager/
2024-06-15 18:54:15,253 [INFO] ApiDb:261 - Set plugin images path to: C:\ST\STM32CubeIDE_1.14.1\STM32CubeIDE\plugins\com.st.stm32cube.common.mx_6.10.0.202311202037\\db\/plugins/mcufinder/images/
2024-06-15 18:54:15,253 [WARN] DbFile:41 - Overriding database path with different value: C:\Users\ACER\.stmcufinder\plugins\mcufinder/ => C:\Users\ACER\.stmcufinder\plugins\mcufinder
2024-06-15 18:54:15,254 [INFO] ApiDb:250 - Set database path to: C:\Users\ACER\.stmcufinder\plugins\mcufinder//mcu/
2024-06-15 18:54:15,254 [WARN] DbFile:41 - Overriding database path with different value: C:\Users\ACER\.stmcufinder\plugins\mcufinder/ => C:\Users\ACER\.stmcufinder\plugins\mcufinder
2024-06-15 18:54:15,254 [INFO] DbMcusAds:125 - Set database path to: C:\Users\ACER\.stmcufinder\plugins\mcufinder//mcu/
2024-06-15 18:54:15,254 [WARN] DbFile:41 - Overriding database path with different value: C:\Users\ACER\.stmcufinder\plugins\mcufinder/ => C:\Users\ACER\.stmcufinder\plugins\mcufinder
2024-06-15 18:54:15,254 [WARN] DbFile:41 - Overriding database path with different value: C:\Users\ACER\.stmcufinder\plugins\mcufinder/ => C:\Users\ACER\.stmcufinder\plugins\mcufinder
2024-06-15 18:54:15,254 [INFO] CrossReferenceDbSqlite:203 - Set database path to: C:\Users\ACER\.stmcufinder\plugins\mcufinder//mcu/cs/
2024-06-15 18:54:15,395 [INFO] MainPanel:264 - HeapMemory: 268435456
2024-06-15 18:54:15,515 [INFO] DbMcusXml:78 - Set database path to: C:\ST\STM32CubeIDE_1.14.1\STM32CubeIDE\plugins\com.st.stm32cube.common.mx_6.10.0.202311202037\\db\/mcu/
2024-06-15 18:54:15,516 [INFO] ApiDb:274 - Set plugin database path to: C:\ST\STM32CubeIDE_1.14.1\STM32CubeIDE\plugins\com.st.stm32cube.common.mx_6.10.0.202311202037\\db\/plugins/boardmanager/
2024-06-15 18:54:15,516 [INFO] ApiDb:261 - Set plugin images path to: C:\ST\STM32CubeIDE_1.14.1\STM32CubeIDE\plugins\com.st.stm32cube.common.mx_6.10.0.202311202037\\db\/plugins/mcufinder/images/
2024-06-15 18:54:15,516 [WARN] DbFile:41 - Overriding database path with different value: C:\Users\ACER\.stmcufinder\plugins\mcufinder/ => C:\Users\ACER\.stmcufinder\plugins\mcufinder
2024-06-15 18:54:15,516 [INFO] ApiDb:250 - Set database path to: C:\Users\ACER\.stmcufinder\plugins\mcufinder//mcu/
2024-06-15 18:54:15,516 [WARN] DbFile:41 - Overriding database path with different value: C:\Users\ACER\.stmcufinder\plugins\mcufinder/ => C:\Users\ACER\.stmcufinder\plugins\mcufinder
2024-06-15 18:54:15,517 [INFO] DbMcusAds:125 - Set database path to: C:\Users\ACER\.stmcufinder\plugins\mcufinder//mcu/
2024-06-15 18:54:15,517 [WARN] DbFile:41 - Overriding database path with different value: C:\Users\ACER\.stmcufinder\plugins\mcufinder/ => C:\Users\ACER\.stmcufinder\plugins\mcufinder
2024-06-15 18:54:15,517 [WARN] DbFile:41 - Overriding database path with different value: C:\Users\ACER\.stmcufinder\plugins\mcufinder/ => C:\Users\ACER\.stmcufinder\plugins\mcufinder
2024-06-15 18:54:15,517 [INFO] CrossReferenceDbSqlite:203 - Set database path to: C:\Users\ACER\.stmcufinder\plugins\mcufinder//mcu/cs/
2024-06-15 18:54:15,536 [INFO] ApplicationProperties:184 - Using Application install path: C:\ST\STM32CubeIDE_1.14.1\STM32CubeIDE\plugins\com.st.stm32cube.common.mx_6.10.0.202311202037
2024-06-15 18:54:15,539 [INFO] PluginManage:196 - Search for loadable plugins [exclusion list=, ]
2024-06-15 18:54:15,539 [INFO] PluginManage:310 - Check plugin analytics
2024-06-15 18:54:15,781 [INFO] AnalyticsPlugin:253 - Accepted Software Licenses: 
2024-06-15 18:54:15,785 [INFO] AnalyticsPlugin:255 - Accepted CMSIS Pack Licenses: 
2024-06-15 18:54:15,785 [INFO] AnalyticsPlugin:257 - Accepted Firmware Licenses: 
2024-06-15 18:54:15,791 [INFO] PluginManage:359 - Loaded plugin analytics (category:tool,tabindex:-1)
2024-06-15 18:54:15,791 [INFO] PluginManage:310 - Check plugin cadmodel
2024-06-15 18:54:15,821 [INFO] CADModel:105 - Init CAD model plugin
2024-06-15 18:54:15,821 [INFO] PluginManage:359 - Loaded plugin cadmodel (category:power,tabindex:5)
2024-06-15 18:54:15,821 [INFO] PluginManage:310 - Check plugin clock
2024-06-15 18:54:15,859 [INFO] PluginManage:359 - Loaded plugin clock (category:base,tabindex:2)
2024-06-15 18:54:15,859 [INFO] PluginManage:310 - Check plugin ddr
2024-06-15 18:54:15,863 [INFO] PluginManage:359 - Loaded plugin ddr (category:tool,tabindex:6)
2024-06-15 18:54:15,864 [INFO] PluginManage:310 - Check plugin filemanager
2024-06-15 18:54:16,071 [INFO] PluginManage:359 - Loaded plugin filemanager (category:base,tabindex:10)
2024-06-15 18:54:16,072 [INFO] PluginManage:310 - Check plugin ipmanager
2024-06-15 18:54:16,080 [INFO] PluginManage:359 - Loaded plugin ipmanager (category:base,tabindex:5)
2024-06-15 18:54:16,080 [INFO] PluginManage:310 - Check plugin lpbam
2024-06-15 18:54:16,104 [INFO] PluginManage:359 - Loaded plugin lpbam (category:base,tabindex:0)
2024-06-15 18:54:16,104 [INFO] PluginManage:310 - Check plugin memorymap
2024-06-15 18:54:16,136 [INFO] PluginManage:359 - Loaded plugin memorymap (category:base,tabindex:4)
2024-06-15 18:54:16,136 [INFO] PluginManage:310 - Check plugin pinoutandconfiguration
2024-06-15 18:54:16,155 [INFO] PluginManage:359 - Loaded plugin pinoutandconfiguration (category:base,tabindex:1)
2024-06-15 18:54:16,155 [INFO] PluginManage:310 - Check plugin pinoutconfig
2024-06-15 18:54:16,281 [WARN] SupportedApi:132 - Cannot load RTOS API schema: s4s-elt-must-match.1: The content of 'definitions' must match (annotation?, (simpleType | complexType)?, (unique | key | keyref)*)). A problem was found starting at: attribute.
2024-06-15 18:54:16,519 [INFO] PluginManage:359 - Loaded plugin pinoutconfig (category:base,tabindex:0)
2024-06-15 18:54:16,519 [INFO] PluginManage:310 - Check plugin power
2024-06-15 18:54:16,547 [INFO] PluginManage:359 - Loaded plugin power (category:power,tabindex:4)
2024-06-15 18:54:16,548 [INFO] PluginManage:310 - Check plugin projectmanager
2024-06-15 18:54:16,570 [INFO] PluginManage:359 - Loaded plugin projectmanager (category:projectmanager,tabindex:3)
2024-06-15 18:54:16,570 [INFO] PluginManage:310 - Check plugin thirdparty
2024-06-15 18:54:16,956 [INFO] PluginManage:359 - Loaded plugin thirdparty (category:base,tabindex:-1)
2024-06-15 18:54:16,956 [WARN] IntegrityCheckThread:84 - waiting for thirdparty lock release [integrity check]
2024-06-15 18:54:16,956 [INFO] IntegrityCheckThread:86 - entering critical section [integrity check]
2024-06-15 18:54:16,956 [INFO] PluginManage:310 - Check plugin tools
2024-06-15 18:54:16,957 [INFO] ThirdPartyUpdaterWithRetryManager:70 - Updater plugin not ready yet. [1/15]
2024-06-15 18:54:17,004 [INFO] PluginManage:359 - Loaded plugin tools (category:base,tabindex:7)
2024-06-15 18:54:17,004 [INFO] PluginManage:310 - Check plugin tutovideos
2024-06-15 18:54:17,225 [INFO] PluginManage:359 - Loaded plugin tutovideos (category:base,tabindex:-1)
2024-06-15 18:54:17,225 [INFO] PluginManage:310 - Check plugin updater
2024-06-15 18:54:17,242 [INFO] PluginManage:359 - Loaded plugin updater (category:base,tabindex:12)
2024-06-15 18:54:17,242 [INFO] PluginManage:310 - Check plugin userauth
2024-06-15 18:54:17,249 [INFO] UserAuth:114 - Init User Auth plugin
2024-06-15 18:54:17,249 [INFO] PluginManage:359 - Loaded plugin userauth (category:base,tabindex:14)
2024-06-15 18:54:17,250 [INFO] PluginManage:283 - PluginManage : Loaded plugins [17]
2024-06-15 18:54:17,505 [INFO] PinOutPanel:1499 - setPackage(No Configuration,No Configuration)
2024-06-15 18:54:17,624 [INFO] CADModel:165 - CPN selected for project level
2024-06-15 18:54:17,624 [INFO] CADModel:114 - Register for checkConnection events
2024-06-15 18:54:17,670 [INFO] IPUIPlugin:80 - create IPUIPlugin
2024-06-15 18:54:17,670 [INFO] PluginManager:220 - loadIPPluginJar : add adc
2024-06-15 18:54:17,726 [INFO] IPUIPlugin:80 - create IPUIPlugin
2024-06-15 18:54:17,726 [INFO] PluginManager:220 - loadIPPluginJar : add aes
2024-06-15 18:54:17,782 [INFO] IPUIPlugin:80 - create IPUIPlugin
2024-06-15 18:54:17,782 [INFO] PluginManager:220 - loadIPPluginJar : add can
2024-06-15 18:54:17,810 [INFO] IPUIPlugin:80 - create IPUIPlugin
2024-06-15 18:54:17,811 [INFO] PluginManager:220 - loadIPPluginJar : add comp
2024-06-15 18:54:17,845 [INFO] IPUIPlugin:80 - create IPUIPlugin
2024-06-15 18:54:17,845 [INFO] PluginManager:220 - loadIPPluginJar : add cryp
2024-06-15 18:54:17,879 [INFO] IPUIPlugin:80 - create IPUIPlugin
2024-06-15 18:54:17,879 [INFO] PluginManager:220 - loadIPPluginJar : add dfsdm
2024-06-15 18:54:17,893 [INFO] IPUIPlugin:80 - create IPUIPlugin
2024-06-15 18:54:17,893 [INFO] PluginManager:220 - loadIPPluginJar : add dma
2024-06-15 18:54:17,937 [INFO] IPUIPlugin:80 - create IPUIPlugin
2024-06-15 18:54:17,937 [INFO] PluginManager:220 - loadIPPluginJar : add dma3
2024-06-15 18:54:17,958 [INFO] IPUIPlugin:80 - create IPUIPlugin
2024-06-15 18:54:17,958 [INFO] PluginManager:220 - loadIPPluginJar : add fatfs
2024-06-15 18:54:18,004 [INFO] IPUIPlugin:80 - create IPUIPlugin
2024-06-15 18:54:18,004 [INFO] PluginManager:220 - loadIPPluginJar : add fmc
2024-06-15 18:54:18,022 [INFO] IPUIPlugin:80 - create IPUIPlugin
2024-06-15 18:54:18,022 [INFO] PluginManager:220 - loadIPPluginJar : add freertos
2024-06-15 18:54:18,042 [INFO] IPUIPlugin:80 - create IPUIPlugin
2024-06-15 18:54:18,042 [INFO] PluginManager:220 - loadIPPluginJar : add genericplugin
2024-06-15 18:54:18,144 [INFO] IPUIPlugin:80 - create IPUIPlugin
2024-06-15 18:54:18,144 [INFO] PluginManager:220 - loadIPPluginJar : add gfxmmu
2024-06-15 18:54:18,278 [INFO] IPUIPlugin:80 - create IPUIPlugin
2024-06-15 18:54:18,279 [INFO] PluginManager:220 - loadIPPluginJar : add gic
2024-06-15 18:54:18,292 [INFO] IPUIPlugin:80 - create IPUIPlugin
2024-06-15 18:54:18,292 [INFO] PluginManager:220 - loadIPPluginJar : add gpio
2024-06-15 18:54:18,378 [INFO] IPUIPlugin:80 - create IPUIPlugin
2024-06-15 18:54:18,378 [INFO] PluginManager:220 - loadIPPluginJar : add gtzc
2024-06-15 18:54:18,409 [INFO] IPUIPlugin:80 - create IPUIPlugin
2024-06-15 18:54:18,409 [INFO] PluginManager:220 - loadIPPluginJar : add hash
2024-06-15 18:54:18,466 [INFO] IPUIPlugin:80 - create IPUIPlugin
2024-06-15 18:54:18,466 [INFO] PluginManager:220 - loadIPPluginJar : add i2c
2024-06-15 18:54:18,506 [INFO] IPUIPlugin:80 - create IPUIPlugin
2024-06-15 18:54:18,506 [INFO] PluginManager:220 - loadIPPluginJar : add i2s
2024-06-15 18:54:18,546 [INFO] IPUIPlugin:80 - create IPUIPlugin
2024-06-15 18:54:18,546 [INFO] PluginManager:220 - loadIPPluginJar : add i3c
2024-06-15 18:54:18,643 [INFO] IPUIPlugin:80 - create IPUIPlugin
2024-06-15 18:54:18,643 [INFO] PluginManager:220 - loadIPPluginJar : add ipddr
2024-06-15 18:54:18,733 [INFO] IPUIPlugin:80 - create IPUIPlugin
2024-06-15 18:54:18,734 [INFO] PluginManager:220 - loadIPPluginJar : add linkedlist
2024-06-15 18:54:18,768 [INFO] IPUIPlugin:80 - create IPUIPlugin
2024-06-15 18:54:18,769 [INFO] PluginManager:220 - loadIPPluginJar : add lorawan
2024-06-15 18:54:18,808 [INFO] IPUIPlugin:80 - create IPUIPlugin
2024-06-15 18:54:18,809 [INFO] PluginManager:220 - loadIPPluginJar : add ltdc
2024-06-15 18:54:18,824 [INFO] IPUIPlugin:80 - create IPUIPlugin
2024-06-15 18:54:18,824 [INFO] PluginManager:220 - loadIPPluginJar : add mdma
2024-06-15 18:54:18,837 [INFO] IPUIPlugin:80 - create IPUIPlugin
2024-06-15 18:54:18,837 [INFO] PluginManager:220 - loadIPPluginJar : add nvic
2024-06-15 18:54:18,880 [INFO] IPUIPlugin:80 - create IPUIPlugin
2024-06-15 18:54:18,880 [INFO] PluginManager:220 - loadIPPluginJar : add opamp
2024-06-15 18:54:18,956 [INFO] IPUIPlugin:80 - create IPUIPlugin
2024-06-15 18:54:18,956 [INFO] PluginManager:220 - loadIPPluginJar : add openamp
2024-06-15 18:54:19,022 [INFO] IPUIPlugin:80 - create IPUIPlugin
2024-06-15 18:54:19,022 [INFO] PluginManager:220 - loadIPPluginJar : add pdm2pcm
2024-06-15 18:54:19,042 [INFO] IPUIPlugin:80 - create IPUIPlugin
2024-06-15 18:54:19,045 [INFO] PluginManager:220 - loadIPPluginJar : add plateformsettings
2024-06-15 18:54:19,075 [INFO] IPUIPlugin:80 - create IPUIPlugin
2024-06-15 18:54:19,075 [INFO] PluginManager:220 - loadIPPluginJar : add quadspi
2024-06-15 18:54:19,094 [INFO] IPUIPlugin:80 - create IPUIPlugin
2024-06-15 18:54:19,094 [INFO] PluginManager:220 - loadIPPluginJar : add resmgrutility
2024-06-15 18:54:19,156 [INFO] IPUIPlugin:80 - create IPUIPlugin
2024-06-15 18:54:19,156 [INFO] PluginManager:220 - loadIPPluginJar : add sai
2024-06-15 18:54:19,241 [INFO] IPUIPlugin:80 - create IPUIPlugin
2024-06-15 18:54:19,241 [INFO] PluginManager:220 - loadIPPluginJar : add spi
2024-06-15 18:54:19,350 [INFO] IPUIPlugin:80 - create IPUIPlugin
2024-06-15 18:54:19,351 [INFO] PluginManager:220 - loadIPPluginJar : add stm32_wpan
2024-06-15 18:54:19,375 [INFO] IPUIPlugin:80 - create IPUIPlugin
2024-06-15 18:54:19,375 [INFO] PluginManager:220 - loadIPPluginJar : add tim
2024-06-15 18:54:19,435 [INFO] IPUIPlugin:80 - create IPUIPlugin
2024-06-15 18:54:19,435 [INFO] PluginManager:220 - loadIPPluginJar : add touchsensing
2024-06-15 18:54:19,458 [INFO] IPUIPlugin:80 - create IPUIPlugin
2024-06-15 18:54:19,458 [INFO] PluginManager:220 - loadIPPluginJar : add tracer_emb
2024-06-15 18:54:19,481 [INFO] IPUIPlugin:80 - create IPUIPlugin
2024-06-15 18:54:19,481 [INFO] PluginManager:220 - loadIPPluginJar : add ts
2024-06-15 18:54:19,504 [INFO] IPUIPlugin:80 - create IPUIPlugin
2024-06-15 18:54:19,505 [INFO] PluginManager:220 - loadIPPluginJar : add tsc
2024-06-15 18:54:19,529 [INFO] IPUIPlugin:80 - create IPUIPlugin
2024-06-15 18:54:19,530 [INFO] PluginManager:220 - loadIPPluginJar : add ucpd
2024-06-15 18:54:19,576 [INFO] IPUIPlugin:80 - create IPUIPlugin
2024-06-15 18:54:19,576 [INFO] PluginManager:220 - loadIPPluginJar : add usart
2024-06-15 18:54:19,618 [INFO] IPUIPlugin:80 - create IPUIPlugin
2024-06-15 18:54:19,618 [INFO] PluginManager:220 - loadIPPluginJar : add usbx
2024-06-15 18:54:19,794 [INFO] CADModel:165 - CPN selected for project level
2024-06-15 18:54:19,795 [INFO] CADModel:114 - Register for checkConnection events
2024-06-15 18:54:19,796 [FATAL] Updater:308 - Updater called before beeing initialized
2024-06-15 18:54:19,797 [ERROR] CADModel:125 - Updater not yet initialized, retry later 
2024-06-15 18:54:19,972 [INFO] ThirdPartyUpdaterWithRetryManager:70 - Updater plugin not ready yet. [2/15]
2024-06-15 18:54:20,093 [INFO] CADModel:165 - CPN selected for project level
2024-06-15 18:54:20,093 [INFO] CADModel:114 - Register for checkConnection events
2024-06-15 18:54:20,093 [FATAL] Updater:308 - Updater called before beeing initialized
2024-06-15 18:54:20,093 [ERROR] CADModel:125 - Updater not yet initialized, retry later 
2024-06-15 18:54:20,101 [FATAL] Updater:308 - Updater called before beeing initialized
2024-06-15 18:54:20,241 [FATAL] Updater:308 - Updater called before beeing initialized
2024-06-15 18:54:20,254 [INFO] DbMcusAds:53 - JSON generation date=Thu May 16 14:52:01 IST 2024 (1715851321456)
2024-06-15 18:54:20,254 [FATAL] Updater:308 - Updater called before beeing initialized
2024-06-15 18:54:20,333 [WARN] DetailPanel:346 - Failed to get advertising image, set to default
2024-06-15 18:54:20,409 [FATAL] Updater:308 - Updater called before beeing initialized
2024-06-15 18:54:20,411 [FATAL] Updater:308 - Updater called before beeing initialized
2024-06-15 18:54:20,411 [FATAL] Updater:308 - Updater called before beeing initialized
2024-06-15 18:54:20,411 [WARN] DetailPanel:346 - Failed to get advertising image, set to default
2024-06-15 18:54:20,412 [FATAL] Updater:308 - Updater called before beeing initialized
2024-06-15 18:54:20,483 [ERROR] Updater:1120 - MainUpdater not yet initialized. External WinMGr cannot be set.
2024-06-15 18:54:20,494 [INFO] Updater:1056 - Updater Version found : 6.10.0
2024-06-15 18:54:20,521 [INFO] ApplicationProperties:184 - Using Application install path: C:\ST\STM32CubeIDE_1.14.1\STM32CubeIDE\plugins\com.st.stm32cube.common.mx_6.10.0.202311202037
2024-06-15 18:54:22,152 [ERROR] LogOutputStream:75 - [STDERR_REDIRECT] Jun 15, 2024 6:54:22 PM java.util.prefs.WindowsPreferences <init>
2024-06-15 18:54:22,153 [ERROR] LogOutputStream:75 - [STDERR_REDIRECT] WARNING: Could not open/create prefs root node Software\JavaSoft\Prefs at root 0xffffffff80000002. Windows RegCreateKeyEx(...) returned error code 5.
2024-06-15 18:54:22,154 [ERROR] LogOutputStream:75 - [STDERR_REDIRECT] 
2024-06-15 18:54:22,980 [FATAL] Updater:308 - Updater called before beeing initialized
2024-06-15 18:54:22,981 [ERROR] IntegrityCheckThread:130 - Cannot retrieve database content from updater: error 21
2024-06-15 18:54:22,981 [INFO] ThirdParty:978 - Integrity check success = false
2024-06-15 18:54:22,981 [INFO] IntegrityCheckThread:100 - exiting critical section [integrity check]
2024-06-15 18:54:22,981 [INFO] IntegrityCheckThread:103 - End integrity checks thread
2024-06-15 18:54:23,276 [INFO] MainUpdater:2873 - connection check result : 10
2024-06-15 18:54:23,276 [INFO] MainUpdater:3567 - Updater definition file requires update
2024-06-15 18:54:23,277 [INFO] MainUpdater:290 - Updater Check For Update Now.
2024-06-15 18:54:23,278 [INFO] MicroXplorer:498 - Change Database Version : DB.6.0.100
2024-06-15 18:54:23,294 [INFO] McuFinderGlobals:63 - Set McuFinder mode to 2 (CubeIDE integrated)
2024-06-15 18:54:23,306 [INFO] UserAuth:404 - Internet connection configuration mode: 1
2024-06-15 18:54:23,331 [INFO] JxBrowserEngine:152 - Initiate JxBrowser Engine with user profile folder
2024-06-15 18:54:24,133 [INFO] ServerAccessManage:473 - Download File updaters.zip
2024-06-15 18:54:24,420 [INFO] FileExtend:240 - Unzip File : updaters.zip
2024-06-15 18:54:24,420 [INFO] FileExtend:255 - Standard Zip Deflate
2024-06-15 18:54:25,197 [INFO] ServerAccessManage:473 - Download File PacksControlFlags.xml
2024-06-15 18:54:25,525 [INFO] ServerAccessManage:473 - Download File cubemx.pidx
2024-06-15 18:54:25,748 [INFO] LoadServerUpdatesThread:375 - End of LoadServerUpdate Thread
2024-06-15 18:54:26,016 [INFO] CheckServerUpdateThread:120 - End of CheckServer Thread
2024-06-15 18:54:27,721 [INFO] WebApp:161 - Instantiating new browser for Auth
2024-06-15 18:54:28,568 [INFO] WebApp:780 - Register for checkConnection events
2024-06-15 18:54:28,568 [INFO] WebApp:414 - Apply proxy settings
2024-06-15 18:54:28,568 [INFO] WebApp:499 - Chromium requires no authentication
2024-06-15 18:54:28,576 [INFO] WebApp:442 - Direct internet connection detected
2024-06-15 18:54:28,743 [INFO] WebApp:192 - Starting web application
2024-06-15 18:54:28,743 [INFO] WebApp:544 - Web application path used C:\ST\STM32CubeIDE_1.14.1\STM32CubeIDE\plugins\com.st.stm32cube.common.mx_6.10.0.202311202037\db\plugins\mcufinder\reactClient1\index.html
2024-06-15 18:54:50,098 [ERROR] LogOutputStream:75 - [STDERR_REDIRECT] SLF4J: Failed to load class "org.slf4j.impl.StaticLoggerBinder".
2024-06-15 18:54:50,103 [ERROR] LogOutputStream:75 - [STDERR_REDIRECT] SLF4J: Defaulting to no-operation (NOP) logger implementation
2024-06-15 18:54:50,103 [ERROR] LogOutputStream:75 - [STDERR_REDIRECT] SLF4J: See http://www.slf4j.org/codes.html#StaticLoggerBinder for further details.
2024-06-15 19:02:44,598 [ERROR] LogOutputStream:75 - [STDERR_REDIRECT] 
2024-06-15 19:02:44,599 [ERROR] LogOutputStream:75 - [STDERR_REDIRECT] 
2024-06-15 19:02:53,661 [INFO] Activator:176 - 


2024-06-15 19:02:53,664 [INFO] Activator:177 - !SESSION log4j initialized
2024-06-15 19:03:00,674 [INFO] LogOutputStream:77 - [STDOUT_REDIRECT] 
2024-06-15 19:03:01,910 [INFO] ApplicationProperties:184 - Using Application install path: C:\ST\STM32CubeIDE_1.14.1\STM32CubeIDE\plugins\com.st.stm32cube.common.mx_6.10.0.202311202037
2024-06-15 19:03:01,928 [INFO] DbMcusXml:78 - Set database path to: C:\ST\STM32CubeIDE_1.14.1\STM32CubeIDE\plugins\com.st.stm32cube.common.mx_6.10.0.202311202037\\db\/mcu/
2024-06-15 19:03:01,929 [INFO] ApiDb:274 - Set plugin database path to: C:\ST\STM32CubeIDE_1.14.1\STM32CubeIDE\plugins\com.st.stm32cube.common.mx_6.10.0.202311202037\\db\/plugins/boardmanager/
2024-06-15 19:03:01,929 [WARN] ApiDb:259 - Overriding images path with different value:  => C:\ST\STM32CubeIDE_1.14.1\STM32CubeIDE\plugins\com.st.stm32cube.common.mx_6.10.0.202311202037\\db\/plugins/mcufinder/images/
2024-06-15 19:03:01,935 [INFO] ApiDb:250 - Set database path to: C:\Users\ACER\.stmcufinder\plugins\mcufinder//mcu/
2024-06-15 19:03:01,937 [INFO] DbMcusAds:125 - Set database path to: C:\Users\ACER\.stmcufinder\plugins\mcufinder//mcu/
2024-06-15 19:03:01,939 [INFO] CrossReferenceDbSqlite:203 - Set database path to: C:\Users\ACER\.stmcufinder\plugins\mcufinder//mcu/cs/
2024-06-15 19:03:02,114 [INFO] RulesReader:64 - Compatibility file has been processed (297 Rules)
2024-06-15 19:03:02,218 [INFO] DbMcusXml:78 - Set database path to: C:\ST\STM32CubeIDE_1.14.1\STM32CubeIDE\plugins\com.st.stm32cube.common.mx_6.10.0.202311202037\\db\/mcu/
2024-06-15 19:03:02,219 [INFO] ApiDb:274 - Set plugin database path to: C:\ST\STM32CubeIDE_1.14.1\STM32CubeIDE\plugins\com.st.stm32cube.common.mx_6.10.0.202311202037\\db\/plugins/boardmanager/
2024-06-15 19:03:02,220 [INFO] ApiDb:261 - Set plugin images path to: C:\ST\STM32CubeIDE_1.14.1\STM32CubeIDE\plugins\com.st.stm32cube.common.mx_6.10.0.202311202037\\db\/plugins/mcufinder/images/
2024-06-15 19:03:02,220 [WARN] DbFile:41 - Overriding database path with different value: C:\Users\ACER\.stmcufinder\plugins\mcufinder/ => C:\Users\ACER\.stmcufinder\plugins\mcufinder
2024-06-15 19:03:02,220 [INFO] ApiDb:250 - Set database path to: C:\Users\ACER\.stmcufinder\plugins\mcufinder//mcu/
2024-06-15 19:03:02,220 [WARN] DbFile:41 - Overriding database path with different value: C:\Users\ACER\.stmcufinder\plugins\mcufinder/ => C:\Users\ACER\.stmcufinder\plugins\mcufinder
2024-06-15 19:03:02,221 [INFO] DbMcusAds:125 - Set database path to: C:\Users\ACER\.stmcufinder\plugins\mcufinder//mcu/
2024-06-15 19:03:02,221 [WARN] DbFile:41 - Overriding database path with different value: C:\Users\ACER\.stmcufinder\plugins\mcufinder/ => C:\Users\ACER\.stmcufinder\plugins\mcufinder
2024-06-15 19:03:02,221 [WARN] DbFile:41 - Overriding database path with different value: C:\Users\ACER\.stmcufinder\plugins\mcufinder/ => C:\Users\ACER\.stmcufinder\plugins\mcufinder
2024-06-15 19:03:02,221 [INFO] CrossReferenceDbSqlite:203 - Set database path to: C:\Users\ACER\.stmcufinder\plugins\mcufinder//mcu/cs/
2024-06-15 19:03:02,318 [INFO] MainPanel:264 - HeapMemory: 268435456
2024-06-15 19:03:02,419 [INFO] DbMcusXml:78 - Set database path to: C:\ST\STM32CubeIDE_1.14.1\STM32CubeIDE\plugins\com.st.stm32cube.common.mx_6.10.0.202311202037\\db\/mcu/
2024-06-15 19:03:02,419 [INFO] ApiDb:274 - Set plugin database path to: C:\ST\STM32CubeIDE_1.14.1\STM32CubeIDE\plugins\com.st.stm32cube.common.mx_6.10.0.202311202037\\db\/plugins/boardmanager/
2024-06-15 19:03:02,419 [INFO] ApiDb:261 - Set plugin images path to: C:\ST\STM32CubeIDE_1.14.1\STM32CubeIDE\plugins\com.st.stm32cube.common.mx_6.10.0.202311202037\\db\/plugins/mcufinder/images/
2024-06-15 19:03:02,419 [WARN] DbFile:41 - Overriding database path with different value: C:\Users\ACER\.stmcufinder\plugins\mcufinder/ => C:\Users\ACER\.stmcufinder\plugins\mcufinder
2024-06-15 19:03:02,419 [INFO] ApiDb:250 - Set database path to: C:\Users\ACER\.stmcufinder\plugins\mcufinder//mcu/
2024-06-15 19:03:02,419 [WARN] DbFile:41 - Overriding database path with different value: C:\Users\ACER\.stmcufinder\plugins\mcufinder/ => C:\Users\ACER\.stmcufinder\plugins\mcufinder
2024-06-15 19:03:02,419 [INFO] DbMcusAds:125 - Set database path to: C:\Users\ACER\.stmcufinder\plugins\mcufinder//mcu/
2024-06-15 19:03:02,419 [WARN] DbFile:41 - Overriding database path with different value: C:\Users\ACER\.stmcufinder\plugins\mcufinder/ => C:\Users\ACER\.stmcufinder\plugins\mcufinder
2024-06-15 19:03:02,419 [WARN] DbFile:41 - Overriding database path with different value: C:\Users\ACER\.stmcufinder\plugins\mcufinder/ => C:\Users\ACER\.stmcufinder\plugins\mcufinder
2024-06-15 19:03:02,420 [INFO] CrossReferenceDbSqlite:203 - Set database path to: C:\Users\ACER\.stmcufinder\plugins\mcufinder//mcu/cs/
2024-06-15 19:03:02,439 [INFO] ApplicationProperties:184 - Using Application install path: C:\ST\STM32CubeIDE_1.14.1\STM32CubeIDE\plugins\com.st.stm32cube.common.mx_6.10.0.202311202037
2024-06-15 19:03:02,440 [INFO] PluginManage:196 - Search for loadable plugins [exclusion list=, ]
2024-06-15 19:03:02,441 [INFO] PluginManage:310 - Check plugin analytics
2024-06-15 19:03:02,668 [INFO] AnalyticsPlugin:253 - Accepted Software Licenses: 
2024-06-15 19:03:02,669 [INFO] AnalyticsPlugin:255 - Accepted CMSIS Pack Licenses: 
2024-06-15 19:03:02,669 [INFO] AnalyticsPlugin:257 - Accepted Firmware Licenses: 
2024-06-15 19:03:02,673 [INFO] PluginManage:359 - Loaded plugin analytics (category:tool,tabindex:-1)
2024-06-15 19:03:02,674 [INFO] PluginManage:310 - Check plugin cadmodel
2024-06-15 19:03:02,682 [INFO] CADModel:105 - Init CAD model plugin
2024-06-15 19:03:02,683 [INFO] PluginManage:359 - Loaded plugin cadmodel (category:power,tabindex:5)
2024-06-15 19:03:02,683 [INFO] PluginManage:310 - Check plugin clock
2024-06-15 19:03:02,702 [INFO] PluginManage:359 - Loaded plugin clock (category:base,tabindex:2)
2024-06-15 19:03:02,702 [INFO] PluginManage:310 - Check plugin ddr
2024-06-15 19:03:02,708 [INFO] PluginManage:359 - Loaded plugin ddr (category:tool,tabindex:6)
2024-06-15 19:03:02,708 [INFO] PluginManage:310 - Check plugin filemanager
2024-06-15 19:03:02,878 [INFO] PluginManage:359 - Loaded plugin filemanager (category:base,tabindex:10)
2024-06-15 19:03:02,878 [INFO] PluginManage:310 - Check plugin ipmanager
2024-06-15 19:03:02,886 [INFO] PluginManage:359 - Loaded plugin ipmanager (category:base,tabindex:5)
2024-06-15 19:03:02,886 [INFO] PluginManage:310 - Check plugin lpbam
2024-06-15 19:03:02,893 [INFO] PluginManage:359 - Loaded plugin lpbam (category:base,tabindex:0)
2024-06-15 19:03:02,893 [INFO] PluginManage:310 - Check plugin memorymap
2024-06-15 19:03:02,907 [INFO] PluginManage:359 - Loaded plugin memorymap (category:base,tabindex:4)
2024-06-15 19:03:02,907 [INFO] PluginManage:310 - Check plugin pinoutandconfiguration
2024-06-15 19:03:02,915 [INFO] PluginManage:359 - Loaded plugin pinoutandconfiguration (category:base,tabindex:1)
2024-06-15 19:03:02,915 [INFO] PluginManage:310 - Check plugin pinoutconfig
2024-06-15 19:03:03,032 [WARN] SupportedApi:132 - Cannot load RTOS API schema: s4s-elt-must-match.1: The content of 'definitions' must match (annotation?, (simpleType | complexType)?, (unique | key | keyref)*)). A problem was found starting at: attribute.
2024-06-15 19:03:03,195 [INFO] PluginManage:359 - Loaded plugin pinoutconfig (category:base,tabindex:0)
2024-06-15 19:03:03,195 [INFO] PluginManage:310 - Check plugin power
2024-06-15 19:03:03,205 [INFO] PluginManage:359 - Loaded plugin power (category:power,tabindex:4)
2024-06-15 19:03:03,205 [INFO] PluginManage:310 - Check plugin projectmanager
2024-06-15 19:03:03,221 [INFO] PluginManage:359 - Loaded plugin projectmanager (category:projectmanager,tabindex:3)
2024-06-15 19:03:03,222 [INFO] PluginManage:310 - Check plugin thirdparty
2024-06-15 19:03:03,374 [WARN] IntegrityCheckThread:84 - waiting for thirdparty lock release [integrity check]
2024-06-15 19:03:03,374 [INFO] PluginManage:359 - Loaded plugin thirdparty (category:base,tabindex:-1)
2024-06-15 19:03:03,374 [INFO] IntegrityCheckThread:86 - entering critical section [integrity check]
2024-06-15 19:03:03,374 [INFO] PluginManage:310 - Check plugin tools
2024-06-15 19:03:03,375 [INFO] ThirdPartyUpdaterWithRetryManager:70 - Updater plugin not ready yet. [1/15]
2024-06-15 19:03:03,379 [INFO] PluginManage:359 - Loaded plugin tools (category:base,tabindex:7)
2024-06-15 19:03:03,379 [INFO] PluginManage:310 - Check plugin tutovideos
2024-06-15 19:03:03,558 [INFO] PluginManage:359 - Loaded plugin tutovideos (category:base,tabindex:-1)
2024-06-15 19:03:03,558 [INFO] PluginManage:310 - Check plugin updater
2024-06-15 19:03:03,574 [INFO] PluginManage:359 - Loaded plugin updater (category:base,tabindex:12)
2024-06-15 19:03:03,574 [INFO] PluginManage:310 - Check plugin userauth
2024-06-15 19:03:03,580 [INFO] UserAuth:114 - Init User Auth plugin
2024-06-15 19:03:03,580 [INFO] PluginManage:359 - Loaded plugin userauth (category:base,tabindex:14)
2024-06-15 19:03:03,581 [INFO] PluginManage:283 - PluginManage : Loaded plugins [17]
2024-06-15 19:03:03,806 [INFO] PinOutPanel:1499 - setPackage(No Configuration,No Configuration)
2024-06-15 19:03:03,897 [INFO] CADModel:165 - CPN selected for project level
2024-06-15 19:03:03,897 [INFO] CADModel:114 - Register for checkConnection events
2024-06-15 19:03:03,914 [INFO] IPUIPlugin:80 - create IPUIPlugin
2024-06-15 19:03:03,914 [INFO] PluginManager:220 - loadIPPluginJar : add adc
2024-06-15 19:03:03,916 [INFO] IPUIPlugin:80 - create IPUIPlugin
2024-06-15 19:03:03,916 [INFO] PluginManager:220 - loadIPPluginJar : add aes
2024-06-15 19:03:03,918 [INFO] IPUIPlugin:80 - create IPUIPlugin
2024-06-15 19:03:03,918 [INFO] PluginManager:220 - loadIPPluginJar : add can
2024-06-15 19:03:03,919 [INFO] IPUIPlugin:80 - create IPUIPlugin
2024-06-15 19:03:03,919 [INFO] PluginManager:220 - loadIPPluginJar : add comp
2024-06-15 19:03:03,922 [INFO] IPUIPlugin:80 - create IPUIPlugin
2024-06-15 19:03:03,922 [INFO] PluginManager:220 - loadIPPluginJar : add cryp
2024-06-15 19:03:03,924 [INFO] IPUIPlugin:80 - create IPUIPlugin
2024-06-15 19:03:03,924 [INFO] PluginManager:220 - loadIPPluginJar : add dfsdm
2024-06-15 19:03:03,929 [INFO] IPUIPlugin:80 - create IPUIPlugin
2024-06-15 19:03:03,929 [INFO] PluginManager:220 - loadIPPluginJar : add dma
2024-06-15 19:03:03,931 [INFO] IPUIPlugin:80 - create IPUIPlugin
2024-06-15 19:03:03,931 [INFO] PluginManager:220 - loadIPPluginJar : add dma3
2024-06-15 19:03:03,932 [INFO] IPUIPlugin:80 - create IPUIPlugin
2024-06-15 19:03:03,932 [INFO] PluginManager:220 - loadIPPluginJar : add fatfs
2024-06-15 19:03:03,937 [INFO] IPUIPlugin:80 - create IPUIPlugin
2024-06-15 19:03:03,937 [INFO] PluginManager:220 - loadIPPluginJar : add fmc
2024-06-15 19:03:03,942 [INFO] IPUIPlugin:80 - create IPUIPlugin
2024-06-15 19:03:03,943 [INFO] PluginManager:220 - loadIPPluginJar : add freertos
2024-06-15 19:03:03,944 [INFO] IPUIPlugin:80 - create IPUIPlugin
2024-06-15 19:03:03,944 [INFO] PluginManager:220 - loadIPPluginJar : add genericplugin
2024-06-15 19:03:03,946 [INFO] IPUIPlugin:80 - create IPUIPlugin
2024-06-15 19:03:03,946 [INFO] PluginManager:220 - loadIPPluginJar : add gfxmmu
2024-06-15 19:03:03,951 [INFO] IPUIPlugin:80 - create IPUIPlugin
2024-06-15 19:03:03,952 [INFO] PluginManager:220 - loadIPPluginJar : add gic
2024-06-15 19:03:03,959 [INFO] IPUIPlugin:80 - create IPUIPlugin
2024-06-15 19:03:03,959 [INFO] PluginManager:220 - loadIPPluginJar : add gpio
2024-06-15 19:03:03,964 [INFO] IPUIPlugin:80 - create IPUIPlugin
2024-06-15 19:03:03,965 [INFO] PluginManager:220 - loadIPPluginJar : add gtzc
2024-06-15 19:03:03,988 [INFO] IPUIPlugin:80 - create IPUIPlugin
2024-06-15 19:03:03,988 [INFO] PluginManager:220 - loadIPPluginJar : add hash
2024-06-15 19:03:03,994 [INFO] IPUIPlugin:80 - create IPUIPlugin
2024-06-15 19:03:03,994 [INFO] PluginManager:220 - loadIPPluginJar : add i2c
2024-06-15 19:03:03,998 [INFO] IPUIPlugin:80 - create IPUIPlugin
2024-06-15 19:03:03,999 [INFO] PluginManager:220 - loadIPPluginJar : add i2s
2024-06-15 19:03:04,003 [INFO] IPUIPlugin:80 - create IPUIPlugin
2024-06-15 19:03:04,003 [INFO] PluginManager:220 - loadIPPluginJar : add i3c
2024-06-15 19:03:04,011 [INFO] IPUIPlugin:80 - create IPUIPlugin
2024-06-15 19:03:04,012 [INFO] PluginManager:220 - loadIPPluginJar : add ipddr
2024-06-15 19:03:04,029 [INFO] IPUIPlugin:80 - create IPUIPlugin
2024-06-15 19:03:04,029 [INFO] PluginManager:220 - loadIPPluginJar : add linkedlist
2024-06-15 19:03:04,033 [INFO] IPUIPlugin:80 - create IPUIPlugin
2024-06-15 19:03:04,033 [INFO] PluginManager:220 - loadIPPluginJar : add lorawan
2024-06-15 19:03:04,036 [INFO] IPUIPlugin:80 - create IPUIPlugin
2024-06-15 19:03:04,037 [INFO] PluginManager:220 - loadIPPluginJar : add ltdc
2024-06-15 19:03:04,049 [INFO] IPUIPlugin:80 - create IPUIPlugin
2024-06-15 19:03:04,050 [INFO] PluginManager:220 - loadIPPluginJar : add mdma
2024-06-15 19:03:04,056 [INFO] IPUIPlugin:80 - create IPUIPlugin
2024-06-15 19:03:04,057 [INFO] PluginManager:220 - loadIPPluginJar : add nvic
2024-06-15 19:03:04,061 [INFO] IPUIPlugin:80 - create IPUIPlugin
2024-06-15 19:03:04,061 [INFO] PluginManager:220 - loadIPPluginJar : add opamp
2024-06-15 19:03:04,066 [INFO] IPUIPlugin:80 - create IPUIPlugin
2024-06-15 19:03:04,066 [INFO] PluginManager:220 - loadIPPluginJar : add openamp
2024-06-15 19:03:04,073 [INFO] IPUIPlugin:80 - create IPUIPlugin
2024-06-15 19:03:04,074 [INFO] PluginManager:220 - loadIPPluginJar : add pdm2pcm
2024-06-15 19:03:04,113 [INFO] IPUIPlugin:80 - create IPUIPlugin
2024-06-15 19:03:04,119 [INFO] PluginManager:220 - loadIPPluginJar : add plateformsettings
2024-06-15 19:03:04,121 [INFO] IPUIPlugin:80 - create IPUIPlugin
2024-06-15 19:03:04,121 [INFO] PluginManager:220 - loadIPPluginJar : add quadspi
2024-06-15 19:03:04,129 [INFO] IPUIPlugin:80 - create IPUIPlugin
2024-06-15 19:03:04,129 [INFO] PluginManager:220 - loadIPPluginJar : add resmgrutility
2024-06-15 19:03:04,134 [INFO] IPUIPlugin:80 - create IPUIPlugin
2024-06-15 19:03:04,134 [INFO] PluginManager:220 - loadIPPluginJar : add sai
2024-06-15 19:03:04,138 [INFO] IPUIPlugin:80 - create IPUIPlugin
2024-06-15 19:03:04,139 [INFO] PluginManager:220 - loadIPPluginJar : add spi
2024-06-15 19:03:04,156 [INFO] IPUIPlugin:80 - create IPUIPlugin
2024-06-15 19:03:04,156 [INFO] PluginManager:220 - loadIPPluginJar : add stm32_wpan
2024-06-15 19:03:04,159 [INFO] IPUIPlugin:80 - create IPUIPlugin
2024-06-15 19:03:04,159 [INFO] PluginManager:220 - loadIPPluginJar : add tim
2024-06-15 19:03:04,163 [INFO] IPUIPlugin:80 - create IPUIPlugin
2024-06-15 19:03:04,163 [INFO] PluginManager:220 - loadIPPluginJar : add touchsensing
2024-06-15 19:03:04,165 [INFO] IPUIPlugin:80 - create IPUIPlugin
2024-06-15 19:03:04,165 [INFO] PluginManager:220 - loadIPPluginJar : add tracer_emb
2024-06-15 19:03:04,168 [INFO] IPUIPlugin:80 - create IPUIPlugin
2024-06-15 19:03:04,168 [INFO] PluginManager:220 - loadIPPluginJar : add ts
2024-06-15 19:03:04,170 [INFO] IPUIPlugin:80 - create IPUIPlugin
2024-06-15 19:03:04,171 [INFO] PluginManager:220 - loadIPPluginJar : add tsc
2024-06-15 19:03:04,174 [INFO] IPUIPlugin:80 - create IPUIPlugin
2024-06-15 19:03:04,174 [INFO] PluginManager:220 - loadIPPluginJar : add ucpd
2024-06-15 19:03:04,177 [INFO] IPUIPlugin:80 - create IPUIPlugin
2024-06-15 19:03:04,177 [INFO] PluginManager:220 - loadIPPluginJar : add usart
2024-06-15 19:03:04,181 [INFO] IPUIPlugin:80 - create IPUIPlugin
2024-06-15 19:03:04,181 [INFO] PluginManager:220 - loadIPPluginJar : add usbx
2024-06-15 19:03:04,347 [INFO] CADModel:165 - CPN selected for project level
2024-06-15 19:03:04,347 [INFO] CADModel:114 - Register for checkConnection events
2024-06-15 19:03:04,347 [FATAL] Updater:308 - Updater called before beeing initialized
2024-06-15 19:03:04,347 [ERROR] CADModel:125 - Updater not yet initialized, retry later 
2024-06-15 19:03:04,564 [INFO] CADModel:165 - CPN selected for project level
2024-06-15 19:03:04,564 [INFO] CADModel:114 - Register for checkConnection events
2024-06-15 19:03:04,564 [FATAL] Updater:308 - Updater called before beeing initialized
2024-06-15 19:03:04,565 [ERROR] CADModel:125 - Updater not yet initialized, retry later 
2024-06-15 19:03:04,570 [FATAL] Updater:308 - Updater called before beeing initialized
2024-06-15 19:03:04,755 [FATAL] Updater:308 - Updater called before beeing initialized
2024-06-15 19:03:04,760 [INFO] DbMcusAds:53 - JSON generation date=Thu May 16 14:52:01 IST 2024 (1715851321456)
2024-06-15 19:03:04,760 [FATAL] Updater:308 - Updater called before beeing initialized
2024-06-15 19:03:04,809 [WARN] DetailPanel:346 - Failed to get advertising image, set to default
2024-06-15 19:03:04,974 [FATAL] Updater:308 - Updater called before beeing initialized
2024-06-15 19:03:04,978 [FATAL] Updater:308 - Updater called before beeing initialized
2024-06-15 19:03:04,978 [FATAL] Updater:308 - Updater called before beeing initialized
2024-06-15 19:03:04,978 [WARN] DetailPanel:346 - Failed to get advertising image, set to default
2024-06-15 19:03:04,980 [FATAL] Updater:308 - Updater called before beeing initialized
2024-06-15 19:03:05,123 [ERROR] Updater:1120 - MainUpdater not yet initialized. External WinMGr cannot be set.
2024-06-15 19:03:05,129 [INFO] Updater:1056 - Updater Version found : 6.10.0
2024-06-15 19:03:05,203 [INFO] ApplicationProperties:184 - Using Application install path: C:\ST\STM32CubeIDE_1.14.1\STM32CubeIDE\plugins\com.st.stm32cube.common.mx_6.10.0.202311202037
2024-06-15 19:03:06,377 [INFO] ThirdPartyUpdaterWithRetryManager:70 - Updater plugin not ready yet. [2/15]
2024-06-15 19:03:06,810 [ERROR] LogOutputStream:75 - [STDERR_REDIRECT] Jun 15, 2024 7:03:06 PM java.util.prefs.WindowsPreferences <init>
2024-06-15 19:03:06,811 [ERROR] LogOutputStream:75 - [STDERR_REDIRECT] WARNING: Could not open/create prefs root node Software\JavaSoft\Prefs at root 0xffffffff80000002. Windows RegCreateKeyEx(...) returned error code 5.
2024-06-15 19:03:06,811 [ERROR] LogOutputStream:75 - [STDERR_REDIRECT] 
2024-06-15 19:03:07,676 [INFO] MainUpdater:2873 - connection check result : 10
2024-06-15 19:03:07,676 [INFO] MainUpdater:290 - Updater Check For Update Now.
2024-06-15 19:03:07,677 [INFO] MicroXplorer:498 - Change Database Version : DB.6.0.100
2024-06-15 19:03:07,689 [INFO] McuFinderGlobals:63 - Set McuFinder mode to 2 (CubeIDE integrated)
2024-06-15 19:03:07,708 [INFO] UserAuth:404 - Internet connection configuration mode: 1
2024-06-15 19:03:07,742 [INFO] JxBrowserEngine:152 - Initiate JxBrowser Engine with user profile folder
2024-06-15 19:03:07,887 [INFO] CheckServerUpdateThread:120 - End of CheckServer Thread
2024-06-15 19:03:08,616 [INFO] WebApp:161 - Instantiating new browser for Auth
2024-06-15 19:03:09,440 [INFO] WebApp:780 - Register for checkConnection events
2024-06-15 19:03:09,440 [INFO] WebApp:414 - Apply proxy settings
2024-06-15 19:03:09,440 [INFO] WebApp:499 - Chromium requires no authentication
2024-06-15 19:03:09,457 [INFO] WebApp:442 - Direct internet connection detected
2024-06-15 19:03:09,634 [WARN] PackLoader:240 - Cannot read IP mode file for STMicroelectronics.FP-SNS-MOTENVWB1.1.4.0
2024-06-15 19:03:09,672 [WARN] PackLoader:240 - Cannot read IP mode file for STMicroelectronics.X-CUBE-SMBUS.2.1.0
2024-06-15 19:03:09,693 [WARN] PackLoader:240 - Cannot read IP mode file for STMicroelectronics.X-CUBE-TOUCHGFX.4.23.0
2024-06-15 19:03:09,709 [WARN] PackLoader:240 - Cannot read IP mode file for STMicroelectronics.X-CUBE-TOUCHGFX.4.23.2
2024-06-15 19:03:09,767 [INFO] WebApp:192 - Starting web application
2024-06-15 19:03:09,767 [INFO] WebApp:544 - Web application path used C:\ST\STM32CubeIDE_1.14.1\STM32CubeIDE\plugins\com.st.stm32cube.common.mx_6.10.0.202311202037\db\plugins\mcufinder\reactClient1\index.html
2024-06-15 19:03:09,792 [WARN] PackLoader:240 - Cannot read IP mode file for STMicroelectronics.X-CUBE-AZRTOS-F7.1.1.0
2024-06-15 19:03:09,828 [WARN] PackLoader:240 - Cannot read IP mode file for STMicroelectronics.FP-SNS-MOTENV1.4.3.2
2024-06-15 19:03:09,860 [WARN] PackLoader:240 - Cannot read IP mode file for STMicroelectronics.X-CUBE-BLE1.6.2.4
2024-06-15 19:03:09,897 [WARN] PackLoader:240 - Cannot read IP mode file for STMicroelectronics.X-CUBE-DISPLAY.3.0.0
2024-06-15 19:03:09,932 [WARN] PackLoader:240 - Cannot read IP mode file for STMicroelectronics.X-CUBE-BLE1.7.0.0
2024-06-15 19:03:09,958 [WARN] PackLoader:240 - Cannot read IP mode file for emotas.I-CUBE-CANOPEN.1.3.0
2024-06-15 19:03:09,994 [WARN] PackLoader:240 - Cannot read IP mode file for STMicroelectronics.X-CUBE-TOUCHGFX.4.22.0
2024-06-15 19:03:10,061 [WARN] PackLoader:240 - Cannot read IP mode file for STMicroelectronics.X-CUBE-BLEMGR.3.1.0
2024-06-15 19:03:10,139 [INFO] LogOutputStream:77 - [STDOUT_REDIRECT] 1 : Invalid condition id : UX_CORESTACK_Condition cause : null
2024-06-15 19:03:10,142 [INFO] LogOutputStream:77 - [STDOUT_REDIRECT] 1 : Invalid condition id : UX_CORESTACK_Condition cause : null
2024-06-15 19:03:10,145 [INFO] LogOutputStream:77 - [STDOUT_REDIRECT] 1 : Invalid condition id : UX_CORESTACK_Condition cause : null
2024-06-15 19:03:10,148 [INFO] LogOutputStream:77 - [STDOUT_REDIRECT] 1 : Invalid condition id : UX_CORESTACK_Condition cause : null
2024-06-15 19:03:10,152 [INFO] LogOutputStream:77 - [STDOUT_REDIRECT] 1 : Invalid condition id : UX_CORESTACK_Condition cause : null
2024-06-15 19:03:10,161 [WARN] PackLoader:240 - Cannot read IP mode file for STMicroelectronics.X-CUBE-AZRTOS-WL.2.0.0
2024-06-15 19:03:10,195 [WARN] PackLoader:240 - Cannot read IP mode file for STMicroelectronics.FP-SNS-MOTENV1.5.0.0
2024-06-15 19:03:10,245 [WARN] PackLoader:240 - Cannot read IP mode file for WES.I-CUBE-Cesium.1.3.0
2024-06-15 19:03:10,278 [WARN] PackLoader:240 - Cannot read IP mode file for STMicroelectronics.X-CUBE-BLE2.3.3.0
2024-06-15 19:03:10,314 [WARN] PackLoader:240 - Cannot read IP mode file for STMicroelectronics.X-CUBE-TCPP.4.1.0
2024-06-15 19:03:10,348 [WARN] PackLoader:240 - Cannot read IP mode file for STMicroelectronics.X-CUBE-ALGOBUILD.1.3.0
2024-06-15 19:03:10,417 [WARN] PackLoader:240 - Cannot read IP mode file for STMicroelectronics.X-CUBE-AZRTOS-G0.1.1.0
2024-06-15 19:03:10,458 [WARN] PackLoader:240 - Cannot read IP mode file for STMicroelectronics.X-CUBE-SAFEA1.1.2.2
2024-06-15 19:03:10,488 [WARN] PackLoader:240 - Cannot read IP mode file for STMicroelectronics.X-CUBE-NFC4.3.0.0
2024-06-15 19:03:10,516 [WARN] PackLoader:240 - Cannot read IP mode file for wolfSSL.I-CUBE-wolfMQTT.1.18.0
2024-06-15 19:03:10,547 [WARN] PackLoader:240 - Cannot read IP mode file for STMicroelectronics.X-CUBE-BLEMGR.3.0.0
2024-06-15 19:03:10,580 [WARN] PackLoader:240 - Cannot read IP mode file for STMicroelectronics.FP-ATR-SIGFOX1.3.2.0
2024-06-15 19:03:10,615 [WARN] PackLoader:240 - Cannot read IP mode file for STMicroelectronics.X-CUBE-EEPRMA1.5.1.0
2024-06-15 19:03:10,708 [WARN] PackLoader:240 - Cannot read IP mode file for SEGGER.I-CUBE-embOS.1.3.1
2024-06-15 19:03:10,801 [WARN] PackLoader:240 - Cannot read IP mode file for STMicroelectronics.X-CUBE-ALGOBUILD.1.4.0
2024-06-15 19:03:10,829 [WARN] PackLoader:240 - Cannot read IP mode file for STMicroelectronics.X-CUBE-GNSS1.6.0.0
2024-06-15 19:03:10,908 [WARN] PackLoader:240 - Cannot read IP mode file for STMicroelectronics.X-CUBE-AZRTOS-F4.1.1.0
2024-06-15 19:03:10,945 [WARN] PackLoader:240 - Cannot read IP mode file for STMicroelectronics.X-CUBE-FREERTOS.1.2.0
2024-06-15 19:03:11,031 [WARN] PackLoader:240 - Cannot read IP mode file for STMicroelectronics.X-CUBE-AZRTOS-L5.2.0.0
2024-06-15 19:03:11,241 [WARN] PackLoader:240 - Cannot read IP mode file for STMicroelectronics.X-CUBE-MEMS1.9.6.0
2024-06-15 19:03:11,510 [WARN] PackLoader:240 - Cannot read IP mode file for STMicroelectronics.X-CUBE-EEPRMA1.4.2.0
2024-06-15 19:03:11,541 [WARN] PackLoader:240 - Cannot read IP mode file for STMicroelectronics.X-CUBE-NFC6.3.1.0
2024-06-15 19:03:11,576 [WARN] PackLoader:240 - Cannot read IP mode file for STMicroelectronics.X-CUBE-BLEMGR.2.0.0
2024-06-15 19:03:11,608 [WARN] PackLoader:240 - Cannot read IP mode file for STMicroelectronics.X-CUBE-AI.9.0.0
2024-06-15 19:03:11,677 [WARN] ConditionMgr:438 - getConditionDescription Invalid condition id : UX DEVICE CLASS RTOS Condition cause : null
2024-06-15 19:03:11,678 [WARN] ConditionMgr:438 - getConditionDescription Invalid condition id : UX DEVICE CLASS RTOS Condition cause : null
2024-06-15 19:03:11,684 [WARN] PackLoader:240 - Cannot read IP mode file for STMicroelectronics.X-CUBE-AZRTOS-H7.3.1.0
2024-06-15 19:03:11,689 [WARN] ConditionMgr:1039 - genDependencies : Invalid condition id : UX DEVICE CLASS RTOS Condition cause : null
2024-06-15 19:03:11,689 [WARN] ConditionMgr:1039 - genDependencies : Invalid condition id : UX DEVICE CLASS RTOS Condition cause : null
2024-06-15 19:03:11,691 [WARN] ConditionMgr:1039 - genDependencies : Invalid condition id : UX DEVICE CLASS RTOS Condition cause : null
2024-06-15 19:03:11,691 [WARN] ConditionMgr:1039 - genDependencies : Invalid condition id : UX DEVICE CLASS RTOS Condition cause : null
2024-06-15 19:03:11,692 [WARN] ConditionMgr:1039 - genDependencies : Invalid condition id : UX DEVICE CLASS RTOS Condition cause : null
2024-06-15 19:03:11,729 [WARN] PackLoader:240 - Cannot read IP mode file for STMicroelectronics.X-CUBE-NFC7.1.0.1
2024-06-15 19:03:11,763 [WARN] PackLoader:240 - Cannot read IP mode file for STMicroelectronics.X-CUBE-NFC6.3.0.0
2024-06-15 19:03:11,790 [WARN] PackLoader:240 - Cannot read IP mode file for STMicroelectronics.X-CUBE-EEPRMA1.4.1.0
2024-06-15 19:03:11,811 [WARN] PackLoader:240 - Cannot read IP mode file for STMicroelectronics.X-CUBE-AI.8.1.0
2024-06-15 19:03:11,863 [WARN] ConditionMgr:438 - getConditionDescription Invalid condition id : LAN8742 Phy interface Condition cause : null
2024-06-15 19:03:11,864 [WARN] PackLoader:240 - Cannot read IP mode file for STMicroelectronics.X-CUBE-AZRTOS-L4.2.0.0
2024-06-15 19:03:11,865 [WARN] ConditionMgr:1039 - genDependencies : Invalid condition id : LAN8742 Phy interface Condition cause : null
2024-06-15 19:03:11,866 [WARN] ConditionMgr:1039 - genDependencies : Invalid condition id : LAN8742 Phy interface Condition cause : null
2024-06-15 19:03:11,867 [WARN] ConditionMgr:1039 - genDependencies : Invalid condition id : LAN8742 Phy interface Condition cause : null
2024-06-15 19:03:11,894 [WARN] PackLoader:240 - Cannot read IP mode file for STMicroelectronics.X-CUBE-SFXS2LP1.4.0.0
2024-06-15 19:03:11,915 [WARN] PackLoader:240 - Cannot read IP mode file for STMicroelectronics.X-CUBE-ISPU.1.1.0
2024-06-15 19:03:11,959 [WARN] ConditionMgr:438 - getConditionDescription Invalid condition id : UX DEVICE CLASS RTOS Condition cause : null
2024-06-15 19:03:11,960 [WARN] ConditionMgr:438 - getConditionDescription Invalid condition id : UX DEVICE CLASS RTOS Condition cause : null
2024-06-15 19:03:11,962 [WARN] PackLoader:240 - Cannot read IP mode file for STMicroelectronics.X-CUBE-AZRTOS-WB.2.0.0
2024-06-15 19:03:11,963 [WARN] ConditionMgr:1039 - genDependencies : Invalid condition id : UX DEVICE CLASS RTOS Condition cause : null
2024-06-15 19:03:11,963 [WARN] ConditionMgr:1039 - genDependencies : Invalid condition id : UX DEVICE CLASS RTOS Condition cause : null
2024-06-15 19:03:11,964 [WARN] ConditionMgr:1039 - genDependencies : Invalid condition id : UX DEVICE CLASS RTOS Condition cause : null
2024-06-15 19:03:11,964 [WARN] ConditionMgr:1039 - genDependencies : Invalid condition id : UX DEVICE CLASS RTOS Condition cause : null
2024-06-15 19:03:11,964 [WARN] ConditionMgr:1039 - genDependencies : Invalid condition id : UX DEVICE CLASS RTOS Condition cause : null
2024-06-15 19:03:11,989 [WARN] PackLoader:240 - Cannot read IP mode file for STMicroelectronics.X-CUBE-FREERTOS.1.0.1
2024-06-15 19:03:12,035 [WARN] PackLoader:240 - Cannot read IP mode file for STMicroelectronics.X-CUBE-AZRTOS-L5.1.1.0
2024-06-15 19:03:12,065 [WARN] PackLoader:240 - Cannot read IP mode file for STMicroelectronics.X-CUBE-AI.8.0.1
2024-06-15 19:03:12,093 [WARN] PackLoader:240 - Cannot read IP mode file for STMicroelectronics.X-CUBE-SUBG2.5.0.0
2024-06-15 19:03:12,161 [WARN] PackLoader:240 - Cannot read IP mode file for STMicroelectronics.X-CUBE-TOF1.3.3.1
2024-06-15 19:03:12,259 [WARN] PackLoader:240 - Cannot read IP mode file for STMicroelectronics.X-CUBE-AZRTOS-G4.2.0.0
2024-06-15 19:03:12,317 [WARN] PackLoader:240 - Cannot read IP mode file for Infineon.AIROC-Wi-Fi-Bluetooth-STM32.1.5.1
2024-06-15 19:03:12,364 [WARN] PackLoader:240 - Cannot read IP mode file for STMicroelectronics.FP-SNS-MOTENVWB1.1.3.1
2024-06-15 19:03:12,395 [WARN] PackLoader:240 - Cannot read IP mode file for STMicroelectronics.X-CUBE-ALS.1.0.2
2024-06-15 19:03:12,425 [WARN] PackLoader:240 - Cannot read IP mode file for STMicroelectronics.X-CUBE-FREERTOS.1.1.0
2024-06-15 19:03:12,458 [WARN] PackLoader:240 - Cannot read IP mode file for portGmbH.I-Cube-SoM-uGOAL.1.1.0
2024-06-15 19:03:12,481 [WARN] PackLoader:240 - Cannot read IP mode file for STMicroelectronics.X-CUBE-ALS.1.0.1
2024-06-15 19:03:12,523 [WARN] PackLoader:240 - Cannot read IP mode file for STMicroelectronics.X-CUBE-AZRTOS-WB.1.1.0
2024-06-15 19:03:12,571 [WARN] PackLoader:240 - Cannot read IP mode file for STMicroelectronics.X-CUBE-AZRTOS-H7RS.1.0.0
2024-06-15 19:03:12,595 [WARN] PackLoader:240 - Cannot read IP mode file for STMicroelectronics.FP-ATR-ASTRA1.2.0.0
2024-06-15 19:03:12,629 [WARN] PackLoader:240 - Cannot read IP mode file for STMicroelectronics.X-CUBE-TOF1.3.4.0
2024-06-15 19:03:12,682 [WARN] PackLoader:240 - Cannot read IP mode file for STMicroelectronics.X-CUBE-TOF1.3.4.1
2024-06-15 19:03:12,703 [INFO] ThirdParty:978 - Integrity check success = true
2024-06-15 19:03:12,704 [INFO] IntegrityCheckThread:100 - exiting critical section [integrity check]
2024-06-15 19:03:12,704 [INFO] IntegrityCheckThread:103 - End integrity checks thread
2024-06-15 19:03:31,052 [ERROR] LogOutputStream:75 - [STDERR_REDIRECT] SLF4J: Failed to load class "org.slf4j.impl.StaticLoggerBinder".
2024-06-15 19:03:31,054 [ERROR] LogOutputStream:75 - [STDERR_REDIRECT] SLF4J: Defaulting to no-operation (NOP) logger implementation
2024-06-15 19:03:31,056 [ERROR] LogOutputStream:75 - [STDERR_REDIRECT] SLF4J: See http://www.slf4j.org/codes.html#StaticLoggerBinder for further details.
2024-06-15 20:05:36,123 [ERROR] LogOutputStream:75 - [STDERR_REDIRECT] 
2024-06-15 20:05:48,698 [INFO] Activator:176 - 


2024-06-15 20:05:48,701 [INFO] Activator:177 - !SESSION log4j initialized
2024-06-15 20:05:55,157 [INFO] LogOutputStream:77 - [STDOUT_REDIRECT] 
2024-06-15 20:05:57,228 [INFO] ApplicationProperties:184 - Using Application install path: C:\ST\STM32CubeIDE_1.14.1\STM32CubeIDE\plugins\com.st.stm32cube.common.mx_6.10.0.202311202037
2024-06-15 20:05:57,248 [INFO] DbMcusXml:78 - Set database path to: C:\ST\STM32CubeIDE_1.14.1\STM32CubeIDE\plugins\com.st.stm32cube.common.mx_6.10.0.202311202037\\db\/mcu/
2024-06-15 20:05:57,249 [INFO] ApiDb:274 - Set plugin database path to: C:\ST\STM32CubeIDE_1.14.1\STM32CubeIDE\plugins\com.st.stm32cube.common.mx_6.10.0.202311202037\\db\/plugins/boardmanager/
2024-06-15 20:05:57,249 [WARN] ApiDb:259 - Overriding images path with different value:  => C:\ST\STM32CubeIDE_1.14.1\STM32CubeIDE\plugins\com.st.stm32cube.common.mx_6.10.0.202311202037\\db\/plugins/mcufinder/images/
2024-06-15 20:05:57,258 [INFO] ApiDb:250 - Set database path to: C:\Users\ACER\.stmcufinder\plugins\mcufinder//mcu/
2024-06-15 20:05:57,260 [INFO] DbMcusAds:125 - Set database path to: C:\Users\ACER\.stmcufinder\plugins\mcufinder//mcu/
2024-06-15 20:05:57,263 [INFO] CrossReferenceDbSqlite:203 - Set database path to: C:\Users\ACER\.stmcufinder\plugins\mcufinder//mcu/cs/
2024-06-15 20:05:57,405 [INFO] RulesReader:64 - Compatibility file has been processed (297 Rules)
2024-06-15 20:05:57,523 [INFO] DbMcusXml:78 - Set database path to: C:\ST\STM32CubeIDE_1.14.1\STM32CubeIDE\plugins\com.st.stm32cube.common.mx_6.10.0.202311202037\\db\/mcu/
2024-06-15 20:05:57,524 [INFO] ApiDb:274 - Set plugin database path to: C:\ST\STM32CubeIDE_1.14.1\STM32CubeIDE\plugins\com.st.stm32cube.common.mx_6.10.0.202311202037\\db\/plugins/boardmanager/
2024-06-15 20:05:57,524 [INFO] ApiDb:261 - Set plugin images path to: C:\ST\STM32CubeIDE_1.14.1\STM32CubeIDE\plugins\com.st.stm32cube.common.mx_6.10.0.202311202037\\db\/plugins/mcufinder/images/
2024-06-15 20:05:57,524 [WARN] DbFile:41 - Overriding database path with different value: C:\Users\ACER\.stmcufinder\plugins\mcufinder/ => C:\Users\ACER\.stmcufinder\plugins\mcufinder
2024-06-15 20:05:57,524 [INFO] ApiDb:250 - Set database path to: C:\Users\ACER\.stmcufinder\plugins\mcufinder//mcu/
2024-06-15 20:05:57,524 [WARN] DbFile:41 - Overriding database path with different value: C:\Users\ACER\.stmcufinder\plugins\mcufinder/ => C:\Users\ACER\.stmcufinder\plugins\mcufinder
2024-06-15 20:05:57,524 [INFO] DbMcusAds:125 - Set database path to: C:\Users\ACER\.stmcufinder\plugins\mcufinder//mcu/
2024-06-15 20:05:57,524 [WARN] DbFile:41 - Overriding database path with different value: C:\Users\ACER\.stmcufinder\plugins\mcufinder/ => C:\Users\ACER\.stmcufinder\plugins\mcufinder
2024-06-15 20:05:57,525 [WARN] DbFile:41 - Overriding database path with different value: C:\Users\ACER\.stmcufinder\plugins\mcufinder/ => C:\Users\ACER\.stmcufinder\plugins\mcufinder
2024-06-15 20:05:57,525 [INFO] CrossReferenceDbSqlite:203 - Set database path to: C:\Users\ACER\.stmcufinder\plugins\mcufinder//mcu/cs/
2024-06-15 20:05:57,625 [INFO] MainPanel:264 - HeapMemory: 268435456
2024-06-15 20:05:57,747 [INFO] DbMcusXml:78 - Set database path to: C:\ST\STM32CubeIDE_1.14.1\STM32CubeIDE\plugins\com.st.stm32cube.common.mx_6.10.0.202311202037\\db\/mcu/
2024-06-15 20:05:57,747 [INFO] ApiDb:274 - Set plugin database path to: C:\ST\STM32CubeIDE_1.14.1\STM32CubeIDE\plugins\com.st.stm32cube.common.mx_6.10.0.202311202037\\db\/plugins/boardmanager/
2024-06-15 20:05:57,747 [INFO] ApiDb:261 - Set plugin images path to: C:\ST\STM32CubeIDE_1.14.1\STM32CubeIDE\plugins\com.st.stm32cube.common.mx_6.10.0.202311202037\\db\/plugins/mcufinder/images/
2024-06-15 20:05:57,747 [WARN] DbFile:41 - Overriding database path with different value: C:\Users\ACER\.stmcufinder\plugins\mcufinder/ => C:\Users\ACER\.stmcufinder\plugins\mcufinder
2024-06-15 20:05:57,748 [INFO] ApiDb:250 - Set database path to: C:\Users\ACER\.stmcufinder\plugins\mcufinder//mcu/
2024-06-15 20:05:57,748 [WARN] DbFile:41 - Overriding database path with different value: C:\Users\ACER\.stmcufinder\plugins\mcufinder/ => C:\Users\ACER\.stmcufinder\plugins\mcufinder
2024-06-15 20:05:57,748 [INFO] DbMcusAds:125 - Set database path to: C:\Users\ACER\.stmcufinder\plugins\mcufinder//mcu/
2024-06-15 20:05:57,748 [WARN] DbFile:41 - Overriding database path with different value: C:\Users\ACER\.stmcufinder\plugins\mcufinder/ => C:\Users\ACER\.stmcufinder\plugins\mcufinder
2024-06-15 20:05:57,748 [WARN] DbFile:41 - Overriding database path with different value: C:\Users\ACER\.stmcufinder\plugins\mcufinder/ => C:\Users\ACER\.stmcufinder\plugins\mcufinder
2024-06-15 20:05:57,748 [INFO] CrossReferenceDbSqlite:203 - Set database path to: C:\Users\ACER\.stmcufinder\plugins\mcufinder//mcu/cs/
2024-06-15 20:05:57,781 [INFO] ApplicationProperties:184 - Using Application install path: C:\ST\STM32CubeIDE_1.14.1\STM32CubeIDE\plugins\com.st.stm32cube.common.mx_6.10.0.202311202037
2024-06-15 20:05:57,784 [INFO] PluginManage:196 - Search for loadable plugins [exclusion list=, ]
2024-06-15 20:05:57,786 [INFO] PluginManage:310 - Check plugin analytics
2024-06-15 20:05:57,962 [INFO] AnalyticsPlugin:253 - Accepted Software Licenses: 
2024-06-15 20:05:57,962 [INFO] AnalyticsPlugin:255 - Accepted CMSIS Pack Licenses: 
2024-06-15 20:05:57,962 [INFO] AnalyticsPlugin:257 - Accepted Firmware Licenses: 
2024-06-15 20:05:57,966 [INFO] PluginManage:359 - Loaded plugin analytics (category:tool,tabindex:-1)
2024-06-15 20:05:57,967 [INFO] PluginManage:310 - Check plugin cadmodel
2024-06-15 20:05:57,972 [INFO] CADModel:105 - Init CAD model plugin
2024-06-15 20:05:57,972 [INFO] PluginManage:359 - Loaded plugin cadmodel (category:power,tabindex:5)
2024-06-15 20:05:57,973 [INFO] PluginManage:310 - Check plugin clock
2024-06-15 20:05:57,984 [INFO] PluginManage:359 - Loaded plugin clock (category:base,tabindex:2)
2024-06-15 20:05:57,984 [INFO] PluginManage:310 - Check plugin ddr
2024-06-15 20:05:57,986 [INFO] PluginManage:359 - Loaded plugin ddr (category:tool,tabindex:6)
2024-06-15 20:05:57,986 [INFO] PluginManage:310 - Check plugin filemanager
2024-06-15 20:05:58,129 [INFO] PluginManage:359 - Loaded plugin filemanager (category:base,tabindex:10)
2024-06-15 20:05:58,129 [INFO] PluginManage:310 - Check plugin ipmanager
2024-06-15 20:05:58,138 [INFO] PluginManage:359 - Loaded plugin ipmanager (category:base,tabindex:5)
2024-06-15 20:05:58,138 [INFO] PluginManage:310 - Check plugin lpbam
2024-06-15 20:05:58,148 [INFO] PluginManage:359 - Loaded plugin lpbam (category:base,tabindex:0)
2024-06-15 20:05:58,148 [INFO] PluginManage:310 - Check plugin memorymap
2024-06-15 20:05:58,162 [INFO] PluginManage:359 - Loaded plugin memorymap (category:base,tabindex:4)
2024-06-15 20:05:58,162 [INFO] PluginManage:310 - Check plugin pinoutandconfiguration
2024-06-15 20:05:58,178 [INFO] PluginManage:359 - Loaded plugin pinoutandconfiguration (category:base,tabindex:1)
2024-06-15 20:05:58,178 [INFO] PluginManage:310 - Check plugin pinoutconfig
2024-06-15 20:05:58,283 [WARN] SupportedApi:132 - Cannot load RTOS API schema: s4s-elt-must-match.1: The content of 'definitions' must match (annotation?, (simpleType | complexType)?, (unique | key | keyref)*)). A problem was found starting at: attribute.
2024-06-15 20:05:58,428 [INFO] PluginManage:359 - Loaded plugin pinoutconfig (category:base,tabindex:0)
2024-06-15 20:05:58,429 [INFO] PluginManage:310 - Check plugin power
2024-06-15 20:05:58,443 [INFO] PluginManage:359 - Loaded plugin power (category:power,tabindex:4)
2024-06-15 20:05:58,443 [INFO] PluginManage:310 - Check plugin projectmanager
2024-06-15 20:05:58,462 [INFO] PluginManage:359 - Loaded plugin projectmanager (category:projectmanager,tabindex:3)
2024-06-15 20:05:58,462 [INFO] PluginManage:310 - Check plugin thirdparty
2024-06-15 20:05:58,631 [INFO] PluginManage:359 - Loaded plugin thirdparty (category:base,tabindex:-1)
2024-06-15 20:05:58,631 [INFO] PluginManage:310 - Check plugin tools
2024-06-15 20:05:58,631 [WARN] IntegrityCheckThread:84 - waiting for thirdparty lock release [integrity check]
2024-06-15 20:05:58,632 [INFO] IntegrityCheckThread:86 - entering critical section [integrity check]
2024-06-15 20:05:58,632 [INFO] ThirdPartyUpdaterWithRetryManager:70 - Updater plugin not ready yet. [1/15]
2024-06-15 20:05:58,635 [INFO] PluginManage:359 - Loaded plugin tools (category:base,tabindex:7)
2024-06-15 20:05:58,635 [INFO] PluginManage:310 - Check plugin tutovideos
2024-06-15 20:05:58,819 [INFO] PluginManage:359 - Loaded plugin tutovideos (category:base,tabindex:-1)
2024-06-15 20:05:58,820 [INFO] PluginManage:310 - Check plugin updater
2024-06-15 20:05:58,834 [INFO] PluginManage:359 - Loaded plugin updater (category:base,tabindex:12)
2024-06-15 20:05:58,834 [INFO] PluginManage:310 - Check plugin userauth
2024-06-15 20:05:58,840 [INFO] UserAuth:114 - Init User Auth plugin
2024-06-15 20:05:58,841 [INFO] PluginManage:359 - Loaded plugin userauth (category:base,tabindex:14)
2024-06-15 20:05:58,841 [INFO] PluginManage:283 - PluginManage : Loaded plugins [17]
2024-06-15 20:05:59,091 [INFO] PinOutPanel:1499 - setPackage(No Configuration,No Configuration)
2024-06-15 20:05:59,178 [INFO] CADModel:165 - CPN selected for project level
2024-06-15 20:05:59,179 [INFO] CADModel:114 - Register for checkConnection events
2024-06-15 20:05:59,201 [INFO] IPUIPlugin:80 - create IPUIPlugin
2024-06-15 20:05:59,201 [INFO] PluginManager:220 - loadIPPluginJar : add adc
2024-06-15 20:05:59,204 [INFO] IPUIPlugin:80 - create IPUIPlugin
2024-06-15 20:05:59,204 [INFO] PluginManager:220 - loadIPPluginJar : add aes
2024-06-15 20:05:59,208 [INFO] IPUIPlugin:80 - create IPUIPlugin
2024-06-15 20:05:59,208 [INFO] PluginManager:220 - loadIPPluginJar : add can
2024-06-15 20:05:59,210 [INFO] IPUIPlugin:80 - create IPUIPlugin
2024-06-15 20:05:59,210 [INFO] PluginManager:220 - loadIPPluginJar : add comp
2024-06-15 20:05:59,213 [INFO] IPUIPlugin:80 - create IPUIPlugin
2024-06-15 20:05:59,213 [INFO] PluginManager:220 - loadIPPluginJar : add cryp
2024-06-15 20:05:59,215 [INFO] IPUIPlugin:80 - create IPUIPlugin
2024-06-15 20:05:59,216 [INFO] PluginManager:220 - loadIPPluginJar : add dfsdm
2024-06-15 20:05:59,222 [INFO] IPUIPlugin:80 - create IPUIPlugin
2024-06-15 20:05:59,222 [INFO] PluginManager:220 - loadIPPluginJar : add dma
2024-06-15 20:05:59,225 [INFO] IPUIPlugin:80 - create IPUIPlugin
2024-06-15 20:05:59,226 [INFO] PluginManager:220 - loadIPPluginJar : add dma3
2024-06-15 20:05:59,228 [INFO] IPUIPlugin:80 - create IPUIPlugin
2024-06-15 20:05:59,228 [INFO] PluginManager:220 - loadIPPluginJar : add fatfs
2024-06-15 20:05:59,233 [INFO] IPUIPlugin:80 - create IPUIPlugin
2024-06-15 20:05:59,233 [INFO] PluginManager:220 - loadIPPluginJar : add fmc
2024-06-15 20:05:59,239 [INFO] IPUIPlugin:80 - create IPUIPlugin
2024-06-15 20:05:59,239 [INFO] PluginManager:220 - loadIPPluginJar : add freertos
2024-06-15 20:05:59,241 [INFO] IPUIPlugin:80 - create IPUIPlugin
2024-06-15 20:05:59,241 [INFO] PluginManager:220 - loadIPPluginJar : add genericplugin
2024-06-15 20:05:59,244 [INFO] IPUIPlugin:80 - create IPUIPlugin
2024-06-15 20:05:59,244 [INFO] PluginManager:220 - loadIPPluginJar : add gfxmmu
2024-06-15 20:05:59,249 [INFO] IPUIPlugin:80 - create IPUIPlugin
2024-06-15 20:05:59,249 [INFO] PluginManager:220 - loadIPPluginJar : add gic
2024-06-15 20:05:59,255 [INFO] IPUIPlugin:80 - create IPUIPlugin
2024-06-15 20:05:59,255 [INFO] PluginManager:220 - loadIPPluginJar : add gpio
2024-06-15 20:05:59,258 [INFO] IPUIPlugin:80 - create IPUIPlugin
2024-06-15 20:05:59,258 [INFO] PluginManager:220 - loadIPPluginJar : add gtzc
2024-06-15 20:05:59,260 [INFO] IPUIPlugin:80 - create IPUIPlugin
2024-06-15 20:05:59,261 [INFO] PluginManager:220 - loadIPPluginJar : add hash
2024-06-15 20:05:59,263 [INFO] IPUIPlugin:80 - create IPUIPlugin
2024-06-15 20:05:59,264 [INFO] PluginManager:220 - loadIPPluginJar : add i2c
2024-06-15 20:05:59,266 [INFO] IPUIPlugin:80 - create IPUIPlugin
2024-06-15 20:05:59,266 [INFO] PluginManager:220 - loadIPPluginJar : add i2s
2024-06-15 20:05:59,269 [INFO] IPUIPlugin:80 - create IPUIPlugin
2024-06-15 20:05:59,269 [INFO] PluginManager:220 - loadIPPluginJar : add i3c
2024-06-15 20:05:59,273 [INFO] IPUIPlugin:80 - create IPUIPlugin
2024-06-15 20:05:59,273 [INFO] PluginManager:220 - loadIPPluginJar : add ipddr
2024-06-15 20:05:59,282 [INFO] IPUIPlugin:80 - create IPUIPlugin
2024-06-15 20:05:59,283 [INFO] PluginManager:220 - loadIPPluginJar : add linkedlist
2024-06-15 20:05:59,285 [INFO] IPUIPlugin:80 - create IPUIPlugin
2024-06-15 20:05:59,285 [INFO] PluginManager:220 - loadIPPluginJar : add lorawan
2024-06-15 20:05:59,287 [INFO] IPUIPlugin:80 - create IPUIPlugin
2024-06-15 20:05:59,287 [INFO] PluginManager:220 - loadIPPluginJar : add ltdc
2024-06-15 20:05:59,293 [INFO] IPUIPlugin:80 - create IPUIPlugin
2024-06-15 20:05:59,293 [INFO] PluginManager:220 - loadIPPluginJar : add mdma
2024-06-15 20:05:59,299 [INFO] IPUIPlugin:80 - create IPUIPlugin
2024-06-15 20:05:59,299 [INFO] PluginManager:220 - loadIPPluginJar : add nvic
2024-06-15 20:05:59,302 [INFO] IPUIPlugin:80 - create IPUIPlugin
2024-06-15 20:05:59,302 [INFO] PluginManager:220 - loadIPPluginJar : add opamp
2024-06-15 20:05:59,306 [INFO] IPUIPlugin:80 - create IPUIPlugin
2024-06-15 20:05:59,306 [INFO] PluginManager:220 - loadIPPluginJar : add openamp
2024-06-15 20:05:59,310 [INFO] IPUIPlugin:80 - create IPUIPlugin
2024-06-15 20:05:59,311 [INFO] PluginManager:220 - loadIPPluginJar : add pdm2pcm
2024-06-15 20:05:59,318 [INFO] IPUIPlugin:80 - create IPUIPlugin
2024-06-15 20:05:59,321 [INFO] PluginManager:220 - loadIPPluginJar : add plateformsettings
2024-06-15 20:05:59,323 [INFO] IPUIPlugin:80 - create IPUIPlugin
2024-06-15 20:05:59,323 [INFO] PluginManager:220 - loadIPPluginJar : add quadspi
2024-06-15 20:05:59,327 [INFO] IPUIPlugin:80 - create IPUIPlugin
2024-06-15 20:05:59,327 [INFO] PluginManager:220 - loadIPPluginJar : add resmgrutility
2024-06-15 20:05:59,331 [INFO] IPUIPlugin:80 - create IPUIPlugin
2024-06-15 20:05:59,331 [INFO] PluginManager:220 - loadIPPluginJar : add sai
2024-06-15 20:05:59,333 [INFO] IPUIPlugin:80 - create IPUIPlugin
2024-06-15 20:05:59,333 [INFO] PluginManager:220 - loadIPPluginJar : add spi
2024-06-15 20:05:59,339 [INFO] IPUIPlugin:80 - create IPUIPlugin
2024-06-15 20:05:59,339 [INFO] PluginManager:220 - loadIPPluginJar : add stm32_wpan
2024-06-15 20:05:59,341 [INFO] IPUIPlugin:80 - create IPUIPlugin
2024-06-15 20:05:59,341 [INFO] PluginManager:220 - loadIPPluginJar : add tim
2024-06-15 20:05:59,344 [INFO] IPUIPlugin:80 - create IPUIPlugin
2024-06-15 20:05:59,345 [INFO] PluginManager:220 - loadIPPluginJar : add touchsensing
2024-06-15 20:05:59,346 [INFO] IPUIPlugin:80 - create IPUIPlugin
2024-06-15 20:05:59,347 [INFO] PluginManager:220 - loadIPPluginJar : add tracer_emb
2024-06-15 20:05:59,348 [INFO] IPUIPlugin:80 - create IPUIPlugin
2024-06-15 20:05:59,348 [INFO] PluginManager:220 - loadIPPluginJar : add ts
2024-06-15 20:05:59,350 [INFO] IPUIPlugin:80 - create IPUIPlugin
2024-06-15 20:05:59,350 [INFO] PluginManager:220 - loadIPPluginJar : add tsc
2024-06-15 20:05:59,351 [INFO] IPUIPlugin:80 - create IPUIPlugin
2024-06-15 20:05:59,351 [INFO] PluginManager:220 - loadIPPluginJar : add ucpd
2024-06-15 20:05:59,354 [INFO] IPUIPlugin:80 - create IPUIPlugin
2024-06-15 20:05:59,354 [INFO] PluginManager:220 - loadIPPluginJar : add usart
2024-06-15 20:05:59,357 [INFO] IPUIPlugin:80 - create IPUIPlugin
2024-06-15 20:05:59,357 [INFO] PluginManager:220 - loadIPPluginJar : add usbx
2024-06-15 20:05:59,488 [INFO] CADModel:165 - CPN selected for project level
2024-06-15 20:05:59,489 [INFO] CADModel:114 - Register for checkConnection events
2024-06-15 20:05:59,489 [FATAL] Updater:308 - Updater called before beeing initialized
2024-06-15 20:05:59,489 [ERROR] CADModel:125 - Updater not yet initialized, retry later 
2024-06-15 20:05:59,668 [INFO] CADModel:165 - CPN selected for project level
2024-06-15 20:05:59,668 [INFO] CADModel:114 - Register for checkConnection events
2024-06-15 20:05:59,668 [FATAL] Updater:308 - Updater called before beeing initialized
2024-06-15 20:05:59,668 [ERROR] CADModel:125 - Updater not yet initialized, retry later 
2024-06-15 20:05:59,671 [FATAL] Updater:308 - Updater called before beeing initialized
2024-06-15 20:05:59,806 [FATAL] Updater:308 - Updater called before beeing initialized
2024-06-15 20:05:59,811 [INFO] DbMcusAds:53 - JSON generation date=Thu May 16 14:52:01 IST 2024 (1715851321456)
2024-06-15 20:05:59,811 [FATAL] Updater:308 - Updater called before beeing initialized
2024-06-15 20:05:59,849 [WARN] DetailPanel:346 - Failed to get advertising image, set to default
2024-06-15 20:05:59,953 [FATAL] Updater:308 - Updater called before beeing initialized
2024-06-15 20:05:59,958 [FATAL] Updater:308 - Updater called before beeing initialized
2024-06-15 20:05:59,958 [FATAL] Updater:308 - Updater called before beeing initialized
2024-06-15 20:05:59,958 [WARN] DetailPanel:346 - Failed to get advertising image, set to default
2024-06-15 20:05:59,960 [FATAL] Updater:308 - Updater called before beeing initialized
2024-06-15 20:06:00,042 [ERROR] Updater:1120 - MainUpdater not yet initialized. External WinMGr cannot be set.
2024-06-15 20:06:00,044 [INFO] Updater:1056 - Updater Version found : 6.10.0
2024-06-15 20:06:00,077 [INFO] ApplicationProperties:184 - Using Application install path: C:\ST\STM32CubeIDE_1.14.1\STM32CubeIDE\plugins\com.st.stm32cube.common.mx_6.10.0.202311202037
2024-06-15 20:06:01,634 [INFO] ThirdPartyUpdaterWithRetryManager:70 - Updater plugin not ready yet. [2/15]
2024-06-15 20:06:01,654 [ERROR] LogOutputStream:75 - [STDERR_REDIRECT] Jun 15, 2024 8:06:01 PM java.util.prefs.WindowsPreferences <init>
2024-06-15 20:06:01,657 [ERROR] LogOutputStream:75 - [STDERR_REDIRECT] WARNING: Could not open/create prefs root node Software\JavaSoft\Prefs at root 0xffffffff80000002. Windows RegCreateKeyEx(...) returned error code 5.
2024-06-15 20:06:01,659 [ERROR] LogOutputStream:75 - [STDERR_REDIRECT] 
2024-06-15 20:06:02,708 [INFO] MainUpdater:2873 - connection check result : 10
2024-06-15 20:06:02,709 [INFO] MainUpdater:290 - Updater Check For Update Now.
2024-06-15 20:06:02,709 [INFO] MicroXplorer:498 - Change Database Version : DB.6.0.100
2024-06-15 20:06:02,717 [INFO] McuFinderGlobals:63 - Set McuFinder mode to 2 (CubeIDE integrated)
2024-06-15 20:06:02,729 [INFO] UserAuth:404 - Internet connection configuration mode: 1
2024-06-15 20:06:02,762 [INFO] JxBrowserEngine:152 - Initiate JxBrowser Engine with user profile folder
2024-06-15 20:06:02,934 [INFO] CheckServerUpdateThread:120 - End of CheckServer Thread
2024-06-15 20:06:04,069 [INFO] WebApp:161 - Instantiating new browser for Auth
2024-06-15 20:06:04,841 [INFO] WebApp:780 - Register for checkConnection events
2024-06-15 20:06:04,842 [INFO] WebApp:414 - Apply proxy settings
2024-06-15 20:06:04,842 [INFO] WebApp:499 - Chromium requires no authentication
2024-06-15 20:06:04,855 [INFO] WebApp:442 - Direct internet connection detected
2024-06-15 20:06:04,856 [WARN] PackLoader:240 - Cannot read IP mode file for STMicroelectronics.FP-SNS-MOTENVWB1.1.4.0
2024-06-15 20:06:04,871 [WARN] PackLoader:240 - Cannot read IP mode file for STMicroelectronics.X-CUBE-SMBUS.2.1.0
2024-06-15 20:06:04,879 [WARN] PackLoader:240 - Cannot read IP mode file for STMicroelectronics.X-CUBE-TOUCHGFX.4.23.0
2024-06-15 20:06:04,883 [WARN] PackLoader:240 - Cannot read IP mode file for STMicroelectronics.X-CUBE-TOUCHGFX.4.23.2
2024-06-15 20:06:04,926 [WARN] PackLoader:240 - Cannot read IP mode file for STMicroelectronics.X-CUBE-AZRTOS-F7.1.1.0
2024-06-15 20:06:04,944 [WARN] PackLoader:240 - Cannot read IP mode file for STMicroelectronics.FP-SNS-MOTENV1.4.3.2
2024-06-15 20:06:04,960 [WARN] PackLoader:240 - Cannot read IP mode file for STMicroelectronics.X-CUBE-BLE1.6.2.4
2024-06-15 20:06:04,972 [WARN] PackLoader:240 - Cannot read IP mode file for STMicroelectronics.X-CUBE-DISPLAY.3.0.0
2024-06-15 20:06:05,004 [WARN] PackLoader:240 - Cannot read IP mode file for STMicroelectronics.X-CUBE-BLE1.7.0.0
2024-06-15 20:06:05,012 [WARN] PackLoader:240 - Cannot read IP mode file for emotas.I-CUBE-CANOPEN.1.3.0
2024-06-15 20:06:05,018 [WARN] PackLoader:240 - Cannot read IP mode file for STMicroelectronics.X-CUBE-TOUCHGFX.4.22.0
2024-06-15 20:06:05,042 [WARN] PackLoader:240 - Cannot read IP mode file for STMicroelectronics.X-CUBE-BLEMGR.3.1.0
2024-06-15 20:06:05,063 [INFO] LogOutputStream:77 - [STDOUT_REDIRECT] 1 : Invalid condition id : UX_CORESTACK_Condition cause : null
2024-06-15 20:06:05,064 [INFO] LogOutputStream:77 - [STDOUT_REDIRECT] 1 : Invalid condition id : UX_CORESTACK_Condition cause : null
2024-06-15 20:06:05,066 [INFO] LogOutputStream:77 - [STDOUT_REDIRECT] 1 : Invalid condition id : UX_CORESTACK_Condition cause : null
2024-06-15 20:06:05,068 [INFO] LogOutputStream:77 - [STDOUT_REDIRECT] 1 : Invalid condition id : UX_CORESTACK_Condition cause : null
2024-06-15 20:06:05,070 [INFO] LogOutputStream:77 - [STDOUT_REDIRECT] 1 : Invalid condition id : UX_CORESTACK_Condition cause : null
2024-06-15 20:06:05,075 [WARN] PackLoader:240 - Cannot read IP mode file for STMicroelectronics.X-CUBE-AZRTOS-WL.2.0.0
2024-06-15 20:06:05,087 [WARN] PackLoader:240 - Cannot read IP mode file for STMicroelectronics.FP-SNS-MOTENV1.5.0.0
2024-06-15 20:06:05,102 [WARN] PackLoader:240 - Cannot read IP mode file for WES.I-CUBE-Cesium.1.3.0
2024-06-15 20:06:05,109 [WARN] PackLoader:240 - Cannot read IP mode file for STMicroelectronics.X-CUBE-BLE2.3.3.0
2024-06-15 20:06:05,116 [WARN] PackLoader:240 - Cannot read IP mode file for STMicroelectronics.X-CUBE-TCPP.4.1.0
2024-06-15 20:06:05,127 [WARN] PackLoader:240 - Cannot read IP mode file for STMicroelectronics.X-CUBE-ALGOBUILD.1.3.0
2024-06-15 20:06:05,151 [WARN] PackLoader:240 - Cannot read IP mode file for STMicroelectronics.X-CUBE-AZRTOS-G0.1.1.0
2024-06-15 20:06:05,160 [WARN] PackLoader:240 - Cannot read IP mode file for STMicroelectronics.X-CUBE-SAFEA1.1.2.2
2024-06-15 20:06:05,168 [WARN] PackLoader:240 - Cannot read IP mode file for STMicroelectronics.X-CUBE-NFC4.3.0.0
2024-06-15 20:06:05,174 [WARN] PackLoader:240 - Cannot read IP mode file for wolfSSL.I-CUBE-wolfMQTT.1.18.0
2024-06-15 20:06:05,186 [WARN] PackLoader:240 - Cannot read IP mode file for STMicroelectronics.X-CUBE-BLEMGR.3.0.0
2024-06-15 20:06:05,195 [WARN] PackLoader:240 - Cannot read IP mode file for STMicroelectronics.FP-ATR-SIGFOX1.3.2.0
2024-06-15 20:06:05,203 [WARN] PackLoader:240 - Cannot read IP mode file for STMicroelectronics.X-CUBE-EEPRMA1.5.1.0
2024-06-15 20:06:05,250 [WARN] PackLoader:240 - Cannot read IP mode file for SEGGER.I-CUBE-embOS.1.3.1
2024-06-15 20:06:05,253 [INFO] WebApp:192 - Starting web application
2024-06-15 20:06:05,253 [INFO] WebApp:544 - Web application path used C:\ST\STM32CubeIDE_1.14.1\STM32CubeIDE\plugins\com.st.stm32cube.common.mx_6.10.0.202311202037\db\plugins\mcufinder\reactClient1\index.html
2024-06-15 20:06:05,311 [WARN] PackLoader:240 - Cannot read IP mode file for STMicroelectronics.X-CUBE-ALGOBUILD.1.4.0
2024-06-15 20:06:05,319 [WARN] PackLoader:240 - Cannot read IP mode file for STMicroelectronics.X-CUBE-GNSS1.6.0.0
2024-06-15 20:06:05,351 [WARN] PackLoader:240 - Cannot read IP mode file for STMicroelectronics.X-CUBE-AZRTOS-F4.1.1.0
2024-06-15 20:06:05,367 [WARN] PackLoader:240 - Cannot read IP mode file for STMicroelectronics.X-CUBE-FREERTOS.1.2.0
2024-06-15 20:06:05,397 [WARN] PackLoader:240 - Cannot read IP mode file for STMicroelectronics.X-CUBE-AZRTOS-L5.2.0.0
2024-06-15 20:06:05,468 [WARN] PackLoader:240 - Cannot read IP mode file for STMicroelectronics.X-CUBE-MEMS1.9.6.0
2024-06-15 20:06:05,790 [WARN] PackLoader:240 - Cannot read IP mode file for STMicroelectronics.X-CUBE-EEPRMA1.4.2.0
2024-06-15 20:06:05,806 [WARN] PackLoader:240 - Cannot read IP mode file for STMicroelectronics.X-CUBE-NFC6.3.1.0
2024-06-15 20:06:05,822 [WARN] PackLoader:240 - Cannot read IP mode file for STMicroelectronics.X-CUBE-BLEMGR.2.0.0
2024-06-15 20:06:05,836 [WARN] PackLoader:240 - Cannot read IP mode file for STMicroelectronics.X-CUBE-AI.9.0.0
2024-06-15 20:06:05,863 [WARN] ConditionMgr:438 - getConditionDescription Invalid condition id : UX DEVICE CLASS RTOS Condition cause : null
2024-06-15 20:06:05,865 [WARN] ConditionMgr:438 - getConditionDescription Invalid condition id : UX DEVICE CLASS RTOS Condition cause : null
2024-06-15 20:06:05,869 [WARN] PackLoader:240 - Cannot read IP mode file for STMicroelectronics.X-CUBE-AZRTOS-H7.3.1.0
2024-06-15 20:06:05,871 [WARN] ConditionMgr:1039 - genDependencies : Invalid condition id : UX DEVICE CLASS RTOS Condition cause : null
2024-06-15 20:06:05,872 [WARN] ConditionMgr:1039 - genDependencies : Invalid condition id : UX DEVICE CLASS RTOS Condition cause : null
2024-06-15 20:06:05,872 [WARN] ConditionMgr:1039 - genDependencies : Invalid condition id : UX DEVICE CLASS RTOS Condition cause : null
2024-06-15 20:06:05,873 [WARN] ConditionMgr:1039 - genDependencies : Invalid condition id : UX DEVICE CLASS RTOS Condition cause : null
2024-06-15 20:06:05,873 [WARN] ConditionMgr:1039 - genDependencies : Invalid condition id : UX DEVICE CLASS RTOS Condition cause : null
2024-06-15 20:06:05,886 [WARN] PackLoader:240 - Cannot read IP mode file for STMicroelectronics.X-CUBE-NFC7.1.0.1
2024-06-15 20:06:05,895 [WARN] PackLoader:240 - Cannot read IP mode file for STMicroelectronics.X-CUBE-NFC6.3.0.0
2024-06-15 20:06:05,918 [WARN] PackLoader:240 - Cannot read IP mode file for STMicroelectronics.X-CUBE-EEPRMA1.4.1.0
2024-06-15 20:06:05,925 [WARN] PackLoader:240 - Cannot read IP mode file for STMicroelectronics.X-CUBE-AI.8.1.0
2024-06-15 20:06:05,950 [WARN] ConditionMgr:438 - getConditionDescription Invalid condition id : LAN8742 Phy interface Condition cause : null
2024-06-15 20:06:05,951 [WARN] PackLoader:240 - Cannot read IP mode file for STMicroelectronics.X-CUBE-AZRTOS-L4.2.0.0
2024-06-15 20:06:05,952 [WARN] ConditionMgr:1039 - genDependencies : Invalid condition id : LAN8742 Phy interface Condition cause : null
2024-06-15 20:06:05,953 [WARN] ConditionMgr:1039 - genDependencies : Invalid condition id : LAN8742 Phy interface Condition cause : null
2024-06-15 20:06:05,953 [WARN] ConditionMgr:1039 - genDependencies : Invalid condition id : LAN8742 Phy interface Condition cause : null
2024-06-15 20:06:05,966 [WARN] PackLoader:240 - Cannot read IP mode file for STMicroelectronics.X-CUBE-SFXS2LP1.4.0.0
2024-06-15 20:06:05,974 [WARN] PackLoader:240 - Cannot read IP mode file for STMicroelectronics.X-CUBE-ISPU.1.1.0
2024-06-15 20:06:05,992 [WARN] ConditionMgr:438 - getConditionDescription Invalid condition id : UX DEVICE CLASS RTOS Condition cause : null
2024-06-15 20:06:05,992 [WARN] ConditionMgr:438 - getConditionDescription Invalid condition id : UX DEVICE CLASS RTOS Condition cause : null
2024-06-15 20:06:05,997 [WARN] PackLoader:240 - Cannot read IP mode file for STMicroelectronics.X-CUBE-AZRTOS-WB.2.0.0
2024-06-15 20:06:05,998 [WARN] ConditionMgr:1039 - genDependencies : Invalid condition id : UX DEVICE CLASS RTOS Condition cause : null
2024-06-15 20:06:05,998 [WARN] ConditionMgr:1039 - genDependencies : Invalid condition id : UX DEVICE CLASS RTOS Condition cause : null
2024-06-15 20:06:05,999 [WARN] ConditionMgr:1039 - genDependencies : Invalid condition id : UX DEVICE CLASS RTOS Condition cause : null
2024-06-15 20:06:05,999 [WARN] ConditionMgr:1039 - genDependencies : Invalid condition id : UX DEVICE CLASS RTOS Condition cause : null
2024-06-15 20:06:05,999 [WARN] ConditionMgr:1039 - genDependencies : Invalid condition id : UX DEVICE CLASS RTOS Condition cause : null
2024-06-15 20:06:06,006 [WARN] PackLoader:240 - Cannot read IP mode file for STMicroelectronics.X-CUBE-FREERTOS.1.0.1
2024-06-15 20:06:06,024 [WARN] PackLoader:240 - Cannot read IP mode file for STMicroelectronics.X-CUBE-AZRTOS-L5.1.1.0
2024-06-15 20:06:06,035 [WARN] PackLoader:240 - Cannot read IP mode file for STMicroelectronics.X-CUBE-AI.8.0.1
2024-06-15 20:06:06,051 [WARN] PackLoader:240 - Cannot read IP mode file for STMicroelectronics.X-CUBE-SUBG2.5.0.0
2024-06-15 20:06:06,071 [WARN] PackLoader:240 - Cannot read IP mode file for STMicroelectronics.X-CUBE-TOF1.3.3.1
2024-06-15 20:06:06,100 [WARN] PackLoader:240 - Cannot read IP mode file for STMicroelectronics.X-CUBE-AZRTOS-G4.2.0.0
2024-06-15 20:06:06,118 [WARN] PackLoader:240 - Cannot read IP mode file for Infineon.AIROC-Wi-Fi-Bluetooth-STM32.1.5.1
2024-06-15 20:06:06,138 [WARN] PackLoader:240 - Cannot read IP mode file for STMicroelectronics.FP-SNS-MOTENVWB1.1.3.1
2024-06-15 20:06:06,147 [WARN] PackLoader:240 - Cannot read IP mode file for STMicroelectronics.X-CUBE-ALS.1.0.2
2024-06-15 20:06:06,158 [WARN] PackLoader:240 - Cannot read IP mode file for STMicroelectronics.X-CUBE-FREERTOS.1.1.0
2024-06-15 20:06:06,171 [WARN] PackLoader:240 - Cannot read IP mode file for portGmbH.I-Cube-SoM-uGOAL.1.1.0
2024-06-15 20:06:06,178 [WARN] PackLoader:240 - Cannot read IP mode file for STMicroelectronics.X-CUBE-ALS.1.0.1
2024-06-15 20:06:06,206 [WARN] PackLoader:240 - Cannot read IP mode file for STMicroelectronics.X-CUBE-AZRTOS-WB.1.1.0
2024-06-15 20:06:06,241 [WARN] PackLoader:240 - Cannot read IP mode file for STMicroelectronics.X-CUBE-AZRTOS-H7RS.1.0.0
2024-06-15 20:06:06,255 [WARN] PackLoader:240 - Cannot read IP mode file for STMicroelectronics.FP-ATR-ASTRA1.2.0.0
2024-06-15 20:06:06,292 [WARN] PackLoader:240 - Cannot read IP mode file for STMicroelectronics.X-CUBE-TOF1.3.4.0
2024-06-15 20:06:06,341 [WARN] PackLoader:240 - Cannot read IP mode file for STMicroelectronics.X-CUBE-TOF1.3.4.1
2024-06-15 20:06:06,359 [INFO] ThirdParty:978 - Integrity check success = true
2024-06-15 20:06:06,360 [INFO] IntegrityCheckThread:100 - exiting critical section [integrity check]
2024-06-15 20:06:06,360 [INFO] IntegrityCheckThread:103 - End integrity checks thread
2024-06-15 20:06:26,703 [ERROR] LogOutputStream:75 - [STDERR_REDIRECT] SLF4J: Failed to load class "org.slf4j.impl.StaticLoggerBinder".
2024-06-15 20:06:26,705 [ERROR] LogOutputStream:75 - [STDERR_REDIRECT] SLF4J: Defaulting to no-operation (NOP) logger implementation
2024-06-15 20:06:26,707 [ERROR] LogOutputStream:75 - [STDERR_REDIRECT] SLF4J: See http://www.slf4j.org/codes.html#StaticLoggerBinder for further details.
