2024-06-13 23:25:44,492 [INFO] Activator:176 - 


2024-06-13 23:25:44,498 [INFO] Activator:177 - !SESSION log4j initialized
2024-06-13 23:25:51,075 [INFO] LogOutputStream:77 - [STDOUT_REDIRECT] 
2024-06-13 23:25:53,869 [INFO] ApplicationProperties:184 - Using Application install path: C:\ST\STM32CubeIDE_1.14.1\STM32CubeIDE\plugins\com.st.stm32cube.common.mx_6.10.0.202311202037
2024-06-13 23:25:53,889 [INFO] DbMcusXml:78 - Set database path to: C:\ST\STM32CubeIDE_1.14.1\STM32CubeIDE\plugins\com.st.stm32cube.common.mx_6.10.0.202311202037\\db\/mcu/
2024-06-13 23:25:53,889 [INFO] ApiDb:274 - Set plugin database path to: C:\ST\STM32CubeIDE_1.14.1\STM32CubeIDE\plugins\com.st.stm32cube.common.mx_6.10.0.202311202037\\db\/plugins/boardmanager/
2024-06-13 23:25:53,890 [WARN] ApiDb:259 - Overriding images path with different value:  => C:\ST\STM32CubeIDE_1.14.1\STM32CubeIDE\plugins\com.st.stm32cube.common.mx_6.10.0.202311202037\\db\/plugins/mcufinder/images/
2024-06-13 23:25:53,905 [INFO] ApiDb:250 - Set database path to: C:\Users\ACER\.stmcufinder\plugins\mcufinder//mcu/
2024-06-13 23:25:53,907 [INFO] DbMcusAds:125 - Set database path to: C:\Users\ACER\.stmcufinder\plugins\mcufinder//mcu/
2024-06-13 23:25:53,908 [INFO] CrossReferenceDbSqlite:203 - Set database path to: C:\Users\ACER\.stmcufinder\plugins\mcufinder//mcu/cs/
2024-06-13 23:25:54,044 [INFO] RulesReader:64 - Compatibility file has been processed (297 Rules)
2024-06-13 23:25:54,133 [INFO] DbMcusXml:78 - Set database path to: C:\ST\STM32CubeIDE_1.14.1\STM32CubeIDE\plugins\com.st.stm32cube.common.mx_6.10.0.202311202037\\db\/mcu/
2024-06-13 23:25:54,133 [INFO] ApiDb:274 - Set plugin database path to: C:\ST\STM32CubeIDE_1.14.1\STM32CubeIDE\plugins\com.st.stm32cube.common.mx_6.10.0.202311202037\\db\/plugins/boardmanager/
2024-06-13 23:25:54,133 [INFO] ApiDb:261 - Set plugin images path to: C:\ST\STM32CubeIDE_1.14.1\STM32CubeIDE\plugins\com.st.stm32cube.common.mx_6.10.0.202311202037\\db\/plugins/mcufinder/images/
2024-06-13 23:25:54,133 [WARN] DbFile:41 - Overriding database path with different value: C:\Users\ACER\.stmcufinder\plugins\mcufinder/ => C:\Users\ACER\.stmcufinder\plugins\mcufinder
2024-06-13 23:25:54,133 [INFO] ApiDb:250 - Set database path to: C:\Users\ACER\.stmcufinder\plugins\mcufinder//mcu/
2024-06-13 23:25:54,133 [WARN] DbFile:41 - Overriding database path with different value: C:\Users\ACER\.stmcufinder\plugins\mcufinder/ => C:\Users\ACER\.stmcufinder\plugins\mcufinder
2024-06-13 23:25:54,134 [INFO] DbMcusAds:125 - Set database path to: C:\Users\ACER\.stmcufinder\plugins\mcufinder//mcu/
2024-06-13 23:25:54,134 [WARN] DbFile:41 - Overriding database path with different value: C:\Users\ACER\.stmcufinder\plugins\mcufinder/ => C:\Users\ACER\.stmcufinder\plugins\mcufinder
2024-06-13 23:25:54,140 [WARN] DbFile:41 - Overriding database path with different value: C:\Users\ACER\.stmcufinder\plugins\mcufinder/ => C:\Users\ACER\.stmcufinder\plugins\mcufinder
2024-06-13 23:25:54,140 [INFO] CrossReferenceDbSqlite:203 - Set database path to: C:\Users\ACER\.stmcufinder\plugins\mcufinder//mcu/cs/
2024-06-13 23:25:54,228 [INFO] MainPanel:264 - HeapMemory: 268435456
2024-06-13 23:25:54,324 [INFO] DbMcusXml:78 - Set database path to: C:\ST\STM32CubeIDE_1.14.1\STM32CubeIDE\plugins\com.st.stm32cube.common.mx_6.10.0.202311202037\\db\/mcu/
2024-06-13 23:25:54,324 [INFO] ApiDb:274 - Set plugin database path to: C:\ST\STM32CubeIDE_1.14.1\STM32CubeIDE\plugins\com.st.stm32cube.common.mx_6.10.0.202311202037\\db\/plugins/boardmanager/
2024-06-13 23:25:54,324 [INFO] ApiDb:261 - Set plugin images path to: C:\ST\STM32CubeIDE_1.14.1\STM32CubeIDE\plugins\com.st.stm32cube.common.mx_6.10.0.202311202037\\db\/plugins/mcufinder/images/
2024-06-13 23:25:54,325 [WARN] DbFile:41 - Overriding database path with different value: C:\Users\ACER\.stmcufinder\plugins\mcufinder/ => C:\Users\ACER\.stmcufinder\plugins\mcufinder
2024-06-13 23:25:54,325 [INFO] ApiDb:250 - Set database path to: C:\Users\ACER\.stmcufinder\plugins\mcufinder//mcu/
2024-06-13 23:25:54,325 [WARN] DbFile:41 - Overriding database path with different value: C:\Users\ACER\.stmcufinder\plugins\mcufinder/ => C:\Users\ACER\.stmcufinder\plugins\mcufinder
2024-06-13 23:25:54,325 [INFO] DbMcusAds:125 - Set database path to: C:\Users\ACER\.stmcufinder\plugins\mcufinder//mcu/
2024-06-13 23:25:54,325 [WARN] DbFile:41 - Overriding database path with different value: C:\Users\ACER\.stmcufinder\plugins\mcufinder/ => C:\Users\ACER\.stmcufinder\plugins\mcufinder
2024-06-13 23:25:54,325 [WARN] DbFile:41 - Overriding database path with different value: C:\Users\ACER\.stmcufinder\plugins\mcufinder/ => C:\Users\ACER\.stmcufinder\plugins\mcufinder
2024-06-13 23:25:54,325 [INFO] CrossReferenceDbSqlite:203 - Set database path to: C:\Users\ACER\.stmcufinder\plugins\mcufinder//mcu/cs/
2024-06-13 23:25:54,344 [INFO] ApplicationProperties:184 - Using Application install path: C:\ST\STM32CubeIDE_1.14.1\STM32CubeIDE\plugins\com.st.stm32cube.common.mx_6.10.0.202311202037
2024-06-13 23:25:54,346 [INFO] PluginManage:196 - Search for loadable plugins [exclusion list=, ]
2024-06-13 23:25:54,348 [INFO] PluginManage:310 - Check plugin analytics
2024-06-13 23:25:54,525 [INFO] AnalyticsPlugin:253 - Accepted Software Licenses: 
2024-06-13 23:25:54,525 [INFO] AnalyticsPlugin:255 - Accepted CMSIS Pack Licenses: 
2024-06-13 23:25:54,526 [INFO] AnalyticsPlugin:257 - Accepted Firmware Licenses: 
2024-06-13 23:25:54,528 [INFO] PluginManage:359 - Loaded plugin analytics (category:tool,tabindex:-1)
2024-06-13 23:25:54,528 [INFO] PluginManage:310 - Check plugin cadmodel
2024-06-13 23:25:54,542 [INFO] CADModel:105 - Init CAD model plugin
2024-06-13 23:25:54,543 [INFO] PluginManage:359 - Loaded plugin cadmodel (category:power,tabindex:5)
2024-06-13 23:25:54,543 [INFO] PluginManage:310 - Check plugin clock
2024-06-13 23:25:54,562 [INFO] PluginManage:359 - Loaded plugin clock (category:base,tabindex:2)
2024-06-13 23:25:54,562 [INFO] PluginManage:310 - Check plugin ddr
2024-06-13 23:25:54,565 [INFO] PluginManage:359 - Loaded plugin ddr (category:tool,tabindex:6)
2024-06-13 23:25:54,565 [INFO] PluginManage:310 - Check plugin filemanager
2024-06-13 23:25:54,702 [INFO] PluginManage:359 - Loaded plugin filemanager (category:base,tabindex:10)
2024-06-13 23:25:54,703 [INFO] PluginManage:310 - Check plugin ipmanager
2024-06-13 23:25:54,712 [INFO] PluginManage:359 - Loaded plugin ipmanager (category:base,tabindex:5)
2024-06-13 23:25:54,712 [INFO] PluginManage:310 - Check plugin lpbam
2024-06-13 23:25:54,729 [INFO] PluginManage:359 - Loaded plugin lpbam (category:base,tabindex:0)
2024-06-13 23:25:54,729 [INFO] PluginManage:310 - Check plugin memorymap
2024-06-13 23:25:54,749 [INFO] PluginManage:359 - Loaded plugin memorymap (category:base,tabindex:4)
2024-06-13 23:25:54,750 [INFO] PluginManage:310 - Check plugin pinoutandconfiguration
2024-06-13 23:25:54,773 [INFO] PluginManage:359 - Loaded plugin pinoutandconfiguration (category:base,tabindex:1)
2024-06-13 23:25:54,773 [INFO] PluginManage:310 - Check plugin pinoutconfig
2024-06-13 23:25:54,899 [WARN] SupportedApi:132 - Cannot load RTOS API schema: s4s-elt-must-match.1: The content of 'definitions' must match (annotation?, (simpleType | complexType)?, (unique | key | keyref)*)). A problem was found starting at: attribute.
2024-06-13 23:25:55,050 [INFO] PluginManage:359 - Loaded plugin pinoutconfig (category:base,tabindex:0)
2024-06-13 23:25:55,050 [INFO] PluginManage:310 - Check plugin power
2024-06-13 23:25:55,079 [INFO] PluginManage:359 - Loaded plugin power (category:power,tabindex:4)
2024-06-13 23:25:55,079 [INFO] PluginManage:310 - Check plugin projectmanager
2024-06-13 23:25:55,104 [INFO] PluginManage:359 - Loaded plugin projectmanager (category:projectmanager,tabindex:3)
2024-06-13 23:25:55,104 [INFO] PluginManage:310 - Check plugin thirdparty
2024-06-13 23:25:55,421 [INFO] PluginManage:359 - Loaded plugin thirdparty (category:base,tabindex:-1)
2024-06-13 23:25:55,422 [INFO] PluginManage:310 - Check plugin tools
2024-06-13 23:25:55,422 [WARN] IntegrityCheckThread:84 - waiting for thirdparty lock release [integrity check]
2024-06-13 23:25:55,422 [INFO] IntegrityCheckThread:86 - entering critical section [integrity check]
2024-06-13 23:25:55,422 [INFO] ThirdPartyUpdaterWithRetryManager:70 - Updater plugin not ready yet. [1/15]
2024-06-13 23:25:55,456 [INFO] PluginManage:359 - Loaded plugin tools (category:base,tabindex:7)
2024-06-13 23:25:55,457 [INFO] PluginManage:310 - Check plugin tutovideos
2024-06-13 23:25:55,649 [INFO] PluginManage:359 - Loaded plugin tutovideos (category:base,tabindex:-1)
2024-06-13 23:25:55,650 [INFO] PluginManage:310 - Check plugin updater
2024-06-13 23:25:55,662 [INFO] PluginManage:359 - Loaded plugin updater (category:base,tabindex:12)
2024-06-13 23:25:55,662 [INFO] PluginManage:310 - Check plugin userauth
2024-06-13 23:25:55,668 [INFO] UserAuth:114 - Init User Auth plugin
2024-06-13 23:25:55,668 [INFO] PluginManage:359 - Loaded plugin userauth (category:base,tabindex:14)
2024-06-13 23:25:55,669 [INFO] PluginManage:283 - PluginManage : Loaded plugins [17]
2024-06-13 23:25:55,892 [INFO] PinOutPanel:1499 - setPackage(No Configuration,No Configuration)
2024-06-13 23:25:55,971 [INFO] CADModel:165 - CPN selected for project level
2024-06-13 23:25:55,971 [INFO] CADModel:114 - Register for checkConnection events
2024-06-13 23:25:55,997 [INFO] IPUIPlugin:80 - create IPUIPlugin
2024-06-13 23:25:55,998 [INFO] PluginManager:220 - loadIPPluginJar : add adc
2024-06-13 23:25:56,032 [INFO] IPUIPlugin:80 - create IPUIPlugin
2024-06-13 23:25:56,032 [INFO] PluginManager:220 - loadIPPluginJar : add aes
2024-06-13 23:25:56,071 [INFO] IPUIPlugin:80 - create IPUIPlugin
2024-06-13 23:25:56,071 [INFO] PluginManager:220 - loadIPPluginJar : add can
2024-06-13 23:25:56,095 [INFO] IPUIPlugin:80 - create IPUIPlugin
2024-06-13 23:25:56,096 [INFO] PluginManager:220 - loadIPPluginJar : add comp
2024-06-13 23:25:56,127 [INFO] IPUIPlugin:80 - create IPUIPlugin
2024-06-13 23:25:56,127 [INFO] PluginManager:220 - loadIPPluginJar : add cryp
2024-06-13 23:25:56,156 [INFO] IPUIPlugin:80 - create IPUIPlugin
2024-06-13 23:25:56,156 [INFO] PluginManager:220 - loadIPPluginJar : add dfsdm
2024-06-13 23:25:56,170 [INFO] IPUIPlugin:80 - create IPUIPlugin
2024-06-13 23:25:56,171 [INFO] PluginManager:220 - loadIPPluginJar : add dma
2024-06-13 23:25:56,212 [INFO] IPUIPlugin:80 - create IPUIPlugin
2024-06-13 23:25:56,212 [INFO] PluginManager:220 - loadIPPluginJar : add dma3
2024-06-13 23:25:56,232 [INFO] IPUIPlugin:80 - create IPUIPlugin
2024-06-13 23:25:56,232 [INFO] PluginManager:220 - loadIPPluginJar : add fatfs
2024-06-13 23:25:56,276 [INFO] IPUIPlugin:80 - create IPUIPlugin
2024-06-13 23:25:56,276 [INFO] PluginManager:220 - loadIPPluginJar : add fmc
2024-06-13 23:25:56,291 [INFO] IPUIPlugin:80 - create IPUIPlugin
2024-06-13 23:25:56,292 [INFO] PluginManager:220 - loadIPPluginJar : add freertos
2024-06-13 23:25:56,311 [INFO] IPUIPlugin:80 - create IPUIPlugin
2024-06-13 23:25:56,311 [INFO] PluginManager:220 - loadIPPluginJar : add genericplugin
2024-06-13 23:25:56,399 [INFO] IPUIPlugin:80 - create IPUIPlugin
2024-06-13 23:25:56,400 [INFO] PluginManager:220 - loadIPPluginJar : add gfxmmu
2024-06-13 23:25:56,522 [INFO] IPUIPlugin:80 - create IPUIPlugin
2024-06-13 23:25:56,523 [INFO] PluginManager:220 - loadIPPluginJar : add gic
2024-06-13 23:25:56,536 [INFO] IPUIPlugin:80 - create IPUIPlugin
2024-06-13 23:25:56,537 [INFO] PluginManager:220 - loadIPPluginJar : add gpio
2024-06-13 23:25:56,621 [INFO] IPUIPlugin:80 - create IPUIPlugin
2024-06-13 23:25:56,621 [INFO] PluginManager:220 - loadIPPluginJar : add gtzc
2024-06-13 23:25:56,652 [INFO] IPUIPlugin:80 - create IPUIPlugin
2024-06-13 23:25:56,652 [INFO] PluginManager:220 - loadIPPluginJar : add hash
2024-06-13 23:25:56,701 [INFO] IPUIPlugin:80 - create IPUIPlugin
2024-06-13 23:25:56,701 [INFO] PluginManager:220 - loadIPPluginJar : add i2c
2024-06-13 23:25:56,738 [INFO] IPUIPlugin:80 - create IPUIPlugin
2024-06-13 23:25:56,738 [INFO] PluginManager:220 - loadIPPluginJar : add i2s
2024-06-13 23:25:56,776 [INFO] IPUIPlugin:80 - create IPUIPlugin
2024-06-13 23:25:56,777 [INFO] PluginManager:220 - loadIPPluginJar : add i3c
2024-06-13 23:25:56,870 [INFO] IPUIPlugin:80 - create IPUIPlugin
2024-06-13 23:25:56,870 [INFO] PluginManager:220 - loadIPPluginJar : add ipddr
2024-06-13 23:25:56,957 [INFO] IPUIPlugin:80 - create IPUIPlugin
2024-06-13 23:25:56,959 [INFO] PluginManager:220 - loadIPPluginJar : add linkedlist
2024-06-13 23:25:56,992 [INFO] IPUIPlugin:80 - create IPUIPlugin
2024-06-13 23:25:56,992 [INFO] PluginManager:220 - loadIPPluginJar : add lorawan
2024-06-13 23:25:57,026 [INFO] IPUIPlugin:80 - create IPUIPlugin
2024-06-13 23:25:57,026 [INFO] PluginManager:220 - loadIPPluginJar : add ltdc
2024-06-13 23:25:57,041 [INFO] IPUIPlugin:80 - create IPUIPlugin
2024-06-13 23:25:57,042 [INFO] PluginManager:220 - loadIPPluginJar : add mdma
2024-06-13 23:25:57,053 [INFO] IPUIPlugin:80 - create IPUIPlugin
2024-06-13 23:25:57,053 [INFO] PluginManager:220 - loadIPPluginJar : add nvic
2024-06-13 23:25:57,088 [INFO] IPUIPlugin:80 - create IPUIPlugin
2024-06-13 23:25:57,088 [INFO] PluginManager:220 - loadIPPluginJar : add opamp
2024-06-13 23:25:57,146 [INFO] IPUIPlugin:80 - create IPUIPlugin
2024-06-13 23:25:57,146 [INFO] PluginManager:220 - loadIPPluginJar : add openamp
2024-06-13 23:25:57,188 [INFO] IPUIPlugin:80 - create IPUIPlugin
2024-06-13 23:25:57,188 [INFO] PluginManager:220 - loadIPPluginJar : add pdm2pcm
2024-06-13 23:25:57,202 [INFO] IPUIPlugin:80 - create IPUIPlugin
2024-06-13 23:25:57,204 [INFO] PluginManager:220 - loadIPPluginJar : add plateformsettings
2024-06-13 23:25:57,226 [INFO] IPUIPlugin:80 - create IPUIPlugin
2024-06-13 23:25:57,226 [INFO] PluginManager:220 - loadIPPluginJar : add quadspi
2024-06-13 23:25:57,238 [INFO] IPUIPlugin:80 - create IPUIPlugin
2024-06-13 23:25:57,238 [INFO] PluginManager:220 - loadIPPluginJar : add resmgrutility
2024-06-13 23:25:57,286 [INFO] IPUIPlugin:80 - create IPUIPlugin
2024-06-13 23:25:57,286 [INFO] PluginManager:220 - loadIPPluginJar : add sai
2024-06-13 23:25:57,320 [INFO] IPUIPlugin:80 - create IPUIPlugin
2024-06-13 23:25:57,320 [INFO] PluginManager:220 - loadIPPluginJar : add spi
2024-06-13 23:25:57,383 [INFO] IPUIPlugin:80 - create IPUIPlugin
2024-06-13 23:25:57,383 [INFO] PluginManager:220 - loadIPPluginJar : add stm32_wpan
2024-06-13 23:25:57,405 [INFO] IPUIPlugin:80 - create IPUIPlugin
2024-06-13 23:25:57,405 [INFO] PluginManager:220 - loadIPPluginJar : add tim
2024-06-13 23:25:57,457 [INFO] IPUIPlugin:80 - create IPUIPlugin
2024-06-13 23:25:57,457 [INFO] PluginManager:220 - loadIPPluginJar : add touchsensing
2024-06-13 23:25:57,480 [INFO] IPUIPlugin:80 - create IPUIPlugin
2024-06-13 23:25:57,480 [INFO] PluginManager:220 - loadIPPluginJar : add tracer_emb
2024-06-13 23:25:57,503 [INFO] IPUIPlugin:80 - create IPUIPlugin
2024-06-13 23:25:57,503 [INFO] PluginManager:220 - loadIPPluginJar : add ts
2024-06-13 23:25:57,523 [INFO] IPUIPlugin:80 - create IPUIPlugin
2024-06-13 23:25:57,524 [INFO] PluginManager:220 - loadIPPluginJar : add tsc
2024-06-13 23:25:57,546 [INFO] IPUIPlugin:80 - create IPUIPlugin
2024-06-13 23:25:57,546 [INFO] PluginManager:220 - loadIPPluginJar : add ucpd
2024-06-13 23:25:57,586 [INFO] IPUIPlugin:80 - create IPUIPlugin
2024-06-13 23:25:57,586 [INFO] PluginManager:220 - loadIPPluginJar : add usart
2024-06-13 23:25:57,627 [INFO] IPUIPlugin:80 - create IPUIPlugin
2024-06-13 23:25:57,627 [INFO] PluginManager:220 - loadIPPluginJar : add usbx
2024-06-13 23:25:57,754 [INFO] CADModel:165 - CPN selected for project level
2024-06-13 23:25:57,755 [INFO] CADModel:114 - Register for checkConnection events
2024-06-13 23:25:57,755 [FATAL] Updater:308 - Updater called before beeing initialized
2024-06-13 23:25:57,755 [ERROR] CADModel:125 - Updater not yet initialized, retry later 
2024-06-13 23:25:57,916 [INFO] CADModel:165 - CPN selected for project level
2024-06-13 23:25:57,916 [INFO] CADModel:114 - Register for checkConnection events
2024-06-13 23:25:57,916 [FATAL] Updater:308 - Updater called before beeing initialized
2024-06-13 23:25:57,916 [ERROR] CADModel:125 - Updater not yet initialized, retry later 
2024-06-13 23:25:57,919 [FATAL] Updater:308 - Updater called before beeing initialized
2024-06-13 23:25:58,033 [FATAL] Updater:308 - Updater called before beeing initialized
2024-06-13 23:25:58,041 [INFO] DbMcusAds:53 - JSON generation date=Thu May 16 14:52:01 IST 2024 (1715851321456)
2024-06-13 23:25:58,042 [FATAL] Updater:308 - Updater called before beeing initialized
2024-06-13 23:25:58,119 [WARN] DetailPanel:346 - Failed to get advertising image, set to default
2024-06-13 23:25:58,194 [FATAL] Updater:308 - Updater called before beeing initialized
2024-06-13 23:25:58,197 [FATAL] Updater:308 - Updater called before beeing initialized
2024-06-13 23:25:58,197 [FATAL] Updater:308 - Updater called before beeing initialized
2024-06-13 23:25:58,197 [WARN] DetailPanel:346 - Failed to get advertising image, set to default
2024-06-13 23:25:58,198 [FATAL] Updater:308 - Updater called before beeing initialized
2024-06-13 23:25:58,270 [ERROR] Updater:1120 - MainUpdater not yet initialized. External WinMGr cannot be set.
2024-06-13 23:25:58,281 [INFO] Updater:1056 - Updater Version found : 6.10.0
2024-06-13 23:25:58,304 [INFO] ApplicationProperties:184 - Using Application install path: C:\ST\STM32CubeIDE_1.14.1\STM32CubeIDE\plugins\com.st.stm32cube.common.mx_6.10.0.202311202037
2024-06-13 23:25:58,423 [INFO] ThirdPartyUpdaterWithRetryManager:70 - Updater plugin not ready yet. [2/15]
2024-06-13 23:25:59,888 [ERROR] LogOutputStream:75 - [STDERR_REDIRECT] Jun 13, 2024 11:25:59 PM java.util.prefs.WindowsPreferences <init>
2024-06-13 23:25:59,889 [ERROR] LogOutputStream:75 - [STDERR_REDIRECT] WARNING: Could not open/create prefs root node Software\JavaSoft\Prefs at root 0xffffffff80000002. Windows RegCreateKeyEx(...) returned error code 5.
2024-06-13 23:25:59,890 [ERROR] LogOutputStream:75 - [STDERR_REDIRECT] 
2024-06-13 23:26:00,936 [INFO] MainUpdater:2873 - connection check result : 10
2024-06-13 23:26:00,937 [INFO] MainUpdater:290 - Updater Check For Update Now.
2024-06-13 23:26:00,937 [INFO] MicroXplorer:498 - Change Database Version : DB.6.0.100
2024-06-13 23:26:00,956 [INFO] McuFinderGlobals:63 - Set McuFinder mode to 2 (CubeIDE integrated)
2024-06-13 23:26:00,978 [INFO] UserAuth:404 - Internet connection configuration mode: 1
2024-06-13 23:26:01,029 [INFO] JxBrowserEngine:152 - Initiate JxBrowser Engine with user profile folder
2024-06-13 23:26:01,148 [INFO] CheckServerUpdateThread:120 - End of CheckServer Thread
2024-06-13 23:26:01,589 [WARN] PackLoader:240 - Cannot read IP mode file for STMicroelectronics.FP-SNS-MOTENVWB1.1.4.0
2024-06-13 23:26:01,609 [WARN] PackLoader:240 - Cannot read IP mode file for STMicroelectronics.X-CUBE-SMBUS.2.1.0
2024-06-13 23:26:01,620 [WARN] PackLoader:240 - Cannot read IP mode file for STMicroelectronics.X-CUBE-TOUCHGFX.4.23.0
2024-06-13 23:26:01,631 [WARN] PackLoader:240 - Cannot read IP mode file for STMicroelectronics.X-CUBE-TOUCHGFX.4.23.2
2024-06-13 23:26:01,681 [WARN] PackLoader:240 - Cannot read IP mode file for STMicroelectronics.X-CUBE-AZRTOS-F7.1.1.0
2024-06-13 23:26:01,704 [WARN] PackLoader:240 - Cannot read IP mode file for STMicroelectronics.FP-SNS-MOTENV1.4.3.2
2024-06-13 23:26:01,727 [WARN] PackLoader:240 - Cannot read IP mode file for STMicroelectronics.X-CUBE-BLE1.6.2.4
2024-06-13 23:26:01,745 [WARN] PackLoader:240 - Cannot read IP mode file for STMicroelectronics.X-CUBE-DISPLAY.3.0.0
2024-06-13 23:26:01,767 [WARN] PackLoader:240 - Cannot read IP mode file for STMicroelectronics.X-CUBE-BLE1.7.0.0
2024-06-13 23:26:01,787 [WARN] PackLoader:240 - Cannot read IP mode file for emotas.I-CUBE-CANOPEN.1.3.0
2024-06-13 23:26:01,806 [WARN] PackLoader:240 - Cannot read IP mode file for STMicroelectronics.X-CUBE-TOUCHGFX.4.22.0
2024-06-13 23:26:01,825 [WARN] PackLoader:240 - Cannot read IP mode file for STMicroelectronics.X-CUBE-BLEMGR.3.1.0
2024-06-13 23:26:01,852 [INFO] LogOutputStream:77 - [STDOUT_REDIRECT] 1 : Invalid condition id : UX_CORESTACK_Condition cause : null
2024-06-13 23:26:01,853 [INFO] LogOutputStream:77 - [STDOUT_REDIRECT] 1 : Invalid condition id : UX_CORESTACK_Condition cause : null
2024-06-13 23:26:01,854 [INFO] LogOutputStream:77 - [STDOUT_REDIRECT] 1 : Invalid condition id : UX_CORESTACK_Condition cause : null
2024-06-13 23:26:01,855 [INFO] LogOutputStream:77 - [STDOUT_REDIRECT] 1 : Invalid condition id : UX_CORESTACK_Condition cause : null
2024-06-13 23:26:01,856 [INFO] LogOutputStream:77 - [STDOUT_REDIRECT] 1 : Invalid condition id : UX_CORESTACK_Condition cause : null
2024-06-13 23:26:01,861 [WARN] PackLoader:240 - Cannot read IP mode file for STMicroelectronics.X-CUBE-AZRTOS-WL.2.0.0
2024-06-13 23:26:01,880 [WARN] PackLoader:240 - Cannot read IP mode file for STMicroelectronics.FP-SNS-MOTENV1.5.0.0
2024-06-13 23:26:01,901 [WARN] PackLoader:240 - Cannot read IP mode file for WES.I-CUBE-Cesium.1.3.0
2024-06-13 23:26:01,917 [WARN] PackLoader:240 - Cannot read IP mode file for STMicroelectronics.X-CUBE-BLE2.3.3.0
2024-06-13 23:26:01,932 [WARN] PackLoader:240 - Cannot read IP mode file for STMicroelectronics.X-CUBE-TCPP.4.1.0
2024-06-13 23:26:01,952 [WARN] PackLoader:240 - Cannot read IP mode file for STMicroelectronics.X-CUBE-ALGOBUILD.1.3.0
2024-06-13 23:26:01,980 [WARN] PackLoader:240 - Cannot read IP mode file for STMicroelectronics.X-CUBE-AZRTOS-G0.1.1.0
2024-06-13 23:26:01,997 [WARN] PackLoader:240 - Cannot read IP mode file for STMicroelectronics.X-CUBE-SAFEA1.1.2.2
2024-06-13 23:26:02,013 [WARN] PackLoader:240 - Cannot read IP mode file for STMicroelectronics.X-CUBE-NFC4.3.0.0
2024-06-13 23:26:02,028 [WARN] PackLoader:240 - Cannot read IP mode file for wolfSSL.I-CUBE-wolfMQTT.1.18.0
2024-06-13 23:26:02,049 [WARN] PackLoader:240 - Cannot read IP mode file for STMicroelectronics.X-CUBE-BLEMGR.3.0.0
2024-06-13 23:26:02,067 [WARN] PackLoader:240 - Cannot read IP mode file for STMicroelectronics.FP-ATR-SIGFOX1.3.2.0
2024-06-13 23:26:02,088 [WARN] PackLoader:240 - Cannot read IP mode file for STMicroelectronics.X-CUBE-EEPRMA1.5.1.0
2024-06-13 23:26:02,138 [WARN] PackLoader:240 - Cannot read IP mode file for SEGGER.I-CUBE-embOS.1.3.1
2024-06-13 23:26:02,196 [WARN] PackLoader:240 - Cannot read IP mode file for STMicroelectronics.X-CUBE-ALGOBUILD.1.4.0
2024-06-13 23:26:02,217 [WARN] PackLoader:240 - Cannot read IP mode file for STMicroelectronics.X-CUBE-GNSS1.6.0.0
2024-06-13 23:26:02,261 [WARN] PackLoader:240 - Cannot read IP mode file for STMicroelectronics.X-CUBE-AZRTOS-F4.1.1.0
2024-06-13 23:26:02,283 [WARN] PackLoader:240 - Cannot read IP mode file for STMicroelectronics.X-CUBE-FREERTOS.1.2.0
2024-06-13 23:26:02,330 [WARN] PackLoader:240 - Cannot read IP mode file for STMicroelectronics.X-CUBE-AZRTOS-L5.2.0.0
2024-06-13 23:26:02,401 [WARN] PackLoader:240 - Cannot read IP mode file for STMicroelectronics.X-CUBE-MEMS1.9.6.0
2024-06-13 23:26:02,555 [WARN] PackLoader:240 - Cannot read IP mode file for STMicroelectronics.X-CUBE-EEPRMA1.4.2.0
2024-06-13 23:26:02,579 [WARN] PackLoader:240 - Cannot read IP mode file for STMicroelectronics.X-CUBE-NFC6.3.1.0
2024-06-13 23:26:02,599 [WARN] PackLoader:240 - Cannot read IP mode file for STMicroelectronics.X-CUBE-BLEMGR.2.0.0
2024-06-13 23:26:02,615 [WARN] PackLoader:240 - Cannot read IP mode file for STMicroelectronics.X-CUBE-AI.9.0.0
2024-06-13 23:26:02,655 [WARN] ConditionMgr:438 - getConditionDescription Invalid condition id : UX DEVICE CLASS RTOS Condition cause : null
2024-06-13 23:26:02,656 [WARN] ConditionMgr:438 - getConditionDescription Invalid condition id : UX DEVICE CLASS RTOS Condition cause : null
2024-06-13 23:26:02,665 [WARN] PackLoader:240 - Cannot read IP mode file for STMicroelectronics.X-CUBE-AZRTOS-H7.3.1.0
2024-06-13 23:26:02,666 [WARN] ConditionMgr:1039 - genDependencies : Invalid condition id : UX DEVICE CLASS RTOS Condition cause : null
2024-06-13 23:26:02,667 [WARN] ConditionMgr:1039 - genDependencies : Invalid condition id : UX DEVICE CLASS RTOS Condition cause : null
2024-06-13 23:26:02,667 [WARN] ConditionMgr:1039 - genDependencies : Invalid condition id : UX DEVICE CLASS RTOS Condition cause : null
2024-06-13 23:26:02,668 [WARN] ConditionMgr:1039 - genDependencies : Invalid condition id : UX DEVICE CLASS RTOS Condition cause : null
2024-06-13 23:26:02,668 [WARN] ConditionMgr:1039 - genDependencies : Invalid condition id : UX DEVICE CLASS RTOS Condition cause : null
2024-06-13 23:26:02,689 [WARN] PackLoader:240 - Cannot read IP mode file for STMicroelectronics.X-CUBE-NFC7.1.0.1
2024-06-13 23:26:02,712 [WARN] PackLoader:240 - Cannot read IP mode file for STMicroelectronics.X-CUBE-NFC6.3.0.0
2024-06-13 23:26:02,736 [WARN] PackLoader:240 - Cannot read IP mode file for STMicroelectronics.X-CUBE-EEPRMA1.4.1.0
2024-06-13 23:26:02,759 [WARN] PackLoader:240 - Cannot read IP mode file for STMicroelectronics.X-CUBE-AI.8.1.0
2024-06-13 23:26:02,799 [WARN] ConditionMgr:438 - getConditionDescription Invalid condition id : LAN8742 Phy interface Condition cause : null
2024-06-13 23:26:02,800 [WARN] PackLoader:240 - Cannot read IP mode file for STMicroelectronics.X-CUBE-AZRTOS-L4.2.0.0
2024-06-13 23:26:02,802 [WARN] ConditionMgr:1039 - genDependencies : Invalid condition id : LAN8742 Phy interface Condition cause : null
2024-06-13 23:26:02,802 [WARN] ConditionMgr:1039 - genDependencies : Invalid condition id : LAN8742 Phy interface Condition cause : null
2024-06-13 23:26:02,803 [WARN] ConditionMgr:1039 - genDependencies : Invalid condition id : LAN8742 Phy interface Condition cause : null
2024-06-13 23:26:02,826 [WARN] PackLoader:240 - Cannot read IP mode file for STMicroelectronics.X-CUBE-SFXS2LP1.4.0.0
2024-06-13 23:26:02,842 [WARN] PackLoader:240 - Cannot read IP mode file for STMicroelectronics.X-CUBE-ISPU.1.1.0
2024-06-13 23:26:02,871 [WARN] ConditionMgr:438 - getConditionDescription Invalid condition id : UX DEVICE CLASS RTOS Condition cause : null
2024-06-13 23:26:02,872 [WARN] ConditionMgr:438 - getConditionDescription Invalid condition id : UX DEVICE CLASS RTOS Condition cause : null
2024-06-13 23:26:02,875 [WARN] PackLoader:240 - Cannot read IP mode file for STMicroelectronics.X-CUBE-AZRTOS-WB.2.0.0
2024-06-13 23:26:02,876 [WARN] ConditionMgr:1039 - genDependencies : Invalid condition id : UX DEVICE CLASS RTOS Condition cause : null
2024-06-13 23:26:02,876 [WARN] ConditionMgr:1039 - genDependencies : Invalid condition id : UX DEVICE CLASS RTOS Condition cause : null
2024-06-13 23:26:02,876 [WARN] ConditionMgr:1039 - genDependencies : Invalid condition id : UX DEVICE CLASS RTOS Condition cause : null
2024-06-13 23:26:02,876 [WARN] ConditionMgr:1039 - genDependencies : Invalid condition id : UX DEVICE CLASS RTOS Condition cause : null
2024-06-13 23:26:02,877 [WARN] ConditionMgr:1039 - genDependencies : Invalid condition id : UX DEVICE CLASS RTOS Condition cause : null
2024-06-13 23:26:02,896 [WARN] PackLoader:240 - Cannot read IP mode file for STMicroelectronics.X-CUBE-FREERTOS.1.0.1
2024-06-13 23:26:02,925 [WARN] PackLoader:240 - Cannot read IP mode file for STMicroelectronics.X-CUBE-AZRTOS-L5.1.1.0
2024-06-13 23:26:02,942 [WARN] PackLoader:240 - Cannot read IP mode file for STMicroelectronics.X-CUBE-AI.8.0.1
2024-06-13 23:26:02,962 [WARN] PackLoader:240 - Cannot read IP mode file for STMicroelectronics.X-CUBE-SUBG2.5.0.0
2024-06-13 23:26:02,994 [WARN] PackLoader:240 - Cannot read IP mode file for STMicroelectronics.X-CUBE-TOF1.3.3.1
2024-06-13 23:26:03,032 [WARN] PackLoader:240 - Cannot read IP mode file for STMicroelectronics.X-CUBE-AZRTOS-G4.2.0.0
2024-06-13 23:26:03,061 [WARN] PackLoader:240 - Cannot read IP mode file for Infineon.AIROC-Wi-Fi-Bluetooth-STM32.1.5.1
2024-06-13 23:26:03,079 [WARN] PackLoader:240 - Cannot read IP mode file for STMicroelectronics.FP-SNS-MOTENVWB1.1.3.1
2024-06-13 23:26:03,096 [WARN] PackLoader:240 - Cannot read IP mode file for STMicroelectronics.X-CUBE-ALS.1.0.2
2024-06-13 23:26:03,110 [WARN] PackLoader:240 - Cannot read IP mode file for STMicroelectronics.X-CUBE-FREERTOS.1.1.0
2024-06-13 23:26:03,130 [WARN] PackLoader:240 - Cannot read IP mode file for portGmbH.I-Cube-SoM-uGOAL.1.1.0
2024-06-13 23:26:03,145 [WARN] PackLoader:240 - Cannot read IP mode file for STMicroelectronics.X-CUBE-ALS.1.0.1
2024-06-13 23:26:03,176 [WARN] PackLoader:240 - Cannot read IP mode file for STMicroelectronics.X-CUBE-AZRTOS-WB.1.1.0
2024-06-13 23:26:03,211 [WARN] PackLoader:240 - Cannot read IP mode file for STMicroelectronics.X-CUBE-AZRTOS-H7RS.1.0.0
2024-06-13 23:26:03,228 [WARN] PackLoader:240 - Cannot read IP mode file for STMicroelectronics.FP-ATR-ASTRA1.2.0.0
2024-06-13 23:26:03,246 [WARN] PackLoader:240 - Cannot read IP mode file for STMicroelectronics.X-CUBE-TOF1.3.4.0
2024-06-13 23:26:03,276 [WARN] PackLoader:240 - Cannot read IP mode file for STMicroelectronics.X-CUBE-TOF1.3.4.1
2024-06-13 23:26:03,283 [INFO] ThirdParty:978 - Integrity check success = true
2024-06-13 23:26:03,283 [INFO] IntegrityCheckThread:100 - exiting critical section [integrity check]
2024-06-13 23:26:03,283 [INFO] IntegrityCheckThread:103 - End integrity checks thread
2024-06-13 23:26:04,650 [INFO] WebApp:161 - Instantiating new browser for Auth
2024-06-13 23:26:05,372 [INFO] WebApp:780 - Register for checkConnection events
2024-06-13 23:26:05,373 [INFO] WebApp:414 - Apply proxy settings
2024-06-13 23:26:05,373 [INFO] WebApp:499 - Chromium requires no authentication
2024-06-13 23:26:05,382 [INFO] WebApp:442 - Direct internet connection detected
2024-06-13 23:26:05,549 [INFO] WebApp:192 - Starting web application
2024-06-13 23:26:05,550 [INFO] WebApp:544 - Web application path used C:\ST\STM32CubeIDE_1.14.1\STM32CubeIDE\plugins\com.st.stm32cube.common.mx_6.10.0.202311202037\db\plugins\mcufinder\reactClient1\index.html
2024-06-13 23:26:26,686 [ERROR] LogOutputStream:75 - [STDERR_REDIRECT] SLF4J: Failed to load class "org.slf4j.impl.StaticLoggerBinder".
2024-06-13 23:26:26,688 [ERROR] LogOutputStream:75 - [STDERR_REDIRECT] SLF4J: Defaulting to no-operation (NOP) logger implementation
2024-06-13 23:26:26,691 [ERROR] LogOutputStream:75 - [STDERR_REDIRECT] SLF4J: See http://www.slf4j.org/codes.html#StaticLoggerBinder for further details.
